2026-04-02 17:01:03 [INFO   ]  Log ouvert : /home/bebl/Desktop/Clean-and-Protech/V4/logs/run_20260402_170103.log
2026-04-02 17:01:04 [INFO   ]  ============================================
2026-04-02 17:01:04 [INFO   ]    CLEAN & PROTECH — SERENA — démarrage
2026-04-02 17:01:04 [INFO   ]  ============================================
2026-04-02 17:01:06 [INFO   ]  Homing — démarrage
2026-04-02 17:01:06 [INFO   ]  Homing VIC — fermeture 114 pas @ 20.0 sps
2026-04-02 17:01:12 [INFO   ]  Homing VIC — OK (5.7s)
2026-04-02 17:01:12 [INFO   ]  Homing — fermeture initiale 4715 pas (+14%)
2026-04-02 17:01:12 [INFO   ]    [1/8] RETOUR → fermeture
2026-04-02 17:01:17 [INFO   ]    [1/8] RETOUR — OK (5.3s)
2026-04-02 17:01:17 [INFO   ]    [2/8] POT_A_BOUE → fermeture
2026-04-02 17:01:22 [INFO   ]    [2/8] POT_A_BOUE — OK (5.3s)
2026-04-02 17:01:22 [INFO   ]    [4/8] CUVE_TRAVAIL → fermeture
2026-04-02 17:01:27 [INFO   ]    [4/8] CUVE_TRAVAIL — OK (5.3s)
2026-04-02 17:01:27 [INFO   ]    [5/8] EGOUTS → fermeture
2026-04-02 17:01:33 [INFO   ]    [5/8] EGOUTS — OK (5.3s)
2026-04-02 17:01:33 [INFO   ]    [6/8] DEPART → fermeture
2026-04-02 17:01:38 [INFO   ]    [6/8] DEPART — OK (5.3s)
2026-04-02 17:01:38 [INFO   ]    [7/8] EAU_PROPRE → fermeture
2026-04-02 17:01:43 [INFO   ]    [7/8] EAU_PROPRE — OK (5.3s)
2026-04-02 17:01:43 [INFO   ]    [8/8] POMPE → fermeture
2026-04-02 17:01:48 [INFO   ]    [8/8] POMPE — OK (5.3s)
2026-04-02 17:01:48 [INFO   ]  Homing — ouverture initiale
2026-04-02 17:01:48 [INFO   ]    [1/8] RETOUR → ouverture
2026-04-02 17:01:55 [INFO   ]    [1/8] RETOUR — OK (6.1s)
2026-04-02 17:01:55 [INFO   ]    [2/8] POT_A_BOUE → ouverture
2026-04-02 17:02:01 [INFO   ]    [2/8] POT_A_BOUE — OK (6.1s)
2026-04-02 17:02:01 [INFO   ]    [4/8] CUVE_TRAVAIL → ouverture
2026-04-02 17:02:07 [INFO   ]    [4/8] CUVE_TRAVAIL — OK (6.1s)
2026-04-02 17:02:07 [INFO   ]    [5/8] EGOUTS → ouverture
2026-04-02 17:02:13 [INFO   ]    [5/8] EGOUTS — OK (6.2s)
2026-04-02 17:02:13 [INFO   ]    [6/8] DEPART → ouverture
2026-04-02 17:02:19 [INFO   ]    [6/8] DEPART — OK (6.1s)
2026-04-02 17:02:19 [INFO   ]    [7/8] EAU_PROPRE → ouverture
2026-04-02 17:02:25 [INFO   ]    [7/8] EAU_PROPRE — OK (6.1s)
2026-04-02 17:02:25 [INFO   ]    [8/8] POMPE → ouverture
2026-04-02 17:02:31 [INFO   ]    [8/8] POMPE — OK (6.1s)
2026-04-02 17:02:31 [INFO   ]  Homing — rodage cycle 1/3 — fermeture
2026-04-02 17:02:31 [INFO   ]    [1/8] RETOUR → fermeture
2026-04-02 17:02:36 [INFO   ]    [1/8] RETOUR — OK (4.7s)
2026-04-02 17:02:36 [INFO   ]    [2/8] POT_A_BOUE → fermeture
2026-04-02 17:02:41 [INFO   ]    [2/8] POT_A_BOUE — OK (4.7s)
2026-04-02 17:02:41 [INFO   ]    [4/8] CUVE_TRAVAIL → fermeture
2026-04-02 17:02:45 [INFO   ]    [4/8] CUVE_TRAVAIL — OK (4.7s)
2026-04-02 17:02:45 [INFO   ]    [5/8] EGOUTS → fermeture
2026-04-02 17:02:50 [INFO   ]    [5/8] EGOUTS — OK (4.7s)
2026-04-02 17:02:50 [INFO   ]    [6/8] DEPART → fermeture
2026-04-02 17:02:55 [INFO   ]    [6/8] DEPART — OK (4.7s)
2026-04-02 17:02:55 [INFO   ]    [7/8] EAU_PROPRE → fermeture
2026-04-02 17:02:59 [INFO   ]    [7/8] EAU_PROPRE — OK (4.6s)
2026-04-02 17:02:59 [INFO   ]    [8/8] POMPE → fermeture
2026-04-02 17:03:04 [INFO   ]    [8/8] POMPE — OK (4.6s)
2026-04-02 17:03:04 [INFO   ]  Homing — rodage cycle 1/3 — ouverture
2026-04-02 17:03:04 [INFO   ]    [1/8] RETOUR → ouverture
2026-04-02 17:03:10 [INFO   ]    [1/8] RETOUR — OK (6.1s)
2026-04-02 17:03:10 [INFO   ]    [2/8] POT_A_BOUE → ouverture
2026-04-02 17:03:16 [INFO   ]    [2/8] POT_A_BOUE — OK (6.1s)
2026-04-02 17:03:16 [INFO   ]    [4/8] CUVE_TRAVAIL → ouverture
2026-04-02 17:03:22 [INFO   ]    [4/8] CUVE_TRAVAIL — OK (6.1s)
2026-04-02 17:03:22 [INFO   ]    [5/8] EGOUTS → ouverture
2026-04-02 17:03:28 [INFO   ]    [5/8] EGOUTS — OK (6.1s)
2026-04-02 17:03:28 [INFO   ]    [6/8] DEPART → ouverture
2026-04-02 17:03:35 [INFO   ]    [6/8] DEPART — OK (6.1s)
2026-04-02 17:03:35 [INFO   ]    [7/8] EAU_PROPRE → ouverture
2026-04-02 17:03:41 [INFO   ]    [7/8] EAU_PROPRE — OK (6.1s)
2026-04-02 17:03:41 [INFO   ]    [8/8] POMPE → ouverture
2026-04-02 17:03:47 [INFO   ]    [8/8] POMPE — OK (6.1s)
2026-04-02 17:03:47 [INFO   ]  Homing — rodage cycle 2/3 — fermeture
2026-04-02 17:03:47 [INFO   ]    [1/8] RETOUR → fermeture
2026-04-02 17:03:51 [INFO   ]    [1/8] RETOUR — OK (4.7s)
2026-04-02 17:03:51 [INFO   ]    [2/8] POT_A_BOUE → fermeture
2026-04-02 17:03:56 [INFO   ]    [2/8] POT_A_BOUE — OK (4.7s)
2026-04-02 17:03:56 [INFO   ]    [4/8] CUVE_TRAVAIL → fermeture
2026-04-02 17:04:01 [INFO   ]    [4/8] CUVE_TRAVAIL — OK (4.7s)
2026-04-02 17:04:01 [INFO   ]    [5/8] EGOUTS → fermeture
2026-04-02 17:04:05 [INFO   ]    [5/8] EGOUTS — OK (4.7s)
2026-04-02 17:04:05 [INFO   ]    [6/8] DEPART → fermeture
2026-04-02 17:04:10 [INFO   ]    [6/8] DEPART — OK (4.6s)
2026-04-02 17:04:10 [INFO   ]    [7/8] EAU_PROPRE → fermeture
2026-04-02 17:04:15 [INFO   ]    [7/8] EAU_PROPRE — OK (4.7s)
2026-04-02 17:04:15 [INFO   ]    [8/8] POMPE → fermeture
2026-04-02 17:04:19 [INFO   ]    [8/8] POMPE — OK (4.7s)
2026-04-02 17:04:19 [INFO   ]  Homing — rodage cycle 2/3 — ouverture
2026-04-02 17:04:19 [INFO   ]    [1/8] RETOUR → ouverture
2026-04-02 17:04:26 [INFO   ]    [1/8] RETOUR — OK (6.1s)
2026-04-02 17:04:26 [INFO   ]    [2/8] POT_A_BOUE → ouverture
2026-04-02 17:04:32 [INFO   ]    [2/8] POT_A_BOUE — OK (6.1s)
2026-04-02 17:04:32 [INFO   ]    [4/8] CUVE_TRAVAIL → ouverture
2026-04-02 17:04:38 [INFO   ]    [4/8] CUVE_TRAVAIL — OK (6.1s)
2026-04-02 17:04:38 [INFO   ]    [5/8] EGOUTS → ouverture
2026-04-02 17:04:44 [INFO   ]    [5/8] EGOUTS — OK (6.1s)
2026-04-02 17:04:44 [INFO   ]    [6/8] DEPART → ouverture
2026-04-02 17:04:50 [INFO   ]    [6/8] DEPART — OK (6.1s)
2026-04-02 17:04:50 [INFO   ]    [7/8] EAU_PROPRE → ouverture
2026-04-02 17:04:56 [INFO   ]    [7/8] EAU_PROPRE — OK (6.1s)
2026-04-02 17:04:56 [INFO   ]    [8/8] POMPE → ouverture
2026-04-02 17:05:02 [INFO   ]    [8/8] POMPE — OK (6.1s)
2026-04-02 17:05:02 [INFO   ]  Homing — rodage cycle 3/3 — fermeture
2026-04-02 17:05:02 [INFO   ]    [1/8] RETOUR → fermeture
2026-04-02 17:05:07 [INFO   ]    [1/8] RETOUR — OK (4.6s)
2026-04-02 17:05:07 [INFO   ]    [2/8] POT_A_BOUE → fermeture
2026-04-02 17:05:12 [INFO   ]    [2/8] POT_A_BOUE — OK (4.6s)
2026-04-02 17:05:12 [INFO   ]    [4/8] CUVE_TRAVAIL → fermeture
2026-04-02 17:05:16 [INFO   ]    [4/8] CUVE_TRAVAIL — OK (4.6s)
2026-04-02 17:05:16 [INFO   ]    [5/8] EGOUTS → fermeture
2026-04-02 17:05:21 [INFO   ]    [5/8] EGOUTS — OK (4.7s)
2026-04-02 17:05:21 [INFO   ]    [6/8] DEPART → fermeture
2026-04-02 17:05:26 [INFO   ]    [6/8] DEPART — OK (4.7s)
2026-04-02 17:05:26 [INFO   ]    [7/8] EAU_PROPRE → fermeture
2026-04-02 17:05:30 [INFO   ]    [7/8] EAU_PROPRE — OK (4.7s)
2026-04-02 17:05:30 [INFO   ]    [8/8] POMPE → fermeture
2026-04-02 17:05:35 [INFO   ]    [8/8] POMPE — OK (4.7s)
2026-04-02 17:05:35 [INFO   ]  Homing — rodage cycle 3/3 — ouverture
2026-04-02 17:05:35 [INFO   ]    [1/8] RETOUR → ouverture
2026-04-02 17:05:41 [INFO   ]    [1/8] RETOUR — OK (6.1s)
2026-04-02 17:05:41 [INFO   ]    [2/8] POT_A_BOUE → ouverture
2026-04-02 17:05:47 [INFO   ]    [2/8] POT_A_BOUE — OK (6.1s)
2026-04-02 17:05:47 [INFO   ]    [4/8] CUVE_TRAVAIL → ouverture
2026-04-02 17:05:53 [INFO   ]    [4/8] CUVE_TRAVAIL — OK (6.1s)
2026-04-02 17:05:53 [INFO   ]    [5/8] EGOUTS → ouverture
2026-04-02 17:05:59 [INFO   ]    [5/8] EGOUTS — OK (6.1s)
2026-04-02 17:05:59 [INFO   ]    [6/8] DEPART → ouverture
2026-04-02 17:06:06 [INFO   ]    [6/8] DEPART — OK (6.1s)
2026-04-02 17:06:06 [INFO   ]    [7/8] EAU_PROPRE → ouverture
2026-04-02 17:06:12 [INFO   ]    [7/8] EAU_PROPRE — OK (6.1s)
2026-04-02 17:06:12 [INFO   ]    [8/8] POMPE → ouverture
2026-04-02 17:06:18 [INFO   ]    [8/8] POMPE — OK (6.1s)
2026-04-02 17:06:18 [INFO   ]  Homing — terminé en 311.9s
2026-04-02 17:06:23 [INFO   ]  Machine prête — état IDLE
2026-04-02 17:06:27 [INFO   ]  PRG5 sélectionné — DESEMBOUAGE
2026-04-02 17:06:27 [INFO   ]  PRG5 — mise en place vannes + démarrage
2026-04-02 17:06:27 [INFO   ]  PRG5 — démarrage
2026-04-02 17:06:31 [INFO   ]  Vanne EGOUTS → fermée
2026-04-02 17:06:36 [INFO   ]  Vanne EAU_PROPRE → fermée
2026-04-02 17:06:36 [INFO   ]  PRG5 — RUNNING
