2026-04-03 09:56:26 [INFO   ]  Log ouvert : /home/bebl/Desktop/Clean-and-Protech/V4/logs/run_20260403_095626.log
2026-04-03 09:56:26 [INFO   ]  ============================================
2026-04-03 09:56:26 [INFO   ]    CLEAN & PROTECH — SERENA — démarrage
2026-04-03 09:56:26 [INFO   ]  ============================================
2026-04-03 09:56:28 [INFO   ]  Homing — démarrage
2026-04-03 09:56:28 [INFO   ]  Homing VIC — fermeture 110 pas @ 20.0 sps
2026-04-03 09:56:34 [INFO   ]  Homing VIC — OK (5.5s)
2026-04-03 09:56:34 [INFO   ]  Homing — fermeture initiale 4400 pas (+10%)
2026-04-03 09:56:34 [INFO   ]    [1/8] RETOUR → fermeture
2026-04-03 09:56:38 [INFO   ]    [1/8] RETOUR — OK (4.1s)
2026-04-03 09:56:38 [INFO   ]    [2/8] POT_A_BOUE → fermeture
2026-04-03 09:56:42 [INFO   ]    [2/8] POT_A_BOUE — OK (4.1s)
2026-04-03 09:56:42 [INFO   ]    [4/8] CUVE_TRAVAIL → fermeture
2026-04-03 09:56:46 [INFO   ]    [4/8] CUVE_TRAVAIL — OK (4.1s)
2026-04-03 09:56:46 [INFO   ]    [5/8] EGOUTS → fermeture
2026-04-03 09:56:50 [INFO   ]    [5/8] EGOUTS — OK (4.1s)
2026-04-03 09:56:50 [INFO   ]    [6/8] DEPART → fermeture
2026-04-03 09:56:54 [INFO   ]    [6/8] DEPART — OK (4.1s)
2026-04-03 09:56:54 [INFO   ]    [7/8] EAU_PROPRE → fermeture
2026-04-03 09:56:59 [INFO   ]    [7/8] EAU_PROPRE — OK (4.1s)
2026-04-03 09:56:59 [INFO   ]    [8/8] POMPE → fermeture
2026-04-03 09:57:03 [INFO   ]    [8/8] POMPE — OK (4.1s)
2026-04-03 09:57:03 [INFO   ]  Homing — ouverture initiale
2026-04-03 09:57:03 [INFO   ]    [1/8] RETOUR → ouverture
2026-04-03 09:57:10 [INFO   ]    [1/8] RETOUR — OK (7.3s)
2026-04-03 09:57:10 [INFO   ]    [2/8] POT_A_BOUE → ouverture
2026-04-03 09:57:17 [INFO   ]    [2/8] POT_A_BOUE — OK (7.3s)
2026-04-03 09:57:17 [INFO   ]    [4/8] CUVE_TRAVAIL → ouverture
2026-04-03 09:57:25 [INFO   ]    [4/8] CUVE_TRAVAIL — OK (7.3s)
2026-04-03 09:57:25 [INFO   ]    [5/8] EGOUTS → ouverture
2026-04-03 09:57:32 [INFO   ]    [5/8] EGOUTS — OK (7.3s)
2026-04-03 09:57:32 [INFO   ]    [6/8] DEPART → ouverture
2026-04-03 09:57:39 [INFO   ]    [6/8] DEPART — OK (7.3s)
2026-04-03 09:57:39 [INFO   ]    [7/8] EAU_PROPRE → ouverture
2026-04-03 09:57:47 [INFO   ]    [7/8] EAU_PROPRE — OK (7.3s)
2026-04-03 09:57:47 [INFO   ]    [8/8] POMPE → ouverture
2026-04-03 09:57:54 [INFO   ]    [8/8] POMPE — OK (7.3s)
2026-04-03 09:57:54 [INFO   ]  Homing — rodage cycle 1/3 — fermeture
2026-04-03 09:57:54 [INFO   ]    [1/8] RETOUR → fermeture
2026-04-03 09:57:58 [INFO   ]    [1/8] RETOUR — OK (3.8s)
2026-04-03 09:57:58 [INFO   ]    [2/8] POT_A_BOUE → fermeture
2026-04-03 09:58:02 [INFO   ]    [2/8] POT_A_BOUE — OK (3.8s)
2026-04-03 09:58:02 [INFO   ]    [4/8] CUVE_TRAVAIL → fermeture
2026-04-03 09:58:05 [INFO   ]    [4/8] CUVE_TRAVAIL — OK (3.8s)
2026-04-03 09:58:05 [INFO   ]    [5/8] EGOUTS → fermeture
2026-04-03 09:58:09 [INFO   ]    [5/8] EGOUTS — OK (3.8s)
2026-04-03 09:58:09 [INFO   ]    [6/8] DEPART → fermeture
2026-04-03 09:58:13 [INFO   ]    [6/8] DEPART — OK (3.8s)
2026-04-03 09:58:13 [INFO   ]    [7/8] EAU_PROPRE → fermeture
2026-04-03 09:58:17 [INFO   ]    [7/8] EAU_PROPRE — OK (3.8s)
2026-04-03 09:58:17 [INFO   ]    [8/8] POMPE → fermeture
2026-04-03 09:58:21 [INFO   ]    [8/8] POMPE — OK (3.8s)
2026-04-03 09:58:21 [INFO   ]  Homing — rodage cycle 1/3 — ouverture
2026-04-03 09:58:21 [INFO   ]    [1/8] RETOUR → ouverture
2026-04-03 09:58:28 [INFO   ]    [1/8] RETOUR — OK (7.3s)
2026-04-03 09:58:28 [INFO   ]    [2/8] POT_A_BOUE → ouverture
2026-04-03 09:58:35 [INFO   ]    [2/8] POT_A_BOUE — OK (7.3s)
2026-04-03 09:58:35 [INFO   ]    [4/8] CUVE_TRAVAIL → ouverture
2026-04-03 09:58:43 [INFO   ]    [4/8] CUVE_TRAVAIL — OK (7.3s)
2026-04-03 09:58:43 [INFO   ]    [5/8] EGOUTS → ouverture
2026-04-03 09:58:50 [INFO   ]    [5/8] EGOUTS — OK (7.3s)
2026-04-03 09:58:50 [INFO   ]    [6/8] DEPART → ouverture
2026-04-03 09:58:57 [INFO   ]    [6/8] DEPART — OK (7.3s)
2026-04-03 09:58:57 [INFO   ]    [7/8] EAU_PROPRE → ouverture
2026-04-03 09:59:05 [INFO   ]    [7/8] EAU_PROPRE — OK (7.3s)
2026-04-03 09:59:05 [INFO   ]    [8/8] POMPE → ouverture
2026-04-03 09:59:12 [INFO   ]    [8/8] POMPE — OK (7.3s)
2026-04-03 09:59:12 [INFO   ]  Homing — rodage cycle 2/3 — fermeture
2026-04-03 09:59:12 [INFO   ]    [1/8] RETOUR → fermeture
2026-04-03 09:59:16 [INFO   ]    [1/8] RETOUR — OK (3.8s)
2026-04-03 09:59:16 [INFO   ]    [2/8] POT_A_BOUE → fermeture
2026-04-03 09:59:20 [INFO   ]    [2/8] POT_A_BOUE — OK (3.8s)
2026-04-03 09:59:20 [INFO   ]    [4/8] CUVE_TRAVAIL → fermeture
2026-04-03 09:59:23 [INFO   ]    [4/8] CUVE_TRAVAIL — OK (3.8s)
2026-04-03 09:59:23 [INFO   ]    [5/8] EGOUTS → fermeture
2026-04-03 09:59:27 [INFO   ]    [5/8] EGOUTS — OK (3.8s)
2026-04-03 09:59:27 [INFO   ]    [6/8] DEPART → fermeture
2026-04-03 09:59:31 [INFO   ]    [6/8] DEPART — OK (3.8s)
2026-04-03 09:59:31 [INFO   ]    [7/8] EAU_PROPRE → fermeture
2026-04-03 09:59:35 [INFO   ]    [7/8] EAU_PROPRE — OK (3.8s)
2026-04-03 09:59:35 [INFO   ]    [8/8] POMPE → fermeture
2026-04-03 09:59:39 [INFO   ]    [8/8] POMPE — OK (3.8s)
2026-04-03 09:59:39 [INFO   ]  Homing — rodage cycle 2/3 — ouverture
2026-04-03 09:59:39 [INFO   ]    [1/8] RETOUR → ouverture
2026-04-03 09:59:46 [INFO   ]    [1/8] RETOUR — OK (7.3s)
2026-04-03 09:59:46 [INFO   ]    [2/8] POT_A_BOUE → ouverture
2026-04-03 09:59:53 [INFO   ]    [2/8] POT_A_BOUE — OK (7.3s)
2026-04-03 09:59:53 [INFO   ]    [4/8] CUVE_TRAVAIL → ouverture
2026-04-03 10:00:01 [INFO   ]    [4/8] CUVE_TRAVAIL — OK (7.3s)
2026-04-03 10:00:01 [INFO   ]    [5/8] EGOUTS → ouverture
2026-04-03 10:00:08 [INFO   ]    [5/8] EGOUTS — OK (7.3s)
2026-04-03 10:00:08 [INFO   ]    [6/8] DEPART → ouverture
2026-04-03 10:00:15 [INFO   ]    [6/8] DEPART — OK (7.3s)
2026-04-03 10:00:15 [INFO   ]    [7/8] EAU_PROPRE → ouverture
2026-04-03 10:00:23 [INFO   ]    [7/8] EAU_PROPRE — OK (7.3s)
2026-04-03 10:00:23 [INFO   ]    [8/8] POMPE → ouverture
2026-04-03 10:00:30 [INFO   ]    [8/8] POMPE — OK (7.3s)
2026-04-03 10:00:30 [INFO   ]  Homing — rodage cycle 3/3 — fermeture
2026-04-03 10:00:30 [INFO   ]    [1/8] RETOUR → fermeture
2026-04-03 10:00:34 [INFO   ]    [1/8] RETOUR — OK (3.8s)
2026-04-03 10:00:34 [INFO   ]    [2/8] POT_A_BOUE → fermeture
2026-04-03 10:00:38 [INFO   ]    [2/8] POT_A_BOUE — OK (3.8s)
2026-04-03 10:00:38 [INFO   ]    [4/8] CUVE_TRAVAIL → fermeture
2026-04-03 10:00:42 [INFO   ]    [4/8] CUVE_TRAVAIL — OK (3.8s)
2026-04-03 10:00:42 [INFO   ]    [5/8] EGOUTS → fermeture
2026-04-03 10:00:45 [INFO   ]    [5/8] EGOUTS — OK (3.8s)
2026-04-03 10:00:45 [INFO   ]    [6/8] DEPART → fermeture
2026-04-03 10:00:49 [INFO   ]    [6/8] DEPART — OK (3.8s)
2026-04-03 10:00:49 [INFO   ]    [7/8] EAU_PROPRE → fermeture
2026-04-03 10:00:53 [INFO   ]    [7/8] EAU_PROPRE — OK (3.8s)
2026-04-03 10:00:53 [INFO   ]    [8/8] POMPE → fermeture
2026-04-03 10:00:57 [INFO   ]    [8/8] POMPE — OK (3.8s)
2026-04-03 10:00:57 [INFO   ]  Homing — rodage cycle 3/3 — ouverture
2026-04-03 10:00:57 [INFO   ]    [1/8] RETOUR → ouverture
2026-04-03 10:01:04 [INFO   ]    [1/8] RETOUR — OK (7.3s)
2026-04-03 10:01:04 [INFO   ]    [2/8] POT_A_BOUE → ouverture
2026-04-03 10:01:11 [INFO   ]    [2/8] POT_A_BOUE — OK (7.3s)
2026-04-03 10:01:11 [INFO   ]    [4/8] CUVE_TRAVAIL → ouverture
2026-04-03 10:01:19 [INFO   ]    [4/8] CUVE_TRAVAIL — OK (7.3s)
2026-04-03 10:01:19 [INFO   ]    [5/8] EGOUTS → ouverture
2026-04-03 10:01:26 [INFO   ]    [5/8] EGOUTS — OK (7.3s)
2026-04-03 10:01:26 [INFO   ]    [6/8] DEPART → ouverture
2026-04-03 10:01:33 [INFO   ]    [6/8] DEPART — OK (7.3s)
2026-04-03 10:01:33 [INFO   ]    [7/8] EAU_PROPRE → ouverture
2026-04-03 10:01:41 [INFO   ]    [7/8] EAU_PROPRE — OK (7.3s)
2026-04-03 10:01:41 [INFO   ]    [8/8] POMPE → ouverture
2026-04-03 10:01:48 [INFO   ]    [8/8] POMPE — OK (7.3s)
2026-04-03 10:01:48 [INFO   ]  Homing — terminé en 319.7s
2026-04-03 10:01:53 [INFO   ]  Machine prête — état IDLE
2026-04-03 10:02:13 [INFO   ]  PRG2 sélectionné — VIDANGE CUVE
2026-04-03 10:02:14 [INFO   ]  PRG2 — mise en place vannes + démarrage
2026-04-03 10:02:14 [INFO   ]  PRG2 — démarrage
2026-04-03 10:02:17 [INFO   ]  Vanne RETOUR → fermée
2026-04-03 10:02:21 [INFO   ]  Vanne POT_A_BOUE → fermée
2026-04-03 10:02:25 [INFO   ]  Vanne DEPART → fermée
2026-04-03 10:02:29 [INFO   ]  Vanne EAU_PROPRE → fermée
2026-04-03 10:02:31 [INFO   ]  VIC → 50 pas
2026-04-03 10:02:31 [INFO   ]  PRG2 — RUNNING
2026-04-03 10:06:44 [INFO   ]  PRG2 — arrêt demandé
2026-04-03 10:06:45 [INFO   ]  PRG2 — arrêt
2026-04-03 10:06:45 [INFO   ]  PRG2 — arrêté  durée 04:12  volume 393.90 L
2026-04-03 10:08:00 [INFO   ]  PRG4 sélectionné — REMPLISSAGE
2026-04-03 10:08:00 [INFO   ]  PRG4 — mise en place vannes + démarrage
2026-04-03 10:08:00 [INFO   ]  PRG4 — démarrage
2026-04-03 10:08:07 [INFO   ]  Vanne POT_A_BOUE → ouverte
2026-04-03 10:08:11 [INFO   ]  Vanne CUVE_TRAVAIL → fermée
2026-04-03 10:08:15 [INFO   ]  Vanne EGOUTS → fermée
2026-04-03 10:08:22 [INFO   ]  Vanne EAU_PROPRE → ouverte
2026-04-03 10:08:22 [INFO   ]  PRG4 — RUNNING
2026-04-03 10:09:10 [INFO   ]  PRG4 — arrêt demandé
2026-04-03 10:09:10 [INFO   ]  PRG4 — arrêt
2026-04-03 10:09:10 [INFO   ]  PRG4 — arrêté  durée 00:47  volume 128.79 L
2026-04-03 10:12:14 [INFO   ]  PRG5 sélectionné — DESEMBOUAGE
2026-04-03 10:12:15 [INFO   ]  PRG5 — mise en place vannes + démarrage
2026-04-03 10:12:15 [INFO   ]  PRG5 — démarrage
2026-04-03 10:12:22 [INFO   ]  Vanne RETOUR → ouverte
2026-04-03 10:12:29 [INFO   ]  Vanne CUVE_TRAVAIL → ouverte
2026-04-03 10:12:36 [INFO   ]  Vanne DEPART → ouverte
2026-04-03 10:12:40 [INFO   ]  Vanne EAU_PROPRE → fermée
2026-04-03 10:12:40 [INFO   ]  PRG5 — RUNNING
2026-04-03 10:13:34 [INFO   ]  VIC → 30 pas
2026-04-03 10:13:34 [INFO   ]  PRG5 — VIC pos 2 (30 pas)
2026-04-03 10:13:43 [INFO   ]  VIC → 0 pas
2026-04-03 10:13:43 [INFO   ]  PRG5 — VIC pos 1 (0 pas)
2026-04-03 10:14:43 [INFO   ]  PRG5 — AIR mode 1
2026-04-03 10:15:04 [INFO   ]  PRG5 — AIR mode 2
2026-04-03 10:15:14 [INFO   ]  PRG5 — AIR mode 3
2026-04-03 10:15:16 [INFO   ]  PRG5 — AIR mode 2
2026-04-03 10:15:16 [INFO   ]  PRG5 — AIR mode 0
2026-04-03 10:16:27 [INFO   ]  VIC → 30 pas
2026-04-03 10:16:27 [INFO   ]  PRG5 — VIC pos 2 (30 pas)
2026-04-03 10:16:32 [INFO   ]  VIC → 50 pas
2026-04-03 10:16:32 [INFO   ]  PRG5 — VIC pos 3 (50 pas)
2026-04-03 10:16:43 [INFO   ]  VIC → 70 pas
2026-04-03 10:16:43 [INFO   ]  PRG5 — VIC pos 4 (70 pas)
2026-04-03 10:16:49 [INFO   ]  VIC → 100 pas
2026-04-03 10:16:49 [INFO   ]  PRG5 — VIC pos 5 (100 pas)
2026-04-03 10:20:37 [INFO   ]  VIC → 70 pas
2026-04-03 10:20:37 [INFO   ]  PRG5 — VIC pos 4 (70 pas)
2026-04-03 10:20:43 [INFO   ]  VIC → 50 pas
2026-04-03 10:20:43 [INFO   ]  PRG5 — VIC pos 3 (50 pas)
2026-04-03 10:20:50 [INFO   ]  VIC → 30 pas
2026-04-03 10:20:50 [INFO   ]  PRG5 — VIC pos 2 (30 pas)
2026-04-03 10:21:01 [INFO   ]  VIC → 0 pas
2026-04-03 10:21:01 [INFO   ]  PRG5 — VIC pos 1 (0 pas)
2026-04-03 10:23:04 [INFO   ]  VIC → 30 pas
2026-04-03 10:23:04 [INFO   ]  PRG5 — VIC pos 2 (30 pas)
2026-04-03 10:23:11 [INFO   ]  VIC → 50 pas
2026-04-03 10:23:11 [INFO   ]  PRG5 — VIC pos 3 (50 pas)
2026-04-03 10:24:05 [INFO   ]  VIC → 70 pas
2026-04-03 10:24:05 [INFO   ]  PRG5 — VIC pos 4 (70 pas)
2026-04-03 10:24:14 [INFO   ]  VIC → 100 pas
2026-04-03 10:24:14 [INFO   ]  PRG5 — VIC pos 5 (100 pas)
2026-04-03 10:26:26 [INFO   ]  VIC → 70 pas
2026-04-03 10:26:26 [INFO   ]  PRG5 — VIC pos 4 (70 pas)
2026-04-03 10:26:36 [INFO   ]  VIC → 50 pas
2026-04-03 10:26:36 [INFO   ]  PRG5 — VIC pos 3 (50 pas)
2026-04-03 10:27:43 [INFO   ]  VIC → 30 pas
2026-04-03 10:27:43 [INFO   ]  PRG5 — VIC pos 2 (30 pas)
2026-04-03 10:27:52 [INFO   ]  VIC → 0 pas
2026-04-03 10:27:52 [INFO   ]  PRG5 — VIC pos 1 (0 pas)
2026-04-03 10:41:20 [INFO   ]  VIC → 30 pas
2026-04-03 10:41:20 [INFO   ]  PRG5 — VIC pos 2 (30 pas)
2026-04-03 10:41:26 [INFO   ]  VIC → 50 pas
2026-04-03 10:41:26 [INFO   ]  PRG5 — VIC pos 3 (50 pas)
2026-04-03 10:41:41 [INFO   ]  VIC → 70 pas
2026-04-03 10:41:41 [INFO   ]  PRG5 — VIC pos 4 (70 pas)
2026-04-03 10:41:50 [INFO   ]  VIC → 100 pas
2026-04-03 10:41:50 [INFO   ]  PRG5 — VIC pos 5 (100 pas)
2026-04-03 10:41:59 [INFO   ]  PRG5 — AIR mode 1
2026-04-03 10:42:10 [INFO   ]  PRG5 — AIR mode 2
2026-04-03 10:42:22 [INFO   ]  PRG5 — AIR mode 3
2026-04-03 10:42:24 [INFO   ]  PRG5 — AIR mode 2
2026-04-03 10:42:25 [INFO   ]  PRG5 — AIR mode 0
2026-04-03 10:42:27 [INFO   ]  PRG5 — arrêt demandé
2026-04-03 10:42:28 [INFO   ]  PRG5 — arrêt
2026-04-03 10:42:28 [INFO   ]  PRG5 — arrêté  durée 29:46  volume 6592.56 L
2026-04-03 10:42:44 [INFO   ]  PRG2 sélectionné — VIDANGE CUVE
2026-04-03 10:42:45 [INFO   ]  PRG2 — mise en place vannes + démarrage
2026-04-03 10:42:45 [INFO   ]  PRG2 — démarrage
2026-04-03 10:42:48 [INFO   ]  Vanne RETOUR → fermée
2026-04-03 10:42:52 [INFO   ]  Vanne POT_A_BOUE → fermée
2026-04-03 10:43:00 [INFO   ]  Vanne EGOUTS → ouverte
2026-04-03 10:43:03 [INFO   ]  Vanne DEPART → fermée
2026-04-03 10:43:06 [INFO   ]  VIC → 50 pas
2026-04-03 10:43:06 [INFO   ]  PRG2 — RUNNING
2026-04-03 10:43:49 [INFO   ]  PRG2 — arrêt demandé
2026-04-03 10:43:49 [INFO   ]  PRG2 — arrêt
2026-04-03 10:43:49 [INFO   ]  PRG2 — arrêté  durée 00:43  volume 213.00 L
2026-04-03 10:44:13 [INFO   ]  PRG5 sélectionné — DESEMBOUAGE
2026-04-03 10:44:13 [INFO   ]  PRG5 — mise en place vannes + démarrage
2026-04-03 10:44:13 [INFO   ]  PRG5 — démarrage
2026-04-03 10:44:20 [INFO   ]  Vanne RETOUR → ouverte
2026-04-03 10:44:28 [INFO   ]  Vanne POT_A_BOUE → ouverte
2026-04-03 10:44:31 [INFO   ]  Vanne EGOUTS → fermée
2026-04-03 10:44:39 [INFO   ]  Vanne DEPART → ouverte
2026-04-03 10:44:41 [INFO   ]  VIC → 100 pas
2026-04-03 10:44:41 [INFO   ]  PRG5 — RUNNING
2026-04-03 10:44:54 [INFO   ]  VIC → 70 pas
2026-04-03 10:44:54 [INFO   ]  PRG5 — VIC pos 4 (70 pas)
2026-04-03 10:44:58 [INFO   ]  VIC → 50 pas
2026-04-03 10:44:58 [INFO   ]  PRG5 — VIC pos 3 (50 pas)
2026-04-03 10:45:04 [INFO   ]  VIC → 30 pas
2026-04-03 10:45:04 [INFO   ]  PRG5 — VIC pos 2 (30 pas)
2026-04-03 10:45:12 [INFO   ]  VIC → 0 pas
2026-04-03 10:45:12 [INFO   ]  PRG5 — VIC pos 1 (0 pas)
2026-04-03 10:45:54 [INFO   ]  VIC → 30 pas
2026-04-03 10:45:54 [INFO   ]  PRG5 — VIC pos 2 (30 pas)
2026-04-03 10:46:03 [INFO   ]  VIC → 50 pas
2026-04-03 10:46:03 [INFO   ]  PRG5 — VIC pos 3 (50 pas)
2026-04-03 10:46:17 [INFO   ]  PRG5 — arrêt demandé
2026-04-03 10:46:17 [INFO   ]  PRG5 — arrêt
2026-04-03 10:46:17 [INFO   ]  PRG5 — arrêté  durée 01:35  volume 414.98 L
2026-04-03 10:46:31 [INFO   ]  Arrêt demandé (Ctrl+C)
2026-04-03 10:46:31 [INFO   ]  Sécurisation machine...
2026-04-03 10:46:32 [INFO   ]  Arrêt terminé
