2026-04-03 09:53:02 [INFO   ]  Log ouvert : /home/bebl/Desktop/Clean-and-Protech/V4/logs/run_20260403_095302.log
2026-04-03 09:53:02 [INFO   ]  ============================================
2026-04-03 09:53:02 [INFO   ]    CLEAN & PROTECH — SERENA — démarrage
2026-04-03 09:53:02 [INFO   ]  ============================================
2026-04-03 09:53:04 [INFO   ]  Homing — démarrage
2026-04-03 09:53:04 [INFO   ]  Homing VIC — fermeture 110 pas @ 20.0 sps
2026-04-03 09:53:10 [INFO   ]  Homing VIC — OK (5.5s)
2026-04-03 09:53:10 [INFO   ]  Homing — fermeture initiale 4400 pas (+10%)
2026-04-03 09:53:10 [INFO   ]    [1/8] RETOUR → fermeture
2026-04-03 09:53:14 [INFO   ]    [1/8] RETOUR — OK (4.1s)
2026-04-03 09:53:14 [INFO   ]    [2/8] POT_A_BOUE → fermeture
2026-04-03 09:53:18 [INFO   ]    [2/8] POT_A_BOUE — OK (4.1s)
2026-04-03 09:53:18 [INFO   ]    [4/8] CUVE_TRAVAIL → fermeture
2026-04-03 09:53:22 [INFO   ]    [4/8] CUVE_TRAVAIL — OK (4.1s)
2026-04-03 09:53:22 [INFO   ]    [5/8] EGOUTS → fermeture
2026-04-03 09:53:27 [INFO   ]    [5/8] EGOUTS — OK (4.1s)
2026-04-03 09:53:27 [INFO   ]    [6/8] DEPART → fermeture
2026-04-03 09:53:31 [INFO   ]    [6/8] DEPART — OK (4.1s)
2026-04-03 09:53:31 [INFO   ]    [7/8] EAU_PROPRE → fermeture
2026-04-03 09:53:35 [INFO   ]    [7/8] EAU_PROPRE — OK (4.1s)
2026-04-03 09:53:35 [INFO   ]    [8/8] POMPE → fermeture
2026-04-03 09:53:39 [INFO   ]    [8/8] POMPE — OK (4.1s)
2026-04-03 09:53:39 [INFO   ]  Homing — ouverture initiale
2026-04-03 09:53:39 [INFO   ]    [1/8] RETOUR → ouverture
2026-04-03 09:53:46 [INFO   ]    [1/8] RETOUR — OK (7.2s)
2026-04-03 09:53:46 [INFO   ]    [2/8] POT_A_BOUE → ouverture
2026-04-03 09:53:53 [INFO   ]    [2/8] POT_A_BOUE — OK (7.2s)
2026-04-03 09:53:53 [INFO   ]    [4/8] CUVE_TRAVAIL → ouverture
2026-04-03 09:54:00 [INFO   ]    [4/8] CUVE_TRAVAIL — OK (7.2s)
2026-04-03 09:54:00 [INFO   ]    [5/8] EGOUTS → ouverture
2026-04-03 09:54:08 [INFO   ]    [5/8] EGOUTS — OK (7.2s)
2026-04-03 09:54:08 [INFO   ]    [6/8] DEPART → ouverture
2026-04-03 09:54:15 [INFO   ]    [6/8] DEPART — OK (7.2s)
2026-04-03 09:54:15 [INFO   ]    [7/8] EAU_PROPRE → ouverture
2026-04-03 09:54:22 [INFO   ]    [7/8] EAU_PROPRE — OK (7.2s)
2026-04-03 09:54:22 [INFO   ]    [8/8] POMPE → ouverture
2026-04-03 09:54:29 [INFO   ]    [8/8] POMPE — OK (7.2s)
2026-04-03 09:54:29 [INFO   ]  Homing — rodage cycle 1/3 — fermeture
2026-04-03 09:54:29 [INFO   ]    [1/8] RETOUR → fermeture
2026-04-03 09:54:33 [INFO   ]    [1/8] RETOUR — OK (3.8s)
2026-04-03 09:54:33 [INFO   ]    [2/8] POT_A_BOUE → fermeture
2026-04-03 09:54:37 [INFO   ]    [2/8] POT_A_BOUE — OK (3.8s)
2026-04-03 09:54:37 [INFO   ]    [4/8] CUVE_TRAVAIL → fermeture
2026-04-03 09:54:41 [INFO   ]    [4/8] CUVE_TRAVAIL — OK (3.8s)
2026-04-03 09:54:41 [INFO   ]    [5/8] EGOUTS → fermeture
2026-04-03 09:54:45 [INFO   ]    [5/8] EGOUTS — OK (3.9s)
2026-04-03 09:54:45 [INFO   ]    [6/8] DEPART → fermeture
2026-04-03 09:54:48 [INFO   ]    [6/8] DEPART — OK (3.8s)
2026-04-03 09:54:48 [INFO   ]    [7/8] EAU_PROPRE → fermeture
2026-04-03 09:54:52 [INFO   ]    [7/8] EAU_PROPRE — OK (3.8s)
2026-04-03 09:54:52 [INFO   ]    [8/8] POMPE → fermeture
2026-04-03 09:54:56 [INFO   ]    [8/8] POMPE — OK (3.8s)
2026-04-03 09:54:56 [INFO   ]  Homing — rodage cycle 1/3 — ouverture
2026-04-03 09:54:56 [INFO   ]    [1/8] RETOUR → ouverture
2026-04-03 09:55:03 [INFO   ]    [1/8] RETOUR — OK (7.2s)
2026-04-03 09:55:03 [INFO   ]    [2/8] POT_A_BOUE → ouverture
2026-04-03 09:55:10 [INFO   ]    [2/8] POT_A_BOUE — OK (7.2s)
2026-04-03 09:55:10 [INFO   ]    [4/8] CUVE_TRAVAIL → ouverture
2026-04-03 09:55:18 [INFO   ]    [4/8] CUVE_TRAVAIL — OK (7.2s)
2026-04-03 09:55:18 [INFO   ]    [5/8] EGOUTS → ouverture
2026-04-03 09:55:25 [INFO   ]    [5/8] EGOUTS — OK (7.2s)
2026-04-03 09:55:25 [INFO   ]    [6/8] DEPART → ouverture
2026-04-03 09:55:32 [INFO   ]    [6/8] DEPART — OK (7.2s)
2026-04-03 09:55:32 [INFO   ]    [7/8] EAU_PROPRE → ouverture
2026-04-03 09:55:39 [INFO   ]    [7/8] EAU_PROPRE — OK (7.2s)
2026-04-03 09:55:39 [INFO   ]    [8/8] POMPE → ouverture
2026-04-03 09:55:46 [INFO   ]    [8/8] POMPE — OK (7.2s)
2026-04-03 09:55:46 [INFO   ]  Homing — rodage cycle 2/3 — fermeture
2026-04-03 09:55:46 [INFO   ]    [1/8] RETOUR → fermeture
2026-04-03 09:55:48 [INFO   ]  Arrêt demandé (Ctrl+C)
2026-04-03 09:55:48 [INFO   ]  Sécurisation machine...
2026-04-03 09:55:49 [INFO   ]  Arrêt terminé
