2026-06-26 15:36:33 [INFO   ]  Log ouvert : /home/bebl/Desktop/Clean-and-Protech/V5/logs/run_20260626_153633.log
2026-06-26 15:36:33 [INFO   ]  ============================================
2026-06-26 15:36:33 [INFO   ]    CLEAN & PROTECH — SERENA 230V — démarrage
2026-06-26 15:36:33 [INFO   ]  ============================================
2026-06-26 15:36:35 [INFO   ]  Homing VIC — démarrage
2026-06-26 15:36:35 [INFO   ]  VIC homing — 5 cycles, overcourse=106 pas
2026-06-26 15:36:46 [INFO   ]  VIC homing — ancrage DEPART OK
2026-06-26 15:36:56 [INFO   ]  VIC homing — cycle 1/5 RETOUR
2026-06-26 15:37:07 [INFO   ]  VIC homing — cycle 1/5 DEPART
2026-06-26 15:37:17 [INFO   ]  VIC homing — cycle 2/5 RETOUR
2026-06-26 15:37:28 [INFO   ]  VIC homing — cycle 2/5 DEPART
2026-06-26 15:37:39 [INFO   ]  VIC homing — cycle 3/5 RETOUR
2026-06-26 15:37:49 [INFO   ]  VIC homing — cycle 3/5 DEPART
2026-06-26 15:38:00 [INFO   ]  VIC homing — cycle 4/5 RETOUR
2026-06-26 15:38:11 [INFO   ]  VIC homing — cycle 4/5 DEPART
2026-06-26 15:38:21 [INFO   ]  VIC homing — cycle 5/5 RETOUR
2026-06-26 15:38:26 [INFO   ]  VIC homing — terminé, position NEUTRE (50 pas)
2026-06-26 15:38:26 [INFO   ]  Homing VIC — terminé en 111.2s
2026-06-26 15:38:31 [INFO   ]  Machine prête — état IDLE
2026-06-26 15:48:19 [INFO   ]  PRG1 sélectionné — PREM.VIDANGE
2026-06-26 15:48:20 [INFO   ]  PRG1 — mise en place vannes + démarrage
2026-06-26 15:48:20 [INFO   ]  PRG1 — démarrage
2026-06-26 15:48:20 [INFO   ]  Vanne POT_A_BOUE → ouverte
2026-06-26 15:48:35 [INFO   ]  VIC mini-homing — ancrage DEPART (106 pas overcourse)
2026-06-26 15:48:45 [INFO   ]  VIC mini-homing — butée DEPART atteinte, compteur recalé à 0
2026-06-26 15:48:45 [INFO   ]  PRG1 — RUNNING
2026-06-26 15:48:55 [INFO   ]  Debit instantane : 0.0 L/min
2026-06-26 15:49:06 [INFO   ]  Debit instantane : 0.0 L/min
2026-06-26 15:49:16 [INFO   ]  Debit instantane : 0.0 L/min
2026-06-26 15:49:26 [INFO   ]  Debit instantane : 0.0 L/min
2026-06-26 15:49:36 [INFO   ]  Debit instantane : 0.0 L/min
2026-06-26 15:49:46 [INFO   ]  Debit instantane : 0.0 L/min
2026-06-26 15:49:56 [INFO   ]  Debit instantane : 0.0 L/min
2026-06-26 15:50:06 [INFO   ]  Debit instantane : 0.0 L/min
2026-06-26 15:50:16 [INFO   ]  Debit instantane : 0.0 L/min
2026-06-26 15:50:26 [INFO   ]  Debit instantane : 0.0 L/min
2026-06-26 15:50:36 [INFO   ]  Debit instantane : 0.0 L/min
2026-06-26 15:50:46 [INFO   ]  Debit instantane : 0.0 L/min
2026-06-26 15:50:56 [INFO   ]  Debit instantane : 0.0 L/min
2026-06-26 15:51:06 [INFO   ]  Debit instantane : 0.0 L/min
2026-06-26 15:51:16 [INFO   ]  Debit instantane : 0.0 L/min
2026-06-26 15:51:26 [INFO   ]  Debit instantane : 0.0 L/min
2026-06-26 15:51:37 [INFO   ]  Debit instantane : 0.0 L/min
2026-06-26 15:51:47 [INFO   ]  Debit instantane : 0.0 L/min
2026-06-26 15:51:57 [INFO   ]  Debit instantane : 0.0 L/min
2026-06-26 15:52:07 [INFO   ]  Debit instantane : 0.0 L/min
2026-06-26 15:52:17 [INFO   ]  Debit instantane : 0.0 L/min
2026-06-26 15:52:27 [INFO   ]  Debit instantane : 0.0 L/min
2026-06-26 15:52:37 [INFO   ]  Debit instantane : 0.0 L/min
2026-06-26 15:52:38 [INFO   ]  PRG1 — arrêt demandé par opérateur
2026-06-26 15:52:39 [INFO   ]  PRG1 — arrêt
2026-06-26 15:52:44 [INFO   ]  VIC → 50 pas
2026-06-26 15:52:44 [INFO   ]  PRG1 — Volume total utilisé : 0.00 L
2026-06-26 15:52:44 [INFO   ]  PRG1 — arrêté  durée 03:53  volume 0.00 L
2026-06-26 15:52:53 [INFO   ]  PRG2 sélectionné — VIDANGE CUVE
2026-06-26 15:52:53 [INFO   ]  PRG2 — mise en place vannes + démarrage
2026-06-26 15:52:53 [INFO   ]  PRG2 — démarrage
2026-06-26 15:52:53 [INFO   ]  Vanne POT_A_BOUE → fermée
2026-06-26 15:53:09 [INFO   ]  Vanne EGOUTS → ouverte
2026-06-26 15:53:24 [INFO   ]  Vanne CUVE_TRAVAIL → ouverte
2026-06-26 15:53:39 [INFO   ]  VIC mini-homing — ancrage DEPART (106 pas overcourse)
2026-06-26 15:53:50 [INFO   ]  VIC mini-homing — butée DEPART atteinte, compteur recalé à 0
2026-06-26 15:53:55 [INFO   ]  VIC → 50 pas
2026-06-26 15:53:55 [INFO   ]  PRG2 — RUNNING
2026-06-26 15:54:05 [INFO   ]  Debit instantane : 0.0 L/min
2026-06-26 15:54:15 [INFO   ]  Debit instantane : 0.0 L/min
2026-06-26 15:54:25 [INFO   ]  Debit instantane : 0.0 L/min
2026-06-26 15:54:25 [WARNING]  PRG2 — Débit insuffisant depuis 30s (0.0 L/min < 80.0 L/min)
2026-06-26 15:54:25 [WARNING]  Sécurité débit — procédure relance (3 tentatives, pause=5s)
2026-06-26 15:54:26 [WARNING]  Sécurité débit — relance pompe 1/3
2026-06-26 15:54:36 [WARNING]  Sécurité débit — relance pompe 2/3
2026-06-26 15:54:46 [WARNING]  Sécurité débit — relance pompe 3/3
2026-06-26 15:54:56 [ERROR  ]  Sécurité débit — 3 relances sans succès → arrêt forcé
2026-06-26 15:54:56 [ERROR  ]  PRG2 — sécurité débit → arrêt
2026-06-26 15:54:57 [INFO   ]  PRG2 — arrêt
2026-06-26 15:54:57 [INFO   ]  PRG2 — Volume total utilisé : 3.32 L
2026-06-26 15:54:57 [INFO   ]  PRG2 — arrêté  durée 01:01  volume 3.41 L
2026-06-26 15:55:04 [INFO   ]  PRG2 sélectionné — VIDANGE CUVE
2026-06-26 15:55:05 [INFO   ]  PRG2 — mise en place vannes + démarrage
2026-06-26 15:55:05 [INFO   ]  PRG2 — démarrage
2026-06-26 15:55:05 [INFO   ]  VIC mini-homing — ancrage DEPART (106 pas overcourse)
2026-06-26 15:55:15 [INFO   ]  VIC mini-homing — butée DEPART atteinte, compteur recalé à 0
2026-06-26 15:55:20 [INFO   ]  VIC → 50 pas
2026-06-26 15:55:20 [INFO   ]  PRG2 — RUNNING
2026-06-26 15:55:30 [INFO   ]  Debit instantane : 531.4 L/min
2026-06-26 15:55:40 [INFO   ]  Debit instantane : 520.3 L/min
2026-06-26 15:55:50 [INFO   ]  Debit instantane : 520.3 L/min
2026-06-26 15:56:01 [INFO   ]  Debit instantane : 238.0 L/min
2026-06-26 15:56:11 [INFO   ]  Debit instantane : 0.0 L/min
2026-06-26 15:56:21 [INFO   ]  Debit instantane : 0.0 L/min
2026-06-26 15:56:31 [INFO   ]  Debit instantane : 0.0 L/min
2026-06-26 15:56:36 [WARNING]  PRG2 — Débit insuffisant depuis 30s (0.0 L/min < 80.0 L/min)
2026-06-26 15:56:36 [WARNING]  Sécurité débit — procédure relance (3 tentatives, pause=5s)
2026-06-26 15:56:36 [WARNING]  Sécurité débit — relance pompe 1/3
2026-06-26 15:56:46 [WARNING]  Sécurité débit — relance pompe 2/3
2026-06-26 15:56:57 [WARNING]  Sécurité débit — relance pompe 3/3
2026-06-26 15:57:07 [ERROR  ]  Sécurité débit — 3 relances sans succès → arrêt forcé
2026-06-26 15:57:07 [ERROR  ]  PRG2 — sécurité débit → arrêt
2026-06-26 15:57:07 [INFO   ]  PRG2 — arrêt
2026-06-26 15:57:07 [INFO   ]  PRG2 — Volume total utilisé : 304.34 L
2026-06-26 15:57:07 [INFO   ]  PRG2 — arrêté  durée 01:46  volume 304.34 L
2026-06-26 15:57:13 [INFO   ]  PRG3 sélectionné — SECHAGE
2026-06-26 15:57:13 [INFO   ]  PRG3 — mise en place vannes + démarrage
2026-06-26 15:57:13 [INFO   ]  PRG3 — démarrage
2026-06-26 15:57:13 [INFO   ]  Vanne EGOUTS → fermée
2026-06-26 15:57:29 [INFO   ]  Vanne CUVE_TRAVAIL → fermée
2026-06-26 15:57:45 [INFO   ]  VIC mini-homing — ancrage DEPART (106 pas overcourse)
2026-06-26 15:57:56 [INFO   ]  VIC mini-homing — butée DEPART atteinte, compteur recalé à 0
2026-06-26 15:57:56 [INFO   ]  PRG3 — RUNNING
2026-06-26 15:58:06 [INFO   ]  Debit instantane : 0.0 L/min
2026-06-26 15:58:16 [INFO   ]  Debit instantane : 0.0 L/min
2026-06-26 15:58:18 [INFO   ]  PRG3 — EGOUTS ouvert
2026-06-26 15:58:26 [INFO   ]  Debit instantane : 0.0 L/min
2026-06-26 15:58:33 [INFO   ]  PRG3 — EGOUTS fermé
2026-06-26 15:58:36 [INFO   ]  Debit instantane : 0.0 L/min
2026-06-26 15:58:46 [INFO   ]  Debit instantane : 0.0 L/min
2026-06-26 15:58:55 [INFO   ]  PRG3 — EGOUTS ouvert
2026-06-26 15:58:56 [INFO   ]  Debit instantane : 0.0 L/min
2026-06-26 15:59:07 [INFO   ]  Debit instantane : 0.0 L/min
2026-06-26 15:59:10 [INFO   ]  PRG3 — EGOUTS fermé
2026-06-26 15:59:17 [INFO   ]  Debit instantane : 0.0 L/min
2026-06-26 15:59:27 [INFO   ]  Debit instantane : 0.0 L/min
2026-06-26 15:59:29 [INFO   ]  PRG3 — arrêt demandé par opérateur
2026-06-26 15:59:29 [INFO   ]  PRG3 — arrêt
2026-06-26 15:59:34 [INFO   ]  VIC → 50 pas
2026-06-26 15:59:34 [INFO   ]  PRG3 — Volume total utilisé : 0.00 L
2026-06-26 15:59:34 [INFO   ]  PRG3 — arrêté  durée 01:32  volume 0.00 L
2026-06-26 15:59:48 [INFO   ]  PRG4 sélectionné — REMPLISSAGE
2026-06-26 15:59:48 [INFO   ]  PRG4 — mise en place vannes + démarrage
2026-06-26 15:59:48 [INFO   ]  PRG4 — démarrage
2026-06-26 15:59:48 [INFO   ]  Vanne POT_A_BOUE → ouverte
2026-06-26 16:00:03 [INFO   ]  Vanne EAU_PROPRE → ouverte
2026-06-26 16:00:18 [INFO   ]  VIC mini-homing — ancrage DEPART (106 pas overcourse)
2026-06-26 16:00:29 [INFO   ]  VIC mini-homing — butée DEPART atteinte, compteur recalé à 0
2026-06-26 16:00:34 [INFO   ]  VIC → 50 pas
2026-06-26 16:00:34 [INFO   ]  PRG4 — RUNNING
2026-06-26 16:00:44 [INFO   ]  Debit instantane : 0.0 L/min
2026-06-26 16:00:54 [INFO   ]  Debit instantane : 0.0 L/min
2026-06-26 16:01:04 [INFO   ]  Debit instantane : 27.7 L/min
2026-06-26 16:01:04 [WARNING]  PRG4 — Débit insuffisant depuis 30s (27.7 L/min < 80.0 L/min)
2026-06-26 16:01:04 [WARNING]  Sécurité débit — procédure relance (3 tentatives, pause=5s)
2026-06-26 16:01:05 [WARNING]  Sécurité débit — relance pompe 1/3
2026-06-26 16:01:15 [WARNING]  Sécurité débit — relance pompe 2/3
2026-06-26 16:01:25 [WARNING]  Sécurité débit — relance pompe 3/3
2026-06-26 16:01:36 [ERROR  ]  Sécurité débit — 3 relances sans succès → arrêt forcé
2026-06-26 16:01:36 [ERROR  ]  PRG4 — sécurité débit → arrêt
2026-06-26 16:01:36 [INFO   ]  PRG4 — arrêt
2026-06-26 16:01:36 [INFO   ]  PRG4 — Volume total utilisé : 14.02 L
2026-06-26 16:01:36 [INFO   ]  PRG4 — arrêté  durée 01:01  volume 14.11 L
2026-06-26 16:01:47 [INFO   ]  PRG4 sélectionné — REMPLISSAGE
2026-06-26 16:01:48 [INFO   ]  PRG4 — mise en place vannes + démarrage
2026-06-26 16:01:48 [INFO   ]  PRG4 — démarrage
2026-06-26 16:01:48 [INFO   ]  VIC mini-homing — ancrage DEPART (106 pas overcourse)
2026-06-26 16:01:58 [INFO   ]  VIC mini-homing — butée DEPART atteinte, compteur recalé à 0
2026-06-26 16:02:03 [INFO   ]  VIC → 50 pas
2026-06-26 16:02:03 [INFO   ]  PRG4 — RUNNING
2026-06-26 16:02:13 [INFO   ]  Debit instantane : 481.5 L/min
2026-06-26 16:02:24 [INFO   ]  Debit instantane : 464.9 L/min
2026-06-26 16:02:34 [INFO   ]  Debit instantane : 464.9 L/min
2026-06-26 16:02:44 [INFO   ]  Debit instantane : 453.9 L/min
2026-06-26 16:02:54 [INFO   ]  Debit instantane : 83.0 L/min
2026-06-26 16:03:04 [INFO   ]  Debit instantane : 0.0 L/min
2026-06-26 16:03:14 [INFO   ]  Debit instantane : 0.0 L/min
2026-06-26 16:03:24 [INFO   ]  Debit instantane : 0.0 L/min
2026-06-26 16:03:24 [WARNING]  PRG4 — Débit insuffisant depuis 30s (0.0 L/min < 80.0 L/min)
2026-06-26 16:03:24 [WARNING]  Sécurité débit — procédure relance (3 tentatives, pause=5s)
2026-06-26 16:03:25 [WARNING]  Sécurité débit — relance pompe 1/3
2026-06-26 16:03:35 [WARNING]  Sécurité débit — relance pompe 2/3
2026-06-26 16:03:45 [WARNING]  Sécurité débit — relance pompe 3/3
2026-06-26 16:03:55 [ERROR  ]  Sécurité débit — 3 relances sans succès → arrêt forcé
2026-06-26 16:03:56 [ERROR  ]  PRG4 — sécurité débit → arrêt
2026-06-26 16:03:56 [INFO   ]  PRG4 — arrêt
2026-06-26 16:03:56 [INFO   ]  PRG4 — Volume total utilisé : 331.18 L
2026-06-26 16:03:56 [INFO   ]  PRG4 — arrêté  durée 01:52  volume 331.18 L
2026-06-26 16:04:46 [INFO   ]  PRG5 sélectionné — DESEMBOUAGE
2026-06-26 16:04:46 [INFO   ]  PRG5 — mise en place vannes + démarrage
2026-06-26 16:04:46 [INFO   ]  PRG5 — démarrage
2026-06-26 16:04:46 [INFO   ]  Vanne EAU_PROPRE → fermée
2026-06-26 16:05:02 [INFO   ]  Vanne CUVE_TRAVAIL → ouverte
2026-06-26 16:05:17 [INFO   ]  VIC mini-homing — ancrage DEPART (106 pas overcourse)
2026-06-26 16:05:28 [INFO   ]  VIC mini-homing — butée DEPART atteinte, compteur recalé à 0
2026-06-26 16:05:33 [INFO   ]  VIC → 50 pas
2026-06-26 16:05:33 [INFO   ]  PRG5 — RUNNING
2026-06-26 16:05:43 [INFO   ]  Debit instantane : 492.6 L/min
2026-06-26 16:05:53 [INFO   ]  Debit instantane : 476.0 L/min
2026-06-26 16:06:04 [INFO   ]  Debit instantane : 459.4 L/min
2026-06-26 16:06:18 [INFO   ]  VIC → 0 pas
2026-06-26 16:06:18 [INFO   ]  PRG5 — VIC pos 1 (0 pas)
2026-06-26 16:06:18 [INFO   ]  Debit instantane : 0.0 L/min
2026-06-26 16:06:28 [INFO   ]  Debit instantane : 0.0 L/min
2026-06-26 16:06:38 [INFO   ]  Debit instantane : 188.2 L/min
2026-06-26 16:06:48 [INFO   ]  Debit instantane : 177.1 L/min
2026-06-26 16:06:58 [INFO   ]  Debit instantane : 171.6 L/min
2026-06-26 16:07:08 [INFO   ]  Debit instantane : 0.0 L/min
2026-06-26 16:07:20 [INFO   ]  VIC → 50 pas
2026-06-26 16:07:20 [INFO   ]  PRG5 — VIC pos 0 (50 pas)
2026-06-26 16:07:20 [INFO   ]  Debit instantane : 0.0 L/min
2026-06-26 16:07:30 [INFO   ]  Debit instantane : 481.5 L/min
2026-06-26 16:07:40 [INFO   ]  Debit instantane : 470.5 L/min
2026-06-26 16:07:50 [INFO   ]  Debit instantane : 464.9 L/min
2026-06-26 16:08:01 [INFO   ]  Debit instantane : 464.9 L/min
2026-06-26 16:08:11 [INFO   ]  Debit instantane : 287.8 L/min
2026-06-26 16:08:22 [INFO   ]  VIC → 100 pas
2026-06-26 16:08:22 [INFO   ]  PRG5 — VIC pos 2 (100 pas)
2026-06-26 16:08:22 [INFO   ]  Debit instantane : 310.0 L/min
2026-06-26 16:08:32 [INFO   ]  Debit instantane : 315.5 L/min
2026-06-26 16:08:42 [INFO   ]  Debit instantane : 470.5 L/min
2026-06-26 16:08:57 [INFO   ]  VIC → 50 pas
2026-06-26 16:08:57 [INFO   ]  PRG5 — VIC pos 0 (50 pas)
2026-06-26 16:08:57 [INFO   ]  Debit instantane : 0.0 L/min
2026-06-26 16:09:09 [INFO   ]  VIC → 100 pas
2026-06-26 16:09:09 [INFO   ]  PRG5 — VIC pos 2 (100 pas)
2026-06-26 16:09:09 [INFO   ]  Debit instantane : 0.0 L/min
2026-06-26 16:09:19 [INFO   ]  Debit instantane : 464.9 L/min
2026-06-26 16:09:29 [INFO   ]  Debit instantane : 470.5 L/min
2026-06-26 16:09:40 [INFO   ]  Debit instantane : 476.0 L/min
2026-06-26 16:09:50 [INFO   ]  Debit instantane : 464.9 L/min
2026-06-26 16:10:00 [INFO   ]  Debit instantane : 464.9 L/min
2026-06-26 16:10:10 [INFO   ]  Debit instantane : 470.5 L/min
2026-06-26 16:10:20 [INFO   ]  Debit instantane : 72.0 L/min
2026-06-26 16:10:36 [INFO   ]  VIC → 0 pas
2026-06-26 16:10:36 [INFO   ]  PRG5 — VIC pos 1 (0 pas)
2026-06-26 16:10:36 [INFO   ]  Debit instantane : 0.0 L/min
2026-06-26 16:10:46 [INFO   ]  Debit instantane : 188.2 L/min
2026-06-26 16:10:56 [INFO   ]  Debit instantane : 177.1 L/min
2026-06-26 16:11:06 [INFO   ]  Debit instantane : 177.1 L/min
2026-06-26 16:11:17 [INFO   ]  Debit instantane : 177.1 L/min
2026-06-26 16:11:27 [INFO   ]  Debit instantane : 0.0 L/min
2026-06-26 16:11:32 [INFO   ]  VIC → 50 pas
2026-06-26 16:11:32 [INFO   ]  PRG5 — VIC pos 0 (50 pas)
2026-06-26 16:11:38 [INFO   ]  VIC → 100 pas
2026-06-26 16:11:38 [INFO   ]  PRG5 — VIC pos 2 (100 pas)
2026-06-26 16:11:38 [INFO   ]  Debit instantane : 0.0 L/min
2026-06-26 16:11:48 [INFO   ]  Debit instantane : 0.0 L/min
2026-06-26 16:11:58 [INFO   ]  Debit instantane : 476.0 L/min
2026-06-26 16:12:08 [INFO   ]  Debit instantane : 476.0 L/min
2026-06-26 16:12:18 [INFO   ]  Debit instantane : 376.4 L/min
2026-06-26 16:12:29 [INFO   ]  VIC → 50 pas
2026-06-26 16:12:29 [INFO   ]  PRG5 — VIC pos 0 (50 pas)
2026-06-26 16:12:29 [INFO   ]  Debit instantane : 0.0 L/min
2026-06-26 16:12:39 [INFO   ]  Debit instantane : 487.1 L/min
2026-06-26 16:12:49 [INFO   ]  Debit instantane : 88.6 L/min
2026-06-26 16:13:00 [INFO   ]  VIC → 0 pas
2026-06-26 16:13:00 [INFO   ]  PRG5 — VIC pos 1 (0 pas)
2026-06-26 16:13:00 [INFO   ]  Debit instantane : 0.0 L/min
2026-06-26 16:13:10 [INFO   ]  Debit instantane : 188.2 L/min
2026-06-26 16:13:20 [INFO   ]  Debit instantane : 177.1 L/min
2026-06-26 16:13:30 [INFO   ]  Debit instantane : 177.1 L/min
2026-06-26 16:13:40 [INFO   ]  Debit instantane : 177.1 L/min
2026-06-26 16:13:50 [INFO   ]  Debit instantane : 177.1 L/min
2026-06-26 16:14:00 [INFO   ]  Debit instantane : 171.6 L/min
2026-06-26 16:14:11 [INFO   ]  Debit instantane : 177.1 L/min
2026-06-26 16:14:21 [INFO   ]  Debit instantane : 177.1 L/min
2026-06-26 16:14:31 [INFO   ]  Debit instantane : 0.0 L/min
2026-06-26 16:14:41 [INFO   ]  Debit instantane : 0.0 L/min
2026-06-26 16:14:51 [INFO   ]  Debit instantane : 0.0 L/min
2026-06-26 16:14:57 [WARNING]  PRG5 — Débit insuffisant depuis 30s (0.0 L/min < 80.0 L/min)
2026-06-26 16:14:57 [WARNING]  Sécurité débit — procédure relance (3 tentatives, pause=5s)
2026-06-26 16:14:58 [WARNING]  Sécurité débit — relance pompe 1/3
2026-06-26 16:15:08 [WARNING]  Sécurité débit — relance pompe 2/3
2026-06-26 16:15:18 [WARNING]  Sécurité débit — relance pompe 3/3
2026-06-26 16:15:28 [ERROR  ]  Sécurité débit — 3 relances sans succès → arrêt forcé
2026-06-26 16:15:29 [ERROR  ]  PRG5 — sécurité débit → arrêt
2026-06-26 16:15:29 [INFO   ]  PRG5 — arrêt
2026-06-26 16:15:34 [INFO   ]  VIC → 50 pas
2026-06-26 16:15:34 [INFO   ]  PRG5 — Volume total utilisé : 2046.40 L
2026-06-26 16:15:34 [INFO   ]  PRG5 — arrêté  durée 09:55  volume 2046.40 L
