2026-06-26 16:37:05 [INFO   ]  Log ouvert : /home/bebl/Desktop/Clean-and-Protech/V5/logs/run_20260626_163705.log
2026-06-26 16:37:05 [INFO   ]  ============================================
2026-06-26 16:37:05 [INFO   ]    CLEAN & PROTECH — SERENA 230V — démarrage
2026-06-26 16:37:05 [INFO   ]  ============================================
2026-06-26 16:37:07 [INFO   ]  Homing VIC — démarrage
2026-06-26 16:37:07 [INFO   ]  VIC homing — 5 cycles, overcourse=106 pas
2026-06-26 16:37:18 [INFO   ]  VIC homing — ancrage DEPART OK
2026-06-26 16:37:28 [INFO   ]  VIC homing — cycle 1/5 RETOUR
2026-06-26 16:37:39 [INFO   ]  VIC homing — cycle 1/5 DEPART
2026-06-26 16:37:49 [INFO   ]  VIC homing — cycle 2/5 RETOUR
2026-06-26 16:38:00 [INFO   ]  VIC homing — cycle 2/5 DEPART
2026-06-26 16:38:11 [INFO   ]  VIC homing — cycle 3/5 RETOUR
2026-06-26 16:38:21 [INFO   ]  VIC homing — cycle 3/5 DEPART
2026-06-26 16:38:32 [INFO   ]  VIC homing — cycle 4/5 RETOUR
2026-06-26 16:38:43 [INFO   ]  VIC homing — cycle 4/5 DEPART
2026-06-26 16:38:53 [INFO   ]  VIC homing — cycle 5/5 RETOUR
2026-06-26 16:38:58 [INFO   ]  VIC homing — terminé, position NEUTRE (50 pas)
2026-06-26 16:38:58 [INFO   ]  Homing VIC — terminé en 111.2s
2026-06-26 16:39:03 [INFO   ]  Machine prête — état IDLE
2026-06-26 16:39:24 [INFO   ]  PRG5 sélectionné — DESEMBOUAGE
2026-06-26 16:39:25 [INFO   ]  PRG5 — mise en place vannes + démarrage
2026-06-26 16:39:25 [INFO   ]  PRG5 — démarrage
2026-06-26 16:39:25 [INFO   ]  Vanne POT_A_BOUE → ouverte
2026-06-26 16:39:40 [INFO   ]  Vanne CUVE_TRAVAIL → ouverte
2026-06-26 16:39:55 [INFO   ]  VIC mini-homing — ancrage DEPART (106 pas overcourse)
2026-06-26 16:40:05 [INFO   ]  VIC mini-homing — butée DEPART atteinte, compteur recalé à 0
2026-06-26 16:40:10 [INFO   ]  VIC → 50 pas
2026-06-26 16:40:10 [INFO   ]  PRG5 — RUNNING
2026-06-26 16:40:21 [INFO   ]  Debit instantane : 487.1 L/min
2026-06-26 16:40:31 [INFO   ]  Debit instantane : 476.0 L/min
2026-06-26 16:40:41 [INFO   ]  Debit instantane : 470.5 L/min
2026-06-26 16:40:51 [INFO   ]  Debit instantane : 459.4 L/min
2026-06-26 16:41:01 [INFO   ]  Debit instantane : 0.0 L/min
2026-06-26 16:41:11 [INFO   ]  Debit instantane : 0.0 L/min
2026-06-26 16:41:22 [INFO   ]  Debit instantane : 0.0 L/min
2026-06-26 16:41:25 [WARNING]  PRG5 — Débit insuffisant depuis 30s (0.0 L/min < 80.0 L/min)
2026-06-26 16:41:25 [WARNING]  Sécurité débit — procédure relance (3 tentatives, pause=5s)
2026-06-26 16:41:26 [WARNING]  Sécurité débit — relance pompe 1/3
2026-06-26 16:41:36 [WARNING]  Sécurité débit — relance pompe 2/3
2026-06-26 16:41:46 [WARNING]  Sécurité débit — relance pompe 3/3
2026-06-26 16:41:56 [ERROR  ]  Sécurité débit — 3 relances sans succès → arrêt forcé
2026-06-26 16:41:57 [ERROR  ]  PRG5 — sécurité débit → arrêt
2026-06-26 16:41:57 [INFO   ]  PRG5 — arrêt
2026-06-26 16:41:57 [INFO   ]  PRG5 — Volume total utilisé : 327.58 L
2026-06-26 16:41:57 [INFO   ]  PRG5 — arrêté  durée 01:46  volume 327.58 L
2026-06-26 16:42:09 [INFO   ]  PRG5 sélectionné — DESEMBOUAGE
2026-06-26 16:42:10 [INFO   ]  PRG5 — mise en place vannes + démarrage
2026-06-26 16:42:10 [INFO   ]  PRG5 — démarrage
2026-06-26 16:42:10 [INFO   ]  VIC mini-homing — ancrage DEPART (106 pas overcourse)
2026-06-26 16:42:20 [INFO   ]  VIC mini-homing — butée DEPART atteinte, compteur recalé à 0
2026-06-26 16:42:25 [INFO   ]  VIC → 50 pas
2026-06-26 16:42:25 [INFO   ]  PRG5 — RUNNING
2026-06-26 16:42:35 [INFO   ]  Debit instantane : 487.1 L/min
2026-06-26 16:42:46 [INFO   ]  Debit instantane : 476.0 L/min
2026-06-26 16:42:52 [INFO   ]  VIC → 100 pas
2026-06-26 16:42:52 [INFO   ]  PRG5 — VIC pos 2 (100 pas)
2026-06-26 16:42:56 [INFO   ]  Debit instantane : 476.0 L/min
2026-06-26 16:43:06 [INFO   ]  Debit instantane : 470.5 L/min
2026-06-26 16:43:16 [INFO   ]  Debit instantane : 0.0 L/min
2026-06-26 16:43:26 [INFO   ]  Debit instantane : 0.0 L/min
2026-06-26 16:43:36 [INFO   ]  Debit instantane : 470.5 L/min
2026-06-26 16:43:56 [INFO   ]  VIC → 0 pas
2026-06-26 16:43:56 [INFO   ]  PRG5 — VIC pos 1 (0 pas)
2026-06-26 16:43:56 [INFO   ]  Debit instantane : 177.1 L/min
2026-06-26 16:44:06 [INFO   ]  Debit instantane : 177.1 L/min
2026-06-26 16:44:17 [INFO   ]  Debit instantane : 177.1 L/min
2026-06-26 16:44:27 [INFO   ]  Debit instantane : 177.1 L/min
2026-06-26 16:44:37 [INFO   ]  Debit instantane : 171.6 L/min
2026-06-26 16:44:47 [INFO   ]  Debit instantane : 0.0 L/min
2026-06-26 16:44:57 [INFO   ]  Debit instantane : 0.0 L/min
2026-06-26 16:45:07 [INFO   ]  Debit instantane : 171.6 L/min
2026-06-26 16:45:17 [INFO   ]  Debit instantane : 171.6 L/min
2026-06-26 16:45:28 [INFO   ]  Debit instantane : 177.1 L/min
2026-06-26 16:45:35 [INFO   ]  VIC → 50 pas
2026-06-26 16:45:35 [INFO   ]  PRG5 — VIC pos 0 (50 pas)
2026-06-26 16:45:38 [INFO   ]  Debit instantane : 459.4 L/min
2026-06-26 16:45:48 [INFO   ]  Debit instantane : 464.9 L/min
2026-06-26 16:45:58 [INFO   ]  Debit instantane : 459.4 L/min
2026-06-26 16:46:08 [INFO   ]  Debit instantane : 464.9 L/min
2026-06-26 16:46:18 [INFO   ]  Debit instantane : 459.4 L/min
2026-06-26 16:46:28 [INFO   ]  Debit instantane : 0.0 L/min
2026-06-26 16:46:39 [INFO   ]  Debit instantane : 0.0 L/min
2026-06-26 16:46:49 [INFO   ]  Debit instantane : 0.0 L/min
2026-06-26 16:46:52 [WARNING]  PRG5 — Débit insuffisant depuis 30s (0.0 L/min < 80.0 L/min)
2026-06-26 16:46:52 [WARNING]  Sécurité débit — procédure relance (3 tentatives, pause=5s)
2026-06-26 16:46:53 [WARNING]  Sécurité débit — relance pompe 1/3
2026-06-26 16:47:03 [WARNING]  Sécurité débit — relance pompe 2/3
2026-06-26 16:47:13 [INFO   ]  Sécurité débit — relance réussie (459.4 L/min)
2026-06-26 16:47:14 [INFO   ]  Debit instantane : 476.0 L/min
2026-06-26 16:47:24 [INFO   ]  Debit instantane : 476.0 L/min
2026-06-26 16:47:34 [INFO   ]  Debit instantane : 459.4 L/min
2026-06-26 16:47:44 [INFO   ]  Debit instantane : 464.9 L/min
2026-06-26 16:47:54 [INFO   ]  Debit instantane : 459.4 L/min
2026-06-26 16:48:04 [INFO   ]  Debit instantane : 459.4 L/min
2026-06-26 16:48:15 [INFO   ]  VIC → 0 pas
2026-06-26 16:48:15 [INFO   ]  PRG5 — VIC pos 1 (0 pas)
2026-06-26 16:48:15 [INFO   ]  Debit instantane : 182.7 L/min
2026-06-26 16:48:25 [INFO   ]  Debit instantane : 177.1 L/min
2026-06-26 16:48:34 [INFO   ]  VIC → 50 pas
2026-06-26 16:48:34 [INFO   ]  PRG5 — VIC pos 0 (50 pas)
2026-06-26 16:48:35 [INFO   ]  Debit instantane : 459.4 L/min
2026-06-26 16:48:44 [INFO   ]  VIC → 100 pas
2026-06-26 16:48:44 [INFO   ]  PRG5 — VIC pos 2 (100 pas)
2026-06-26 16:48:45 [INFO   ]  Debit instantane : 464.9 L/min
2026-06-26 16:48:55 [INFO   ]  Debit instantane : 238.0 L/min
2026-06-26 16:49:06 [INFO   ]  Debit instantane : 0.0 L/min
2026-06-26 16:49:16 [INFO   ]  PRG5 — arrêt demandé par opérateur
2026-06-26 16:49:16 [INFO   ]  PRG5 — arrêt
2026-06-26 16:49:21 [INFO   ]  VIC → 50 pas
2026-06-26 16:49:21 [INFO   ]  PRG5 — Volume total utilisé : 1820.20 L
2026-06-26 16:49:21 [INFO   ]  PRG5 — arrêté  durée 06:50  volume 1820.20 L
2026-06-26 16:50:06 [INFO   ]  PRG5 sélectionné — DESEMBOUAGE
2026-06-26 16:50:06 [INFO   ]  PRG5 — mise en place vannes + démarrage
2026-06-26 16:50:06 [INFO   ]  PRG5 — démarrage
2026-06-26 16:50:06 [INFO   ]  VIC mini-homing — ancrage DEPART (106 pas overcourse)
2026-06-26 16:50:17 [INFO   ]  VIC mini-homing — butée DEPART atteinte, compteur recalé à 0
2026-06-26 16:50:27 [INFO   ]  VIC → 100 pas
2026-06-26 16:50:27 [INFO   ]  PRG5 — RUNNING
2026-06-26 16:50:37 [INFO   ]  Debit instantane : 193.7 L/min
2026-06-26 16:50:47 [INFO   ]  Debit instantane : 464.9 L/min
2026-06-26 16:50:57 [INFO   ]  Debit instantane : 464.9 L/min
2026-06-26 16:51:08 [INFO   ]  Debit instantane : 470.5 L/min
2026-06-26 16:51:18 [INFO   ]  Debit instantane : 470.5 L/min
2026-06-26 16:51:28 [INFO   ]  Debit instantane : 470.5 L/min
2026-06-26 16:51:38 [INFO   ]  Debit instantane : 470.5 L/min
2026-06-26 16:51:48 [INFO   ]  Debit instantane : 470.5 L/min
2026-06-26 16:51:58 [INFO   ]  Debit instantane : 470.5 L/min
2026-06-26 16:52:09 [INFO   ]  Debit instantane : 470.5 L/min
2026-06-26 16:52:19 [INFO   ]  Debit instantane : 476.0 L/min
2026-06-26 16:52:29 [INFO   ]  Debit instantane : 464.9 L/min
2026-06-26 16:52:39 [INFO   ]  Debit instantane : 470.5 L/min
2026-06-26 16:52:49 [INFO   ]  Debit instantane : 470.5 L/min
2026-06-26 16:52:59 [INFO   ]  Debit instantane : 470.5 L/min
2026-06-26 16:53:09 [INFO   ]  Debit instantane : 470.5 L/min
2026-06-26 16:53:20 [INFO   ]  Debit instantane : 470.5 L/min
2026-06-26 16:53:30 [INFO   ]  Debit instantane : 470.5 L/min
2026-06-26 16:53:40 [INFO   ]  Debit instantane : 470.5 L/min
2026-06-26 16:53:50 [INFO   ]  Debit instantane : 470.5 L/min
2026-06-26 16:54:00 [INFO   ]  Debit instantane : 470.5 L/min
2026-06-26 16:54:10 [INFO   ]  Debit instantane : 470.5 L/min
2026-06-26 16:54:13 [INFO   ]  PRG5 — AIR mode 1
2026-06-26 16:54:21 [INFO   ]  Debit instantane : 476.0 L/min
2026-06-26 16:54:25 [INFO   ]  PRG5 — AIR mode 0
2026-06-26 16:54:31 [INFO   ]  Debit instantane : 470.5 L/min
2026-06-26 16:54:41 [INFO   ]  Debit instantane : 470.5 L/min
2026-06-26 16:54:53 [INFO   ]  VIC → 0 pas
2026-06-26 16:54:53 [INFO   ]  PRG5 — VIC pos 1 (0 pas)
2026-06-26 16:54:53 [INFO   ]  Debit instantane : 188.2 L/min
2026-06-26 16:55:03 [INFO   ]  Debit instantane : 182.7 L/min
2026-06-26 16:55:13 [INFO   ]  Debit instantane : 177.1 L/min
2026-06-26 16:55:20 [INFO   ]  PRG5 — arrêt demandé par opérateur
2026-06-26 16:55:20 [INFO   ]  PRG5 — arrêt
2026-06-26 16:55:25 [INFO   ]  VIC → 50 pas
2026-06-26 16:55:25 [INFO   ]  PRG5 — Volume total utilisé : 2077.49 L
2026-06-26 16:55:25 [INFO   ]  PRG5 — arrêté  durée 04:52  volume 2077.49 L
2026-06-26 16:56:33 [INFO   ]  PRG2 sélectionné — VIDANGE CUVE
2026-06-26 16:56:34 [INFO   ]  PRG2 — mise en place vannes + démarrage
2026-06-26 16:56:34 [INFO   ]  PRG2 — démarrage
2026-06-26 16:56:34 [INFO   ]  Vanne POT_A_BOUE → fermée
2026-06-26 16:56:50 [INFO   ]  Vanne EGOUTS → ouverte
2026-06-26 16:57:05 [INFO   ]  VIC mini-homing — ancrage DEPART (106 pas overcourse)
2026-06-26 16:57:15 [INFO   ]  VIC mini-homing — butée DEPART atteinte, compteur recalé à 0
2026-06-26 16:57:20 [INFO   ]  VIC → 50 pas
2026-06-26 16:57:20 [INFO   ]  PRG2 — RUNNING
2026-06-26 16:57:30 [INFO   ]  Debit instantane : 520.3 L/min
2026-06-26 16:57:41 [INFO   ]  Debit instantane : 525.8 L/min
2026-06-26 16:57:51 [INFO   ]  Debit instantane : 525.8 L/min
2026-06-26 16:58:01 [INFO   ]  Debit instantane : 520.3 L/min
2026-06-26 16:58:11 [INFO   ]  Debit instantane : 520.3 L/min
2026-06-26 16:58:21 [INFO   ]  Debit instantane : 520.3 L/min
2026-06-26 16:58:31 [INFO   ]  Debit instantane : 520.3 L/min
2026-06-26 16:58:41 [INFO   ]  Debit instantane : 271.2 L/min
2026-06-26 16:58:51 [INFO   ]  Debit instantane : 72.0 L/min
2026-06-26 16:59:01 [INFO   ]  Debit instantane : 0.0 L/min
2026-06-26 16:59:11 [INFO   ]  Debit instantane : 0.0 L/min
2026-06-26 16:59:21 [INFO   ]  Debit instantane : 5.5 L/min
2026-06-26 16:59:26 [WARNING]  PRG2 — Débit insuffisant depuis 30s (11.1 L/min < 80.0 L/min)
2026-06-26 16:59:26 [WARNING]  Sécurité débit — procédure relance (3 tentatives, pause=5s)
2026-06-26 16:59:26 [WARNING]  Sécurité débit — relance pompe 1/3
2026-06-26 16:59:37 [WARNING]  Sécurité débit — relance pompe 2/3
2026-06-26 16:59:47 [WARNING]  Sécurité débit — relance pompe 3/3
2026-06-26 16:59:57 [ERROR  ]  Sécurité débit — 3 relances sans succès → arrêt forcé
2026-06-26 16:59:57 [ERROR  ]  PRG2 — sécurité débit → arrêt
2026-06-26 16:59:57 [INFO   ]  PRG2 — arrêt
2026-06-26 16:59:57 [INFO   ]  PRG2 — Volume total utilisé : 695.76 L
2026-06-26 16:59:57 [INFO   ]  PRG2 — arrêté  durée 02:36  volume 695.76 L
2026-06-26 17:03:39 [INFO   ]  PRG2 sélectionné — VIDANGE CUVE
2026-06-26 17:03:39 [INFO   ]  PRG2 — mise en place vannes + démarrage
2026-06-26 17:03:39 [INFO   ]  PRG2 — démarrage
2026-06-26 17:03:39 [INFO   ]  VIC mini-homing — ancrage DEPART (106 pas overcourse)
2026-06-26 17:03:50 [INFO   ]  VIC mini-homing — butée DEPART atteinte, compteur recalé à 0
2026-06-26 17:03:55 [INFO   ]  VIC → 50 pas
2026-06-26 17:03:55 [INFO   ]  PRG2 — RUNNING
2026-06-26 17:04:05 [INFO   ]  Debit instantane : 16.6 L/min
2026-06-26 17:04:10 [INFO   ]  PRG2 — arrêt demandé par opérateur
2026-06-26 17:04:10 [INFO   ]  PRG2 — arrêt
2026-06-26 17:04:10 [INFO   ]  PRG2 — Volume total utilisé : 3.41 L
2026-06-26 17:04:11 [INFO   ]  PRG2 — arrêté  durée 00:15  volume 3.41 L
2026-06-26 17:04:19 [INFO   ]  PRG4 sélectionné — REMPLISSAGE
2026-06-26 17:04:19 [INFO   ]  PRG4 — mise en place vannes + démarrage
2026-06-26 17:04:19 [INFO   ]  PRG4 — démarrage
2026-06-26 17:04:19 [INFO   ]  Vanne EGOUTS → fermée
2026-06-26 17:04:35 [INFO   ]  Vanne CUVE_TRAVAIL → fermée
2026-06-26 17:04:51 [INFO   ]  Vanne POT_A_BOUE → ouverte
2026-06-26 17:05:06 [INFO   ]  Vanne EAU_PROPRE → ouverte
2026-06-26 17:05:21 [INFO   ]  VIC mini-homing — ancrage DEPART (106 pas overcourse)
2026-06-26 17:05:31 [INFO   ]  VIC mini-homing — butée DEPART atteinte, compteur recalé à 0
2026-06-26 17:05:36 [INFO   ]  VIC → 50 pas
2026-06-26 17:05:36 [INFO   ]  PRG4 — RUNNING
2026-06-26 17:05:46 [INFO   ]  Debit instantane : 492.6 L/min
2026-06-26 17:05:57 [INFO   ]  Debit instantane : 476.0 L/min
2026-06-26 17:06:07 [INFO   ]  Debit instantane : 459.4 L/min
2026-06-26 17:06:17 [INFO   ]  Debit instantane : 459.4 L/min
2026-06-26 17:06:27 [INFO   ]  Debit instantane : 348.7 L/min
2026-06-26 17:06:37 [INFO   ]  Debit instantane : 27.7 L/min
2026-06-26 17:06:47 [INFO   ]  Debit instantane : 27.7 L/min
2026-06-26 17:06:57 [INFO   ]  Debit instantane : 38.7 L/min
2026-06-26 17:06:58 [INFO   ]  PRG4 — arrêt demandé par opérateur
2026-06-26 17:06:59 [INFO   ]  PRG4 — arrêt
2026-06-26 17:06:59 [INFO   ]  PRG4 — Volume total utilisé : 358.95 L
2026-06-26 17:06:59 [INFO   ]  PRG4 — arrêté  durée 01:22  volume 359.04 L
2026-06-26 17:07:08 [INFO   ]  PRG2 sélectionné — VIDANGE CUVE
2026-06-26 17:07:08 [INFO   ]  PRG2 — mise en place vannes + démarrage
2026-06-26 17:07:08 [INFO   ]  PRG2 — démarrage
2026-06-26 17:07:08 [INFO   ]  Vanne POT_A_BOUE → fermée
2026-06-26 17:07:24 [INFO   ]  Vanne EAU_PROPRE → fermée
2026-06-26 17:07:40 [INFO   ]  Vanne EGOUTS → ouverte
2026-06-26 17:07:55 [INFO   ]  Vanne CUVE_TRAVAIL → ouverte
2026-06-26 17:08:10 [INFO   ]  VIC mini-homing — ancrage DEPART (106 pas overcourse)
2026-06-26 17:08:20 [INFO   ]  VIC mini-homing — butée DEPART atteinte, compteur recalé à 0
2026-06-26 17:08:25 [INFO   ]  VIC → 50 pas
2026-06-26 17:08:25 [INFO   ]  PRG2 — RUNNING
2026-06-26 17:08:35 [INFO   ]  Debit instantane : 525.8 L/min
2026-06-26 17:08:46 [INFO   ]  Debit instantane : 525.8 L/min
2026-06-26 17:08:56 [INFO   ]  Debit instantane : 525.8 L/min
2026-06-26 17:09:06 [INFO   ]  Debit instantane : 525.8 L/min
2026-06-26 17:09:16 [INFO   ]  Debit instantane : 520.3 L/min
2026-06-26 17:09:23 [INFO   ]  PRG2 — arrêt demandé par opérateur
2026-06-26 17:09:23 [INFO   ]  PRG2 — arrêt
2026-06-26 17:09:23 [INFO   ]  PRG2 — Volume total utilisé : 471.03 L
2026-06-26 17:09:23 [INFO   ]  PRG2 — arrêté  durée 00:57  volume 471.86 L
2026-06-26 17:17:49 [INFO   ]  PRG4 sélectionné — REMPLISSAGE
2026-06-26 17:17:50 [INFO   ]  PRG4 — mise en place vannes + démarrage
2026-06-26 17:17:50 [INFO   ]  PRG4 — démarrage
2026-06-26 17:17:50 [INFO   ]  Vanne EGOUTS → fermée
2026-06-26 17:18:06 [INFO   ]  Vanne CUVE_TRAVAIL → fermée
2026-06-26 17:18:22 [INFO   ]  Vanne POT_A_BOUE → ouverte
2026-06-26 17:18:37 [INFO   ]  Vanne EAU_PROPRE → ouverte
2026-06-26 17:18:52 [INFO   ]  VIC mini-homing — ancrage DEPART (106 pas overcourse)
2026-06-26 17:19:02 [INFO   ]  VIC mini-homing — butée DEPART atteinte, compteur recalé à 0
2026-06-26 17:19:07 [INFO   ]  VIC → 50 pas
2026-06-26 17:19:07 [INFO   ]  PRG4 — RUNNING
2026-06-26 17:19:17 [INFO   ]  Debit instantane : 481.5 L/min
2026-06-26 17:19:27 [INFO   ]  Debit instantane : 464.9 L/min
2026-06-26 17:19:37 [INFO   ]  Debit instantane : 459.4 L/min
2026-06-26 17:19:44 [INFO   ]  PRG4 — arrêt demandé par opérateur
2026-06-26 17:19:45 [INFO   ]  PRG4 — arrêt
2026-06-26 17:19:45 [INFO   ]  PRG4 — Volume total utilisé : 271.03 L
2026-06-26 17:19:45 [INFO   ]  PRG4 — arrêté  durée 00:37  volume 271.77 L
2026-06-26 17:19:51 [INFO   ]  PRG4 sélectionné — REMPLISSAGE
2026-06-26 17:19:51 [INFO   ]  PRG4 — mise en place vannes + démarrage
2026-06-26 17:19:51 [INFO   ]  PRG4 — démarrage
2026-06-26 17:19:51 [INFO   ]  VIC mini-homing — ancrage DEPART (106 pas overcourse)
2026-06-26 17:20:02 [INFO   ]  VIC mini-homing — butée DEPART atteinte, compteur recalé à 0
2026-06-26 17:20:07 [INFO   ]  VIC → 50 pas
2026-06-26 17:20:07 [INFO   ]  PRG4 — RUNNING
2026-06-26 17:20:17 [INFO   ]  Debit instantane : 38.7 L/min
2026-06-26 17:20:20 [INFO   ]  PRG4 — arrêt demandé par opérateur
2026-06-26 17:20:20 [INFO   ]  PRG4 — arrêt
2026-06-26 17:20:20 [INFO   ]  PRG4 — Volume total utilisé : 29.06 L
2026-06-26 17:20:20 [INFO   ]  PRG4 — arrêté  durée 00:12  volume 29.06 L
2026-06-26 17:20:50 [INFO   ]  PRG5 sélectionné — DESEMBOUAGE
2026-06-26 17:20:51 [INFO   ]  PRG5 — mise en place vannes + démarrage
2026-06-26 17:20:51 [INFO   ]  PRG5 — démarrage
2026-06-26 17:20:51 [INFO   ]  Vanne EAU_PROPRE → fermée
2026-06-26 17:21:07 [INFO   ]  Vanne CUVE_TRAVAIL → ouverte
2026-06-26 17:21:22 [INFO   ]  VIC mini-homing — ancrage DEPART (106 pas overcourse)
2026-06-26 17:21:32 [INFO   ]  VIC mini-homing — butée DEPART atteinte, compteur recalé à 0
2026-06-26 17:21:37 [INFO   ]  VIC → 50 pas
2026-06-26 17:21:37 [INFO   ]  PRG5 — RUNNING
2026-06-26 17:21:48 [INFO   ]  Debit instantane : 193.7 L/min
2026-06-26 17:21:58 [INFO   ]  Debit instantane : 487.1 L/min
2026-06-26 17:22:08 [INFO   ]  Debit instantane : 470.5 L/min
2026-06-26 17:22:18 [INFO   ]  Debit instantane : 464.9 L/min
2026-06-26 17:22:28 [INFO   ]  Debit instantane : 459.4 L/min
2026-06-26 17:22:38 [INFO   ]  Debit instantane : 464.9 L/min
2026-06-26 17:22:48 [INFO   ]  Debit instantane : 298.9 L/min
2026-06-26 17:22:55 [INFO   ]  VIC → 100 pas
2026-06-26 17:22:55 [INFO   ]  PRG5 — VIC pos 2 (100 pas)
2026-06-26 17:22:59 [INFO   ]  Debit instantane : 393.0 L/min
2026-06-26 17:23:09 [INFO   ]  Debit instantane : 470.5 L/min
2026-06-26 17:23:24 [INFO   ]  VIC → 50 pas
2026-06-26 17:23:24 [INFO   ]  PRG5 — VIC pos 0 (50 pas)
2026-06-26 17:23:24 [INFO   ]  Debit instantane : 0.0 L/min
2026-06-26 17:23:34 [INFO   ]  Debit instantane : 487.1 L/min
2026-06-26 17:23:44 [INFO   ]  Debit instantane : 476.0 L/min
2026-06-26 17:23:54 [INFO   ]  Debit instantane : 464.9 L/min
2026-06-26 17:24:04 [INFO   ]  Debit instantane : 453.9 L/min
2026-06-26 17:24:13 [INFO   ]  VIC → 100 pas
2026-06-26 17:24:13 [INFO   ]  PRG5 — VIC pos 2 (100 pas)
2026-06-26 17:24:14 [INFO   ]  Debit instantane : 0.0 L/min
2026-06-26 17:24:25 [INFO   ]  Debit instantane : 476.0 L/min
2026-06-26 17:24:35 [INFO   ]  Debit instantane : 470.5 L/min
2026-06-26 17:24:45 [INFO   ]  Debit instantane : 470.5 L/min
2026-06-26 17:24:55 [INFO   ]  Debit instantane : 464.9 L/min
2026-06-26 17:25:05 [INFO   ]  Debit instantane : 470.5 L/min
2026-06-26 17:25:15 [INFO   ]  Debit instantane : 470.5 L/min
2026-06-26 17:25:26 [INFO   ]  Debit instantane : 464.9 L/min
2026-06-26 17:25:36 [INFO   ]  Debit instantane : 470.5 L/min
2026-06-26 17:25:46 [INFO   ]  Debit instantane : 464.9 L/min
2026-06-26 17:25:53 [INFO   ]  VIC → 50 pas
2026-06-26 17:25:53 [INFO   ]  PRG5 — VIC pos 0 (50 pas)
2026-06-26 17:25:59 [INFO   ]  VIC → 0 pas
2026-06-26 17:25:59 [INFO   ]  PRG5 — VIC pos 1 (0 pas)
2026-06-26 17:25:59 [INFO   ]  Debit instantane : 182.7 L/min
2026-06-26 17:26:09 [INFO   ]  Debit instantane : 143.9 L/min
2026-06-26 17:26:19 [INFO   ]  Debit instantane : 11.1 L/min
2026-06-26 17:26:29 [INFO   ]  Debit instantane : 11.1 L/min
2026-06-26 17:26:39 [INFO   ]  Debit instantane : 193.7 L/min
2026-06-26 17:26:50 [INFO   ]  VIC → 50 pas
2026-06-26 17:26:50 [INFO   ]  PRG5 — VIC pos 0 (50 pas)
2026-06-26 17:26:50 [INFO   ]  Debit instantane : 0.0 L/min
2026-06-26 17:26:55 [INFO   ]  VIC → 100 pas
2026-06-26 17:26:55 [INFO   ]  PRG5 — VIC pos 2 (100 pas)
2026-06-26 17:27:00 [INFO   ]  Debit instantane : 0.0 L/min
2026-06-26 17:27:10 [INFO   ]  Debit instantane : 470.5 L/min
2026-06-26 17:27:20 [INFO   ]  Debit instantane : 470.5 L/min
2026-06-26 17:27:31 [INFO   ]  Debit instantane : 470.5 L/min
2026-06-26 17:27:41 [INFO   ]  Debit instantane : 470.5 L/min
2026-06-26 17:27:51 [INFO   ]  Debit instantane : 470.5 L/min
2026-06-26 17:28:01 [INFO   ]  Debit instantane : 470.5 L/min
2026-06-26 17:28:11 [INFO   ]  Debit instantane : 470.5 L/min
2026-06-26 17:28:11 [INFO   ]  PRG5 — AIR mode 1
2026-06-26 17:28:19 [INFO   ]  PRG5 — AIR mode 0
2026-06-26 17:28:30 [INFO   ]  VIC → 0 pas
2026-06-26 17:28:30 [INFO   ]  PRG5 — VIC pos 1 (0 pas)
2026-06-26 17:28:30 [INFO   ]  Debit instantane : 99.6 L/min
2026-06-26 17:28:40 [INFO   ]  PRG5 — AIR mode 3
2026-06-26 17:28:40 [INFO   ]  Debit instantane : 171.6 L/min
2026-06-26 17:28:41 [INFO   ]  PRG5 — AIR mode 0
2026-06-26 17:28:41 [INFO   ]  PRG5 — AIR mode 2
2026-06-26 17:28:50 [INFO   ]  Debit instantane : 88.6 L/min
2026-06-26 17:29:01 [INFO   ]  Debit instantane : 127.3 L/min
2026-06-26 17:29:11 [INFO   ]  Debit instantane : 116.2 L/min
2026-06-26 17:29:21 [INFO   ]  Debit instantane : 138.4 L/min
2026-06-26 17:29:31 [INFO   ]  Debit instantane : 177.1 L/min
2026-06-26 17:29:41 [INFO   ]  Debit instantane : 77.5 L/min
2026-06-26 17:29:51 [INFO   ]  Debit instantane : 110.7 L/min
2026-06-26 17:30:00 [INFO   ]  PRG5 — AIR mode 1
2026-06-26 17:30:00 [INFO   ]  PRG5 — AIR mode 0
2026-06-26 17:30:01 [INFO   ]  Debit instantane : 155.0 L/min
2026-06-26 17:30:11 [INFO   ]  Debit instantane : 160.5 L/min
2026-06-26 17:30:14 [INFO   ]  PRG5 — AIR mode 1
2026-06-26 17:30:22 [INFO   ]  Debit instantane : 215.9 L/min
2026-06-26 17:30:32 [INFO   ]  Debit instantane : 110.7 L/min
2026-06-26 17:30:42 [INFO   ]  Debit instantane : 121.8 L/min
2026-06-26 17:30:52 [INFO   ]  Debit instantane : 171.6 L/min
2026-06-26 17:31:02 [INFO   ]  Debit instantane : 116.2 L/min
2026-06-26 17:31:08 [INFO   ]  PRG5 — AIR mode 0
2026-06-26 17:31:17 [INFO   ]  VIC → 50 pas
2026-06-26 17:31:17 [INFO   ]  PRG5 — VIC pos 0 (50 pas)
2026-06-26 17:31:17 [INFO   ]  Debit instantane : 415.1 L/min
2026-06-26 17:31:22 [INFO   ]  VIC → 100 pas
2026-06-26 17:31:22 [INFO   ]  PRG5 — VIC pos 2 (100 pas)
2026-06-26 17:31:27 [INFO   ]  Debit instantane : 0.0 L/min
2026-06-26 17:31:35 [INFO   ]  PRG5 — AIR mode 1
2026-06-26 17:31:37 [INFO   ]  Debit instantane : 442.8 L/min
2026-06-26 17:31:41 [INFO   ]  PRG5 — AIR mode 0
2026-06-26 17:31:51 [INFO   ]  VIC → 0 pas
2026-06-26 17:31:51 [INFO   ]  PRG5 — VIC pos 1 (0 pas)
2026-06-26 17:31:51 [INFO   ]  Debit instantane : 188.2 L/min
2026-06-26 17:32:01 [INFO   ]  Debit instantane : 188.2 L/min
2026-06-26 17:32:12 [INFO   ]  Debit instantane : 182.7 L/min
2026-06-26 17:32:22 [INFO   ]  Debit instantane : 182.7 L/min
2026-06-26 17:32:32 [INFO   ]  Debit instantane : 177.1 L/min
2026-06-26 17:32:35 [INFO   ]  PRG5 — AIR mode 1
2026-06-26 17:32:42 [INFO   ]  Debit instantane : 182.7 L/min
2026-06-26 17:32:52 [INFO   ]  Debit instantane : 171.6 L/min
2026-06-26 17:33:02 [INFO   ]  Debit instantane : 105.2 L/min
2026-06-26 17:33:12 [INFO   ]  Debit instantane : 182.7 L/min
2026-06-26 17:33:20 [INFO   ]  PRG5 — arrêt demandé par opérateur
2026-06-26 17:33:21 [INFO   ]  PRG5 — arrêt
2026-06-26 17:33:26 [INFO   ]  VIC → 50 pas
2026-06-26 17:33:26 [INFO   ]  PRG5 — Volume total utilisé : 3158.58 L
2026-06-26 17:33:26 [INFO   ]  PRG5 — arrêté  durée 11:43  volume 3158.58 L
2026-06-26 17:45:02 [INFO   ]  PRG5 sélectionné — DESEMBOUAGE
2026-06-26 17:45:02 [INFO   ]  PRG5 — mise en place vannes + démarrage
2026-06-26 17:45:02 [INFO   ]  PRG5 — démarrage
2026-06-26 17:45:02 [INFO   ]  VIC mini-homing — ancrage DEPART (106 pas overcourse)
2026-06-26 17:45:13 [INFO   ]  VIC mini-homing — butée DEPART atteinte, compteur recalé à 0
2026-06-26 17:45:13 [INFO   ]  PRG5 — RUNNING
2026-06-26 17:45:23 [INFO   ]  Debit instantane : 0.0 L/min
2026-06-26 17:45:25 [INFO   ]  PRG5 — AIR mode 1
2026-06-26 17:45:26 [INFO   ]  PRG5 — AIR mode 0
2026-06-26 17:45:33 [INFO   ]  Debit instantane : 321.0 L/min
2026-06-26 17:45:43 [INFO   ]  Debit instantane : 0.0 L/min
2026-06-26 17:45:53 [INFO   ]  Debit instantane : 0.0 L/min
2026-06-26 17:46:03 [INFO   ]  Debit instantane : 0.0 L/min
2026-06-26 17:46:09 [INFO   ]  VIC → 50 pas
2026-06-26 17:46:09 [INFO   ]  PRG5 — VIC pos 0 (50 pas)
2026-06-26 17:46:09 [WARNING]  PRG5 — Débit insuffisant depuis 30s (0.0 L/min < 80.0 L/min)
2026-06-26 17:46:09 [WARNING]  Sécurité débit — procédure relance (3 tentatives, pause=5s)
2026-06-26 17:46:10 [WARNING]  Sécurité débit — relance pompe 1/3
2026-06-26 17:46:20 [INFO   ]  Sécurité débit — relance réussie (476.0 L/min)
2026-06-26 17:46:20 [INFO   ]  Debit instantane : 492.6 L/min
2026-06-26 17:46:31 [INFO   ]  Debit instantane : 487.1 L/min
2026-06-26 17:46:41 [INFO   ]  Debit instantane : 470.5 L/min
2026-06-26 17:46:51 [INFO   ]  Debit instantane : 470.5 L/min
2026-06-26 17:47:01 [INFO   ]  Debit instantane : 459.4 L/min
2026-06-26 17:47:11 [INFO   ]  Debit instantane : 0.0 L/min
2026-06-26 17:47:21 [INFO   ]  Debit instantane : 0.0 L/min
2026-06-26 17:47:33 [INFO   ]  VIC → 100 pas
2026-06-26 17:47:33 [INFO   ]  PRG5 — VIC pos 2 (100 pas)
2026-06-26 17:47:33 [INFO   ]  Debit instantane : 470.5 L/min
2026-06-26 17:47:44 [INFO   ]  VIC → 50 pas
2026-06-26 17:47:44 [INFO   ]  PRG5 — VIC pos 0 (50 pas)
2026-06-26 17:47:44 [INFO   ]  Debit instantane : 503.7 L/min
2026-06-26 17:47:56 [INFO   ]  VIC → 0 pas
2026-06-26 17:47:56 [INFO   ]  PRG5 — VIC pos 1 (0 pas)
2026-06-26 17:47:56 [INFO   ]  Debit instantane : 199.3 L/min
2026-06-26 17:48:06 [INFO   ]  VIC → 50 pas
2026-06-26 17:48:06 [INFO   ]  PRG5 — VIC pos 0 (50 pas)
2026-06-26 17:48:07 [INFO   ]  Debit instantane : 464.9 L/min
2026-06-26 17:48:17 [INFO   ]  VIC → 100 pas
2026-06-26 17:48:17 [INFO   ]  PRG5 — VIC pos 2 (100 pas)
2026-06-26 17:48:17 [INFO   ]  Debit instantane : 470.5 L/min
2026-06-26 17:48:27 [INFO   ]  Debit instantane : 431.7 L/min
2026-06-26 17:48:37 [INFO   ]  Debit instantane : 0.0 L/min
2026-06-26 17:48:39 [INFO   ]  PRG5 — arrêt demandé par opérateur
2026-06-26 17:48:39 [INFO   ]  PRG5 — arrêt
2026-06-26 17:48:44 [INFO   ]  VIC → 50 pas
2026-06-26 17:48:44 [INFO   ]  PRG5 — Volume total utilisé : 861.72 L
2026-06-26 17:48:44 [INFO   ]  PRG5 — arrêté  durée 03:26  volume 861.72 L
2026-06-26 17:49:29 [INFO   ]  PRG5 sélectionné — DESEMBOUAGE
2026-06-26 17:49:29 [INFO   ]  PRG5 — mise en place vannes + démarrage
2026-06-26 17:49:29 [INFO   ]  PRG5 — démarrage
2026-06-26 17:49:29 [INFO   ]  VIC mini-homing — ancrage DEPART (106 pas overcourse)
2026-06-26 17:49:40 [INFO   ]  VIC mini-homing — butée DEPART atteinte, compteur recalé à 0
2026-06-26 17:49:50 [INFO   ]  VIC → 100 pas
2026-06-26 17:49:50 [INFO   ]  PRG5 — RUNNING
2026-06-26 17:50:00 [INFO   ]  Debit instantane : 448.3 L/min
2026-06-26 17:50:10 [INFO   ]  Debit instantane : 464.9 L/min
2026-06-26 17:50:17 [INFO   ]  VIC → 50 pas
2026-06-26 17:50:17 [INFO   ]  PRG5 — VIC pos 0 (50 pas)
2026-06-26 17:50:20 [INFO   ]  Debit instantane : 492.6 L/min
2026-06-26 17:50:30 [INFO   ]  Debit instantane : 476.0 L/min
2026-06-26 17:50:40 [INFO   ]  Debit instantane : 464.9 L/min
2026-06-26 17:50:46 [INFO   ]  VIC → 100 pas
2026-06-26 17:50:46 [INFO   ]  PRG5 — VIC pos 2 (100 pas)
2026-06-26 17:50:50 [INFO   ]  Debit instantane : 470.5 L/min
2026-06-26 17:51:01 [INFO   ]  Debit instantane : 464.9 L/min
2026-06-26 17:51:02 [INFO   ]  PRG5 — arrêt demandé par opérateur
2026-06-26 17:51:02 [INFO   ]  PRG5 — arrêt
2026-06-26 17:51:07 [INFO   ]  VIC → 50 pas
2026-06-26 17:51:07 [INFO   ]  PRG5 — Volume total utilisé : 526.75 L
2026-06-26 17:51:07 [INFO   ]  PRG5 — arrêté  durée 01:12  volume 526.75 L
2026-06-26 17:51:55 [INFO   ]  PRG5 sélectionné — DESEMBOUAGE
2026-06-26 17:51:55 [INFO   ]  PRG5 — mise en place vannes + démarrage
2026-06-26 17:51:55 [INFO   ]  PRG5 — démarrage
2026-06-26 17:51:55 [INFO   ]  VIC mini-homing — ancrage DEPART (106 pas overcourse)
2026-06-26 17:52:06 [INFO   ]  VIC mini-homing — butée DEPART atteinte, compteur recalé à 0
2026-06-26 17:52:11 [INFO   ]  VIC → 50 pas
2026-06-26 17:52:11 [INFO   ]  PRG5 — RUNNING
2026-06-26 17:52:21 [INFO   ]  Debit instantane : 487.1 L/min
2026-06-26 17:52:31 [INFO   ]  Debit instantane : 476.0 L/min
2026-06-26 17:52:41 [INFO   ]  Debit instantane : 459.4 L/min
2026-06-26 17:52:52 [INFO   ]  Debit instantane : 459.4 L/min
2026-06-26 17:53:02 [INFO   ]  Debit instantane : 0.0 L/min
2026-06-26 17:53:12 [INFO   ]  Debit instantane : 116.2 L/min
2026-06-26 17:53:22 [INFO   ]  Debit instantane : 470.5 L/min
2026-06-26 17:53:32 [INFO   ]  Debit instantane : 464.9 L/min
2026-06-26 17:53:37 [INFO   ]  PRG5 — AIR mode 1
2026-06-26 17:53:42 [INFO   ]  Debit instantane : 431.7 L/min
2026-06-26 17:53:43 [INFO   ]  PRG5 — AIR mode 0
2026-06-26 17:53:56 [INFO   ]  VIC → 100 pas
2026-06-26 17:53:56 [INFO   ]  PRG5 — VIC pos 2 (100 pas)
2026-06-26 17:53:56 [INFO   ]  Debit instantane : 464.9 L/min
2026-06-26 17:54:07 [INFO   ]  Debit instantane : 470.5 L/min
2026-06-26 17:54:17 [INFO   ]  Debit instantane : 304.4 L/min
2026-06-26 17:54:27 [INFO   ]  Debit instantane : 0.0 L/min
2026-06-26 17:54:37 [INFO   ]  Debit instantane : 0.0 L/min
2026-06-26 17:54:47 [INFO   ]  Debit instantane : 0.0 L/min
2026-06-26 17:54:49 [WARNING]  PRG5 — Débit insuffisant depuis 30s (0.0 L/min < 80.0 L/min)
2026-06-26 17:54:49 [WARNING]  Sécurité débit — procédure relance (3 tentatives, pause=5s)
2026-06-26 17:54:50 [WARNING]  Sécurité débit — relance pompe 1/3
2026-06-26 17:55:00 [WARNING]  Sécurité débit — relance pompe 2/3
2026-06-26 17:55:10 [WARNING]  Sécurité débit — relance pompe 3/3
2026-06-26 17:55:20 [INFO   ]  Sécurité débit — relance réussie (310.0 L/min)
2026-06-26 17:55:21 [INFO   ]  Debit instantane : 310.0 L/min
2026-06-26 17:55:31 [INFO   ]  Debit instantane : 470.5 L/min
2026-06-26 17:55:41 [INFO   ]  Debit instantane : 464.9 L/min
2026-06-26 17:55:50 [INFO   ]  VIC → 50 pas
2026-06-26 17:55:50 [INFO   ]  PRG5 — VIC pos 0 (50 pas)
2026-06-26 17:55:55 [INFO   ]  VIC → 100 pas
2026-06-26 17:55:55 [INFO   ]  PRG5 — VIC pos 2 (100 pas)
2026-06-26 17:55:55 [INFO   ]  Debit instantane : 0.0 L/min
2026-06-26 17:56:05 [INFO   ]  Debit instantane : 0.0 L/min
2026-06-26 17:56:15 [INFO   ]  Debit instantane : 0.0 L/min
2026-06-26 17:56:25 [WARNING]  PRG5 — Débit insuffisant depuis 30s (0.0 L/min < 80.0 L/min)
2026-06-26 17:56:25 [WARNING]  Sécurité débit — procédure relance (3 tentatives, pause=5s)
2026-06-26 17:56:26 [WARNING]  Sécurité débit — relance pompe 1/3
2026-06-26 17:56:36 [WARNING]  Sécurité débit — relance pompe 2/3
2026-06-26 17:56:46 [WARNING]  Sécurité débit — relance pompe 3/3
2026-06-26 17:56:56 [ERROR  ]  Sécurité débit — 3 relances sans succès → arrêt forcé
2026-06-26 17:56:57 [ERROR  ]  PRG5 — sécurité débit → arrêt
2026-06-26 17:56:57 [INFO   ]  PRG5 — arrêt
2026-06-26 17:57:02 [INFO   ]  VIC → 50 pas
2026-06-26 17:57:02 [INFO   ]  PRG5 — Volume total utilisé : 1059.32 L
2026-06-26 17:57:02 [INFO   ]  PRG5 — arrêté  durée 04:45  volume 1059.32 L
2026-06-26 17:57:31 [INFO   ]  PRG5 sélectionné — DESEMBOUAGE
2026-06-26 17:57:31 [INFO   ]  PRG5 — mise en place vannes + démarrage
2026-06-26 17:57:31 [INFO   ]  PRG5 — démarrage
2026-06-26 17:57:31 [INFO   ]  VIC mini-homing — ancrage DEPART (106 pas overcourse)
2026-06-26 17:57:42 [INFO   ]  VIC mini-homing — butée DEPART atteinte, compteur recalé à 0
2026-06-26 17:57:42 [INFO   ]  PRG5 — RUNNING
2026-06-26 17:57:52 [INFO   ]  Debit instantane : 326.6 L/min
2026-06-26 17:58:02 [INFO   ]  Debit instantane : 321.0 L/min
2026-06-26 17:58:12 [INFO   ]  Debit instantane : 431.7 L/min
2026-06-26 17:58:22 [INFO   ]  Debit instantane : 143.9 L/min
2026-06-26 17:58:33 [INFO   ]  Debit instantane : 0.0 L/min
2026-06-26 17:58:43 [INFO   ]  Debit instantane : 0.0 L/min
2026-06-26 17:58:53 [INFO   ]  Debit instantane : 0.0 L/min
2026-06-26 17:58:53 [WARNING]  PRG5 — Débit insuffisant depuis 30s (0.0 L/min < 80.0 L/min)
2026-06-26 17:58:53 [WARNING]  Sécurité débit — procédure relance (3 tentatives, pause=5s)
2026-06-26 17:58:54 [WARNING]  Sécurité débit — relance pompe 1/3
2026-06-26 17:59:04 [WARNING]  Sécurité débit — relance pompe 2/3
2026-06-26 17:59:14 [WARNING]  Sécurité débit — relance pompe 3/3
2026-06-26 17:59:24 [ERROR  ]  Sécurité débit — 3 relances sans succès → arrêt forcé
2026-06-26 17:59:25 [ERROR  ]  PRG5 — sécurité débit → arrêt
2026-06-26 17:59:25 [INFO   ]  PRG5 — arrêt
2026-06-26 17:59:30 [INFO   ]  VIC → 50 pas
2026-06-26 17:59:30 [INFO   ]  PRG5 — Volume total utilisé : 214.02 L
2026-06-26 17:59:30 [INFO   ]  PRG5 — arrêté  durée 01:42  volume 214.02 L
2026-06-26 18:18:19 [INFO   ]  PRG5 sélectionné — DESEMBOUAGE
2026-06-26 18:18:19 [INFO   ]  PRG5 — mise en place vannes + démarrage
2026-06-26 18:18:19 [INFO   ]  PRG5 — démarrage
2026-06-26 18:18:19 [INFO   ]  VIC mini-homing — ancrage DEPART (106 pas overcourse)
2026-06-26 18:18:30 [INFO   ]  VIC mini-homing — butée DEPART atteinte, compteur recalé à 0
2026-06-26 18:18:30 [INFO   ]  PRG5 — RUNNING
2026-06-26 18:18:40 [INFO   ]  Debit instantane : 0.0 L/min
2026-06-26 18:18:44 [INFO   ]  PRG5 — arrêt demandé par opérateur
2026-06-26 18:18:44 [INFO   ]  PRG5 — arrêt
2026-06-26 18:18:49 [INFO   ]  VIC → 50 pas
2026-06-26 18:18:49 [INFO   ]  PRG5 — Volume total utilisé : 0.00 L
2026-06-26 18:18:49 [INFO   ]  PRG5 — arrêté  durée 00:14  volume 0.00 L
2026-06-26 18:19:31 [INFO   ]  PRG5 sélectionné — DESEMBOUAGE
2026-06-26 18:19:31 [INFO   ]  PRG5 — mise en place vannes + démarrage
2026-06-26 18:19:31 [INFO   ]  PRG5 — démarrage
2026-06-26 18:19:31 [INFO   ]  VIC mini-homing — ancrage DEPART (106 pas overcourse)
2026-06-26 18:19:42 [INFO   ]  VIC mini-homing — butée DEPART atteinte, compteur recalé à 0
2026-06-26 18:19:42 [INFO   ]  PRG5 — RUNNING
2026-06-26 18:19:49 [INFO   ]  VIC → 50 pas
2026-06-26 18:19:49 [INFO   ]  PRG5 — VIC pos 0 (50 pas)
2026-06-26 18:19:52 [INFO   ]  Debit instantane : 459.4 L/min
2026-06-26 18:20:00 [INFO   ]  VIC → 100 pas
2026-06-26 18:20:00 [INFO   ]  PRG5 — VIC pos 2 (100 pas)
2026-06-26 18:20:02 [INFO   ]  Debit instantane : 470.5 L/min
2026-06-26 18:20:08 [INFO   ]  VIC → 50 pas
2026-06-26 18:20:08 [INFO   ]  PRG5 — VIC pos 0 (50 pas)
2026-06-26 18:20:12 [INFO   ]  Debit instantane : 138.4 L/min
2026-06-26 18:20:22 [INFO   ]  Debit instantane : 143.9 L/min
2026-06-26 18:20:32 [INFO   ]  Debit instantane : 143.9 L/min
2026-06-26 18:20:42 [INFO   ]  Debit instantane : 0.0 L/min
2026-06-26 18:20:52 [INFO   ]  Debit instantane : 0.0 L/min
2026-06-26 18:21:03 [INFO   ]  Debit instantane : 0.0 L/min
2026-06-26 18:21:03 [WARNING]  PRG5 — Débit insuffisant depuis 30s (0.0 L/min < 80.0 L/min)
2026-06-26 18:21:03 [WARNING]  Sécurité débit — procédure relance (3 tentatives, pause=5s)
2026-06-26 18:21:04 [WARNING]  Sécurité débit — relance pompe 1/3
2026-06-26 18:21:14 [WARNING]  Sécurité débit — relance pompe 2/3
2026-06-26 18:21:24 [WARNING]  Sécurité débit — relance pompe 3/3
2026-06-26 18:21:34 [ERROR  ]  Sécurité débit — 3 relances sans succès → arrêt forcé
2026-06-26 18:21:35 [ERROR  ]  PRG5 — sécurité débit → arrêt
2026-06-26 18:21:35 [INFO   ]  PRG5 — arrêt
2026-06-26 18:21:35 [INFO   ]  PRG5 — Volume total utilisé : 215.13 L
2026-06-26 18:21:35 [INFO   ]  PRG5 — arrêté  durée 01:53  volume 215.13 L
2026-06-26 18:23:36 [INFO   ]  PRG5 sélectionné — DESEMBOUAGE
2026-06-26 18:23:36 [INFO   ]  PRG5 — mise en place vannes + démarrage
2026-06-26 18:23:36 [INFO   ]  PRG5 — démarrage
2026-06-26 18:23:36 [INFO   ]  VIC mini-homing — ancrage DEPART (106 pas overcourse)
2026-06-26 18:23:47 [INFO   ]  VIC mini-homing — butée DEPART atteinte, compteur recalé à 0
2026-06-26 18:23:52 [INFO   ]  VIC → 50 pas
2026-06-26 18:23:52 [INFO   ]  PRG5 — RUNNING
2026-06-26 18:23:54 [INFO   ]  PRG5 — AIR mode 1
2026-06-26 18:24:02 [INFO   ]  Debit instantane : 0.0 L/min
2026-06-26 18:24:12 [INFO   ]  Debit instantane : 0.0 L/min
2026-06-26 18:24:17 [INFO   ]  PRG5 — AIR mode 0
2026-06-26 18:24:25 [INFO   ]  VIC → 0 pas
2026-06-26 18:24:25 [INFO   ]  PRG5 — VIC pos 1 (0 pas)
2026-06-26 18:24:25 [INFO   ]  Debit instantane : 0.0 L/min
2026-06-26 18:24:25 [WARNING]  PRG5 — Débit insuffisant depuis 30s (0.0 L/min < 80.0 L/min)
2026-06-26 18:24:25 [WARNING]  Sécurité débit — procédure relance (3 tentatives, pause=5s)
2026-06-26 18:24:25 [WARNING]  Sécurité débit — relance pompe 1/3
2026-06-26 18:24:35 [WARNING]  Sécurité débit — relance pompe 2/3
2026-06-26 18:24:46 [WARNING]  Sécurité débit — relance pompe 3/3
2026-06-26 18:24:56 [ERROR  ]  Sécurité débit — 3 relances sans succès → arrêt forcé
2026-06-26 18:24:56 [ERROR  ]  PRG5 — sécurité débit → arrêt
2026-06-26 18:24:56 [INFO   ]  PRG5 — arrêt
2026-06-26 18:25:01 [INFO   ]  VIC → 50 pas
2026-06-26 18:25:01 [INFO   ]  PRG5 — Volume total utilisé : 0.00 L
2026-06-26 18:25:01 [INFO   ]  PRG5 — arrêté  durée 01:03  volume 0.00 L
2026-06-26 18:25:07 [INFO   ]  PRG5 sélectionné — DESEMBOUAGE
2026-06-26 18:25:07 [INFO   ]  PRG5 — mise en place vannes + démarrage
2026-06-26 18:25:07 [INFO   ]  PRG5 — démarrage
2026-06-26 18:25:07 [INFO   ]  VIC mini-homing — ancrage DEPART (106 pas overcourse)
2026-06-26 18:25:18 [INFO   ]  VIC mini-homing — butée DEPART atteinte, compteur recalé à 0
2026-06-26 18:25:18 [INFO   ]  PRG5 — RUNNING
2026-06-26 18:25:19 [INFO   ]  PRG5 — AIR mode 1
2026-06-26 18:25:27 [INFO   ]  PRG5 — AIR mode 0
2026-06-26 18:25:28 [INFO   ]  Debit instantane : 0.0 L/min
2026-06-26 18:25:30 [INFO   ]  PRG5 — AIR mode 1
2026-06-26 18:25:30 [INFO   ]  PRG5 — AIR mode 2
2026-06-26 18:25:38 [INFO   ]  Debit instantane : 0.0 L/min
2026-06-26 18:25:48 [INFO   ]  Debit instantane : 0.0 L/min
2026-06-26 18:25:56 [INFO   ]  PRG5 — AIR mode 1
2026-06-26 18:25:56 [INFO   ]  PRG5 — AIR mode 0
2026-06-26 18:25:58 [INFO   ]  Debit instantane : 0.0 L/min
2026-06-26 18:26:06 [WARNING]  PRG5 — Débit insuffisant depuis 30s (0.0 L/min < 80.0 L/min)
2026-06-26 18:26:06 [WARNING]  Sécurité débit — procédure relance (3 tentatives, pause=5s)
2026-06-26 18:26:07 [WARNING]  Sécurité débit — relance pompe 1/3
2026-06-26 18:26:17 [WARNING]  Sécurité débit — relance pompe 2/3
2026-06-26 18:26:27 [WARNING]  Sécurité débit — relance pompe 3/3
2026-06-26 18:26:37 [ERROR  ]  Sécurité débit — 3 relances sans succès → arrêt forcé
2026-06-26 18:26:37 [ERROR  ]  PRG5 — sécurité débit → arrêt
2026-06-26 18:26:38 [INFO   ]  PRG5 — arrêt
2026-06-26 18:26:43 [INFO   ]  VIC → 50 pas
2026-06-26 18:26:43 [INFO   ]  PRG5 — Volume total utilisé : 3.32 L
2026-06-26 18:26:43 [INFO   ]  PRG5 — arrêté  durée 01:19  volume 3.32 L
2026-06-26 18:26:54 [INFO   ]  PRG5 sélectionné — DESEMBOUAGE
2026-06-26 18:26:54 [INFO   ]  PRG5 — mise en place vannes + démarrage
2026-06-26 18:26:54 [INFO   ]  PRG5 — démarrage
2026-06-26 18:26:54 [INFO   ]  VIC mini-homing — ancrage DEPART (106 pas overcourse)
2026-06-26 18:27:05 [INFO   ]  VIC mini-homing — butée DEPART atteinte, compteur recalé à 0
2026-06-26 18:27:05 [INFO   ]  PRG5 — RUNNING
2026-06-26 18:27:15 [INFO   ]  Debit instantane : 16.6 L/min
2026-06-26 18:27:25 [INFO   ]  Debit instantane : 16.6 L/min
2026-06-26 18:27:35 [INFO   ]  Debit instantane : 16.6 L/min
2026-06-26 18:27:35 [WARNING]  PRG5 — Débit insuffisant depuis 30s (16.6 L/min < 80.0 L/min)
2026-06-26 18:27:35 [WARNING]  Sécurité débit — procédure relance (3 tentatives, pause=5s)
2026-06-26 18:27:36 [WARNING]  Sécurité débit — relance pompe 1/3
2026-06-26 18:27:46 [WARNING]  Sécurité débit — relance pompe 2/3
2026-06-26 18:27:56 [WARNING]  Sécurité débit — relance pompe 3/3
2026-06-26 18:28:06 [ERROR  ]  Sécurité débit — 3 relances sans succès → arrêt forcé
2026-06-26 18:28:06 [ERROR  ]  PRG5 — sécurité débit → arrêt
2026-06-26 18:28:07 [INFO   ]  PRG5 — arrêt
2026-06-26 18:28:12 [INFO   ]  VIC → 50 pas
2026-06-26 18:28:12 [INFO   ]  PRG5 — Volume total utilisé : 16.42 L
2026-06-26 18:28:12 [INFO   ]  PRG5 — arrêté  durée 01:01  volume 16.42 L
2026-06-26 18:28:19 [INFO   ]  PRG5 sélectionné — DESEMBOUAGE
2026-06-26 18:28:19 [INFO   ]  PRG5 — mise en place vannes + démarrage
2026-06-26 18:28:19 [INFO   ]  PRG5 — démarrage
2026-06-26 18:28:19 [INFO   ]  VIC mini-homing — ancrage DEPART (106 pas overcourse)
2026-06-26 18:28:30 [INFO   ]  VIC mini-homing — butée DEPART atteinte, compteur recalé à 0
2026-06-26 18:28:35 [INFO   ]  VIC → 50 pas
2026-06-26 18:28:35 [INFO   ]  PRG5 — RUNNING
2026-06-26 18:28:40 [INFO   ]  VIC → 0 pas
2026-06-26 18:28:40 [INFO   ]  PRG5 — VIC pos 1 (0 pas)
2026-06-26 18:28:45 [INFO   ]  Debit instantane : 155.0 L/min
2026-06-26 18:28:55 [INFO   ]  Debit instantane : 0.0 L/min
2026-06-26 18:29:06 [INFO   ]  Debit instantane : 0.0 L/min
2026-06-26 18:29:16 [INFO   ]  Debit instantane : 0.0 L/min
2026-06-26 18:29:18 [WARNING]  PRG5 — Débit insuffisant depuis 30s (0.0 L/min < 80.0 L/min)
2026-06-26 18:29:18 [WARNING]  Sécurité débit — procédure relance (3 tentatives, pause=5s)
2026-06-26 18:29:18 [WARNING]  Sécurité débit — relance pompe 1/3
2026-06-26 18:29:28 [INFO   ]  Sécurité débit — relance réussie (160.5 L/min)
2026-06-26 18:29:29 [INFO   ]  Debit instantane : 160.5 L/min
2026-06-26 18:29:39 [INFO   ]  Debit instantane : 83.0 L/min
                                                                                                                                                                                                                                                 