2026-06-27 02:01:51 [INFO   ]  Log ouvert : /home/bebl/Desktop/Clean-and-Protech/V5/logs/run_20260627_020151.log
2026-06-27 02:01:51 [INFO   ]  ============================================
2026-06-27 02:01:51 [INFO   ]    CLEAN & PROTECH — SERENA 230V — démarrage
2026-06-27 02:01:51 [INFO   ]  ============================================
2026-06-27 02:01:54 [INFO   ]  Homing VIC — démarrage
2026-06-27 02:01:54 [INFO   ]  VIC homing — 5 cycles, overcourse=106 pas
2026-06-27 02:02:04 [INFO   ]  VIC homing — ancrage DEPART OK
2026-06-27 02:02:15 [INFO   ]  VIC homing — cycle 1/5 RETOUR
2026-06-27 02:02:26 [INFO   ]  VIC homing — cycle 1/5 DEPART
2026-06-27 02:02:36 [INFO   ]  VIC homing — cycle 2/5 RETOUR
2026-06-27 02:02:47 [INFO   ]  VIC homing — cycle 2/5 DEPART
2026-06-27 02:02:58 [INFO   ]  VIC homing — cycle 3/5 RETOUR
2026-06-27 02:03:08 [INFO   ]  VIC homing — cycle 3/5 DEPART
2026-06-27 02:03:19 [INFO   ]  VIC homing — cycle 4/5 RETOUR
2026-06-27 02:03:29 [INFO   ]  VIC homing — cycle 4/5 DEPART
2026-06-27 02:03:40 [INFO   ]  VIC homing — cycle 5/5 RETOUR
2026-06-27 02:03:45 [INFO   ]  VIC homing — terminé, position NEUTRE (50 pas)
2026-06-27 02:03:45 [INFO   ]  Homing VIC — terminé en 111.2s
2026-06-27 02:03:50 [INFO   ]  Machine prête — état IDLE
2026-06-27 02:12:04 [INFO   ]  PRG1 sélectionné — PREM.VIDANGE
2026-06-27 02:12:05 [INFO   ]  PRG1 — mise en place vannes + démarrage
2026-06-27 02:12:05 [INFO   ]  PRG1 — démarrage
2026-06-27 02:12:05 [INFO   ]  Vanne POT_A_BOUE → ouverte
2026-06-27 02:12:20 [INFO   ]  VIC mini-homing — ancrage DEPART (106 pas overcourse)
2026-06-27 02:12:30 [INFO   ]  VIC mini-homing — butée DEPART atteinte, compteur recalé à 0
2026-06-27 02:12:30 [INFO   ]  PRG1 — RUNNING
2026-06-27 02:12:40 [INFO   ]  Debit instantane : 0.0 L/min
2026-06-27 02:12:50 [INFO   ]  Debit instantane : 0.0 L/min
2026-06-27 02:13:00 [INFO   ]  Debit instantane : 0.0 L/min
2026-06-27 02:13:11 [INFO   ]  Debit instantane : 0.0 L/min
2026-06-27 02:13:21 [INFO   ]  Debit instantane : 0.0 L/min
2026-06-27 02:13:31 [INFO   ]  Debit instantane : 0.0 L/min
2026-06-27 02:13:41 [INFO   ]  Debit instantane : 0.0 L/min
2026-06-27 02:13:51 [INFO   ]  Debit instantane : 0.0 L/min
2026-06-27 02:14:01 [INFO   ]  Debit instantane : 0.0 L/min
2026-06-27 02:14:11 [INFO   ]  Debit instantane : 0.0 L/min
2026-06-27 02:14:18 [INFO   ]  PRG1 — arrêt demandé par opérateur
2026-06-27 02:14:18 [INFO   ]  PRG1 — arrêt
2026-06-27 02:14:23 [INFO   ]  VIC → 50 pas
2026-06-27 02:14:23 [INFO   ]  PRG1 — Volume total utilisé : 0.00 L
2026-06-27 02:14:23 [INFO   ]  PRG1 — arrêté  durée 01:47  volume 0.00 L
2026-06-27 02:15:05 [INFO   ]  PRG2 sélectionné — VIDANGE CUVE
2026-06-27 02:15:05 [INFO   ]  PRG2 — mise en place vannes + démarrage
2026-06-27 02:15:05 [INFO   ]  PRG2 — démarrage
2026-06-27 02:15:05 [INFO   ]  Vanne POT_A_BOUE → fermée
2026-06-27 02:15:21 [INFO   ]  Vanne EGOUTS → ouverte
2026-06-27 02:15:36 [INFO   ]  Vanne CUVE_TRAVAIL → ouverte
2026-06-27 02:15:51 [INFO   ]  VIC mini-homing — ancrage DEPART (106 pas overcourse)
2026-06-27 02:16:02 [INFO   ]  VIC mini-homing — butée DEPART atteinte, compteur recalé à 0
2026-06-27 02:16:07 [INFO   ]  VIC → 50 pas
2026-06-27 02:16:07 [INFO   ]  PRG2 — RUNNING
2026-06-27 02:16:17 [INFO   ]  Debit instantane : 514.8 L/min
2026-06-27 02:16:27 [INFO   ]  Debit instantane : 498.2 L/min
2026-06-27 02:16:37 [INFO   ]  Debit instantane : 487.1 L/min
2026-06-27 02:16:47 [INFO   ]  Debit instantane : 492.6 L/min
2026-06-27 02:16:57 [INFO   ]  Debit instantane : 487.1 L/min
2026-06-27 02:17:07 [INFO   ]  Debit instantane : 55.4 L/min
2026-06-27 02:17:18 [INFO   ]  Debit instantane : 33.2 L/min
2026-06-27 02:17:28 [INFO   ]  Debit instantane : 166.1 L/min
2026-06-27 02:17:38 [INFO   ]  Debit instantane : 0.0 L/min
2026-06-27 02:17:48 [INFO   ]  Debit instantane : 0.0 L/min
2026-06-27 02:17:49 [INFO   ]  PRG2 — arrêt demandé par opérateur
2026-06-27 02:17:49 [INFO   ]  PRG2 — arrêt
2026-06-27 02:17:49 [INFO   ]  PRG2 — Volume total utilisé : 468.73 L
2026-06-27 02:17:50 [INFO   ]  PRG2 — arrêté  durée 01:42  volume 468.73 L
2026-06-27 02:18:03 [INFO   ]  PRG3 sélectionné — SECHAGE
2026-06-27 02:18:04 [INFO   ]  PRG3 — mise en place vannes + démarrage
2026-06-27 02:18:04 [INFO   ]  PRG3 — démarrage
2026-06-27 02:18:04 [INFO   ]  Vanne EGOUTS → fermée
2026-06-27 02:18:20 [INFO   ]  Vanne CUVE_TRAVAIL → fermée
2026-06-27 02:18:36 [INFO   ]  VIC mini-homing — ancrage DEPART (106 pas overcourse)
2026-06-27 02:18:46 [INFO   ]  VIC mini-homing — butée DEPART atteinte, compteur recalé à 0
2026-06-27 02:18:46 [INFO   ]  PRG3 — RUNNING
2026-06-27 02:18:56 [INFO   ]  Debit instantane : 0.0 L/min
2026-06-27 02:19:06 [INFO   ]  Debit instantane : 0.0 L/min
2026-06-27 02:19:08 [INFO   ]  PRG3 — EGOUTS ouvert
2026-06-27 02:19:14 [INFO   ]  PRG3 — arrêt demandé par opérateur
2026-06-27 02:19:14 [INFO   ]  PRG3 — arrêt
2026-06-27 02:19:19 [INFO   ]  VIC → 50 pas
2026-06-27 02:19:19 [INFO   ]  PRG3 — Volume total utilisé : 0.09 L
2026-06-27 02:19:19 [INFO   ]  PRG3 — arrêté  durée 00:27  volume 0.09 L
2026-06-27 02:19:54 [INFO   ]  PRG4 sélectionné — REMPLISSAGE
2026-06-27 02:19:54 [INFO   ]  PRG4 — mise en place vannes + démarrage
2026-06-27 02:19:54 [INFO   ]  PRG4 — démarrage
2026-06-27 02:19:54 [INFO   ]  Vanne EGOUTS → fermée
2026-06-27 02:20:10 [INFO   ]  Vanne POT_A_BOUE → ouverte
2026-06-27 02:20:25 [INFO   ]  Vanne EAU_PROPRE → ouverte
2026-06-27 02:20:40 [INFO   ]  VIC mini-homing — ancrage DEPART (106 pas overcourse)
2026-06-27 02:20:51 [INFO   ]  VIC mini-homing — butée DEPART atteinte, compteur recalé à 0
2026-06-27 02:20:56 [INFO   ]  VIC → 50 pas
2026-06-27 02:20:56 [INFO   ]  PRG4 — RUNNING
2026-06-27 02:21:06 [INFO   ]  Debit instantane : 492.6 L/min
2026-06-27 02:21:16 [INFO   ]  Debit instantane : 481.5 L/min
2026-06-27 02:21:26 [INFO   ]  Debit instantane : 464.9 L/min
2026-06-27 02:21:36 [INFO   ]  Debit instantane : 459.4 L/min
2026-06-27 02:21:46 [INFO   ]  Debit instantane : 49.8 L/min
2026-06-27 02:21:56 [INFO   ]  Debit instantane : 22.1 L/min
2026-06-27 02:22:06 [INFO   ]  Debit instantane : 22.1 L/min
2026-06-27 02:22:15 [WARNING]  PRG4 — Débit insuffisant depuis 30s (27.7 L/min < 80.0 L/min)
2026-06-27 02:22:15 [WARNING]  Sécurité débit — procédure relance (3 tentatives, pause=5s)
2026-06-27 02:22:15 [WARNING]  Sécurité débit — relance pompe 1/3
2026-06-27 02:22:26 [WARNING]  Sécurité débit — relance pompe 2/3
2026-06-27 02:22:36 [WARNING]  Sécurité débit — relance pompe 3/3
2026-06-27 02:22:46 [ERROR  ]  Sécurité débit — 3 relances sans succès → arrêt forcé
2026-06-27 02:22:46 [ERROR  ]  PRG4 — sécurité débit → arrêt
2026-06-27 02:22:46 [INFO   ]  PRG4 — arrêt
2026-06-27 02:22:46 [INFO   ]  PRG4 — Volume total utilisé : 359.87 L
2026-06-27 02:22:46 [INFO   ]  PRG4 — arrêté  durée 01:50  volume 360.06 L
2026-06-27 02:22:56 [INFO   ]  PRG5 sélectionné — DESEMBOUAGE
2026-06-27 02:22:56 [INFO   ]  PRG5 — mise en place vannes + démarrage
2026-06-27 02:22:56 [INFO   ]  PRG5 — démarrage
2026-06-27 02:22:56 [INFO   ]  Vanne EAU_PROPRE → fermée
2026-06-27 02:23:12 [INFO   ]  Vanne CUVE_TRAVAIL → ouverte
2026-06-27 02:23:27 [INFO   ]  VIC mini-homing — ancrage DEPART (106 pas overcourse)
2026-06-27 02:23:38 [INFO   ]  VIC mini-homing — butée DEPART atteinte, compteur recalé à 0
2026-06-27 02:23:43 [INFO   ]  VIC → 50 pas
2026-06-27 02:23:43 [INFO   ]  PRG5 — RUNNING
2026-06-27 02:23:53 [INFO   ]  Debit instantane : 498.2 L/min
2026-06-27 02:24:03 [INFO   ]  Debit instantane : 498.2 L/min
2026-06-27 02:24:13 [INFO   ]  Debit instantane : 487.1 L/min
2026-06-27 02:24:23 [INFO   ]  Debit instantane : 487.1 L/min
2026-06-27 02:24:33 [INFO   ]  Debit instantane : 481.5 L/min
2026-06-27 02:24:44 [INFO   ]  Debit instantane : 44.3 L/min
2026-06-27 02:24:54 [INFO   ]  Debit instantane : 121.8 L/min
2026-06-27 02:25:04 [INFO   ]  Debit instantane : 492.6 L/min
2026-06-27 02:25:14 [INFO   ]  Debit instantane : 0.0 L/min
2026-06-27 02:25:24 [INFO   ]  Debit instantane : 0.0 L/min
2026-06-27 02:25:34 [INFO   ]  Debit instantane : 509.2 L/min
2026-06-27 02:25:45 [INFO   ]  Debit instantane : 332.1 L/min
2026-06-27 02:25:55 [INFO   ]  Debit instantane : 0.0 L/min
2026-06-27 02:26:01 [INFO   ]  VIC → 0 pas
2026-06-27 02:26:01 [INFO   ]  PRG5 — VIC pos 1 (0 pas)
2026-06-27 02:26:05 [INFO   ]  Debit instantane : 0.0 L/min
2026-06-27 02:26:15 [INFO   ]  Debit instantane : 0.0 L/min
2026-06-27 02:26:17 [WARNING]  PRG5 — Débit insuffisant depuis 30s (0.0 L/min < 80.0 L/min)
2026-06-27 02:26:17 [WARNING]  Sécurité débit — procédure relance (3 tentatives, pause=5s)
2026-06-27 02:26:17 [WARNING]  Sécurité débit — relance pompe 1/3
2026-06-27 02:26:27 [INFO   ]  Sécurité débit — relance réussie (210.3 L/min)
2026-06-27 02:26:28 [INFO   ]  Debit instantane : 210.3 L/min
2026-06-27 02:26:38 [INFO   ]  Debit instantane : 177.1 L/min
2026-06-27 02:26:48 [INFO   ]  Debit instantane : 193.7 L/min
2026-06-27 02:26:58 [INFO   ]  Debit instantane : 0.0 L/min
2026-06-27 02:27:08 [INFO   ]  Debit instantane : 0.0 L/min
2026-06-27 02:27:18 [INFO   ]  Debit instantane : 0.0 L/min
2026-06-27 02:27:23 [WARNING]  PRG5 — Débit insuffisant depuis 30s (0.0 L/min < 80.0 L/min)
2026-06-27 02:27:23 [WARNING]  Sécurité débit — procédure relance (3 tentatives, pause=5s)
2026-06-27 02:27:23 [WARNING]  Sécurité débit — relance pompe 1/3
2026-06-27 02:27:34 [INFO   ]  Sécurité débit — relance réussie (204.8 L/min)
2026-06-27 02:27:34 [INFO   ]  Debit instantane : 204.8 L/min
2026-06-27 02:27:44 [INFO   ]  Debit instantane : 193.7 L/min
2026-06-27 02:27:54 [INFO   ]  Debit instantane : 193.7 L/min
2026-06-27 02:28:04 [INFO   ]  Debit instantane : 188.2 L/min
2026-06-27 02:28:14 [INFO   ]  Debit instantane : 182.7 L/min
2026-06-27 02:28:26 [INFO   ]  VIC → 50 pas
2026-06-27 02:28:26 [INFO   ]  PRG5 — VIC pos 0 (50 pas)
2026-06-27 02:28:26 [INFO   ]  Debit instantane : 0.0 L/min
2026-06-27 02:28:36 [INFO   ]  Debit instantane : 0.0 L/min
2026-06-27 02:28:46 [INFO   ]  Debit instantane : 0.0 L/min
2026-06-27 02:28:56 [WARNING]  PRG5 — Débit insuffisant depuis 30s (0.0 L/min < 80.0 L/min)
2026-06-27 02:28:56 [WARNING]  Sécurité débit — procédure relance (3 tentatives, pause=5s)
2026-06-27 02:28:57 [WARNING]  Sécurité débit — relance pompe 1/3
2026-06-27 02:29:07 [WARNING]  Sécurité débit — relance pompe 2/3
2026-06-27 02:29:17 [WARNING]  Sécurité débit — relance pompe 3/3
2026-06-27 02:29:27 [ERROR  ]  Sécurité débit — 3 relances sans succès → arrêt forcé
2026-06-27 02:29:27 [ERROR  ]  PRG5 — sécurité débit → arrêt
2026-06-27 02:29:28 [INFO   ]  PRG5 — arrêt
2026-06-27 02:29:28 [INFO   ]  PRG5 — Volume total utilisé : 932.93 L
2026-06-27 02:29:28 [INFO   ]  PRG5 — arrêté  durée 05:44  volume 932.93 L
2026-06-27 02:29:35 [INFO   ]  PRG1 sélectionné — PREM.VIDANGE
2026-06-27 02:29:35 [INFO   ]  PRG1 — mise en place vannes + démarrage
2026-06-27 02:29:35 [INFO   ]  PRG1 — démarrage
2026-06-27 02:29:35 [INFO   ]  Vanne CUVE_TRAVAIL → fermée
2026-06-27 02:29:51 [INFO   ]  VIC mini-homing — ancrage DEPART (106 pas overcourse)
2026-06-27 02:30:02 [INFO   ]  VIC mini-homing — butée DEPART atteinte, compteur recalé à 0
2026-06-27 02:30:02 [INFO   ]  PRG1 — RUNNING
2026-06-27 02:30:12 [INFO   ]  Debit instantane : 0.0 L/min
2026-06-27 02:30:22 [INFO   ]  Debit instantane : 0.0 L/min
2026-06-27 02:30:32 [INFO   ]  Debit instantane : 0.0 L/min
2026-06-27 02:30:42 [INFO   ]  Debit instantane : 0.0 L/min
2026-06-27 02:30:42 [INFO   ]  PRG1 — arrêt demandé par opérateur
2026-06-27 02:30:43 [INFO   ]  PRG1 — arrêt
2026-06-27 02:30:48 [INFO   ]  VIC → 50 pas
2026-06-27 02:30:48 [INFO   ]  PRG1 — Volume total utilisé : 0.00 L
2026-06-27 02:30:48 [INFO   ]  PRG1 — arrêté  durée 00:40  volume 0.00 L
2026-06-27 02:30:52 [INFO   ]  PRG2 sélectionné — VIDANGE CUVE
2026-06-27 02:30:52 [INFO   ]  PRG2 — mise en place vannes + démarrage
2026-06-27 02:30:52 [INFO   ]  PRG2 — démarrage
2026-06-27 02:30:52 [INFO   ]  Vanne POT_A_BOUE → fermée
2026-06-27 02:31:08 [INFO   ]  Vanne EGOUTS → ouverte
2026-06-27 02:31:23 [INFO   ]  Vanne CUVE_TRAVAIL → ouverte
2026-06-27 02:31:38 [INFO   ]  VIC mini-homing — ancrage DEPART (106 pas overcourse)
2026-06-27 02:31:49 [INFO   ]  VIC mini-homing — butée DEPART atteinte, compteur recalé à 0
2026-06-27 02:31:54 [INFO   ]  VIC → 50 pas
2026-06-27 02:31:54 [INFO   ]  PRG2 — RUNNING
2026-06-27 02:32:04 [INFO   ]  Debit instantane : 509.2 L/min
2026-06-27 02:32:14 [INFO   ]  Debit instantane : 498.2 L/min
2026-06-27 02:32:24 [INFO   ]  Debit instantane : 487.1 L/min
2026-06-27 02:32:34 [INFO   ]  Debit instantane : 487.1 L/min
2026-06-27 02:32:44 [INFO   ]  Debit instantane : 27.7 L/min
2026-06-27 02:32:54 [INFO   ]  Debit instantane : 38.7 L/min
2026-06-27 02:33:05 [INFO   ]  Debit instantane : 72.0 L/min
2026-06-27 02:33:15 [INFO   ]  Debit instantane : 0.0 L/min
2026-06-27 02:33:25 [INFO   ]  Debit instantane : 0.0 L/min
2026-06-27 02:33:35 [INFO   ]  Debit instantane : 0.0 L/min
2026-06-27 02:33:38 [WARNING]  PRG2 — Débit insuffisant depuis 30s (0.0 L/min < 80.0 L/min)
2026-06-27 02:33:38 [WARNING]  Sécurité débit — procédure relance (3 tentatives, pause=5s)
2026-06-27 02:33:39 [WARNING]  Sécurité débit — relance pompe 1/3
2026-06-27 02:33:49 [WARNING]  Sécurité débit — relance pompe 2/3
2026-06-27 02:33:59 [WARNING]  Sécurité débit — relance pompe 3/3
2026-06-27 02:34:09 [ERROR  ]  Sécurité débit — 3 relances sans succès → arrêt forcé
2026-06-27 02:34:10 [ERROR  ]  PRG2 — sécurité débit → arrêt
2026-06-27 02:34:10 [INFO   ]  PRG2 — arrêt
2026-06-27 02:34:10 [INFO   ]  PRG2 — Volume total utilisé : 368.17 L
2026-06-27 02:34:10 [INFO   ]  PRG2 — arrêté  durée 02:15  volume 368.17 L
2026-06-27 02:34:21 [INFO   ]  PRG2 sélectionné — VIDANGE CUVE
2026-06-27 02:34:21 [INFO   ]  PRG2 — mise en place vannes + démarrage
2026-06-27 02:34:21 [INFO   ]  PRG2 — démarrage
2026-06-27 02:34:21 [INFO   ]  VIC mini-homing — ancrage DEPART (106 pas overcourse)
2026-06-27 02:34:32 [INFO   ]  VIC mini-homing — butée DEPART atteinte, compteur recalé à 0
2026-06-27 02:34:37 [INFO   ]  VIC → 50 pas
2026-06-27 02:34:37 [INFO   ]  PRG2 — RUNNING
2026-06-27 02:34:47 [INFO   ]  Debit instantane : 5.5 L/min
2026-06-27 02:34:57 [INFO   ]  Debit instantane : 0.0 L/min
2026-06-27 02:35:07 [INFO   ]  Debit instantane : 0.0 L/min
2026-06-27 02:35:07 [WARNING]  PRG2 — Débit insuffisant depuis 30s (0.0 L/min < 80.0 L/min)
2026-06-27 02:35:07 [WARNING]  Sécurité débit — procédure relance (3 tentatives, pause=5s)
2026-06-27 02:35:08 [WARNING]  Sécurité débit — relance pompe 1/3
2026-06-27 02:35:18 [WARNING]  Sécurité débit — relance pompe 2/3
2026-06-27 02:35:28 [WARNING]  Sécurité débit — relance pompe 3/3
2026-06-27 02:35:39 [ERROR  ]  Sécurité débit — 3 relances sans succès → arrêt forcé
2026-06-27 02:35:39 [ERROR  ]  PRG2 — sécurité débit → arrêt
2026-06-27 02:35:39 [INFO   ]  PRG2 — arrêt
2026-06-27 02:35:39 [INFO   ]  PRG2 — Volume total utilisé : 1.20 L
2026-06-27 02:35:39 [INFO   ]  PRG2 — arrêté  durée 01:01  volume 1.20 L
2026-06-27 02:35:54 [INFO   ]  PRG2 sélectionné — VIDANGE CUVE
2026-06-27 02:35:54 [INFO   ]  PRG2 — mise en place vannes + démarrage
2026-06-27 02:35:54 [INFO   ]  PRG2 — démarrage
2026-06-27 02:35:54 [INFO   ]  VIC mini-homing — ancrage DEPART (106 pas overcourse)
2026-06-27 02:36:05 [INFO   ]  VIC mini-homing — butée DEPART atteinte, compteur recalé à 0
2026-06-27 02:36:10 [INFO   ]  VIC → 50 pas
2026-06-27 02:36:10 [INFO   ]  PRG2 — RUNNING
2026-06-27 02:36:20 [INFO   ]  Debit instantane : 0.0 L/min
2026-06-27 02:36:30 [INFO   ]  Debit instantane : 0.0 L/min
2026-06-27 02:36:38 [INFO   ]  PRG2 — arrêt demandé par opérateur
2026-06-27 02:36:38 [INFO   ]  PRG2 — arrêt
2026-06-27 02:36:38 [INFO   ]  PRG2 — Volume total utilisé : 0.74 L
2026-06-27 02:36:38 [INFO   ]  PRG2 — arrêté  durée 00:28  volume 0.74 L
2026-06-27 02:40:56 [INFO   ]  PRG4 sélectionné — REMPLISSAGE
2026-06-27 02:40:56 [INFO   ]  PRG4 — mise en place vannes + démarrage
2026-06-27 02:40:56 [INFO   ]  PRG4 — démarrage
2026-06-27 02:40:56 [INFO   ]  Vanne EGOUTS → fermée
2026-06-27 02:41:12 [INFO   ]  Vanne CUVE_TRAVAIL → fermée
2026-06-27 02:41:28 [INFO   ]  Vanne POT_A_BOUE → ouverte
2026-06-27 02:41:43 [INFO   ]  Vanne EAU_PROPRE → ouverte
2026-06-27 02:41:58 [INFO   ]  VIC mini-homing — ancrage DEPART (106 pas overcourse)
2026-06-27 02:42:09 [INFO   ]  VIC mini-homing — butée DEPART atteinte, compteur recalé à 0
2026-06-27 02:42:14 [INFO   ]  VIC → 50 pas
2026-06-27 02:42:14 [INFO   ]  PRG4 — RUNNING
2026-06-27 02:42:24 [INFO   ]  Debit instantane : 22.1 L/min
2026-06-27 02:42:34 [INFO   ]  Debit instantane : 11.1 L/min
2026-06-27 02:42:44 [INFO   ]  Debit instantane : 11.1 L/min
2026-06-27 02:42:45 [WARNING]  PRG4 — Débit insuffisant depuis 30s (11.1 L/min < 80.0 L/min)
2026-06-27 02:42:45 [WARNING]  Sécurité débit — procédure relance (3 tentatives, pause=5s)
2026-06-27 02:42:45 [WARNING]  Sécurité débit — relance pompe 1/3
2026-06-27 02:42:55 [WARNING]  Sécurité débit — relance pompe 2/3
2026-06-27 02:43:05 [WARNING]  Sécurité débit — relance pompe 3/3
2026-06-27 02:43:16 [ERROR  ]  Sécurité débit — 3 relances sans succès → arrêt forcé
2026-06-27 02:43:16 [ERROR  ]  PRG4 — sécurité débit → arrêt
2026-06-27 02:43:16 [INFO   ]  PRG4 — arrêt
2026-06-27 02:43:16 [INFO   ]  PRG4 — Volume total utilisé : 10.52 L
2026-06-27 02:43:16 [INFO   ]  PRG4 — arrêté  durée 01:01  volume 10.61 L
2026-06-27 02:48:45 [INFO   ]  PRG1 sélectionné — PREM.VIDANGE
2026-06-27 02:48:46 [INFO   ]  PRG1 — mise en place vannes + démarrage
2026-06-27 02:48:46 [INFO   ]  PRG1 — démarrage
2026-06-27 02:48:46 [INFO   ]  Vanne EAU_PROPRE → fermée
2026-06-27 02:49:02 [INFO   ]  VIC mini-homing — ancrage DEPART (106 pas overcourse)
2026-06-27 02:49:12 [INFO   ]  VIC mini-homing — butée DEPART atteinte, compteur recalé à 0
2026-06-27 02:49:12 [INFO   ]  PRG1 — RUNNING
2026-06-27 02:49:22 [INFO   ]  Debit instantane : 0.0 L/min
2026-06-27 02:49:32 [INFO   ]  Debit instantane : 0.0 L/min
2026-06-27 02:49:42 [INFO   ]  Debit instantane : 0.0 L/min
2026-06-27 02:49:52 [INFO   ]  Debit instantane : 0.0 L/min
2026-06-27 02:50:03 [INFO   ]  Debit instantane : 0.0 L/min
2026-06-27 02:50:13 [INFO   ]  Debit instantane : 0.0 L/min
2026-06-27 02:50:23 [INFO   ]  Debit instantane : 0.0 L/min
2026-06-27 02:50:33 [INFO   ]  Debit instantane : 0.0 L/min
2026-06-27 02:50:43 [INFO   ]  Debit instantane : 0.0 L/min
2026-06-27 02:50:53 [INFO   ]  Debit instantane : 0.0 L/min
2026-06-27 02:51:03 [INFO   ]  Debit instantane : 0.0 L/min
2026-06-27 02:51:13 [INFO   ]  Debit instantane : 0.0 L/min
2026-06-27 02:51:23 [INFO   ]  Debit instantane : 0.0 L/min
2026-06-27 02:51:23 [INFO   ]  PRG1 — arrêt demandé par opérateur
2026-06-27 02:51:24 [INFO   ]  PRG1 — arrêt
2026-06-27 02:51:29 [INFO   ]  VIC → 50 pas
2026-06-27 02:51:29 [INFO   ]  PRG1 — Volume total utilisé : 0.09 L
2026-06-27 02:51:29 [INFO   ]  PRG1 — arrêté  durée 02:11  volume 0.09 L
2026-06-27 02:52:25 [INFO   ]  PRG4 sélectionné — REMPLISSAGE
2026-06-27 02:52:25 [INFO   ]  PRG4 — mise en place vannes + démarrage
2026-06-27 02:52:25 [INFO   ]  PRG4 — démarrage
2026-06-27 02:52:25 [INFO   ]  Vanne EAU_PROPRE → ouverte
2026-06-27 02:52:40 [INFO   ]  VIC mini-homing — ancrage DEPART (106 pas overcourse)
2026-06-27 02:52:51 [INFO   ]  VIC mini-homing — butée DEPART atteinte, compteur recalé à 0
2026-06-27 02:52:56 [INFO   ]  VIC → 50 pas
2026-06-27 02:52:56 [INFO   ]  PRG4 — RUNNING
2026-06-27 02:53:06 [INFO   ]  Debit instantane : 498.2 L/min
2026-06-27 02:53:16 [INFO   ]  Debit instantane : 481.5 L/min
2026-06-27 02:53:26 [INFO   ]  Debit instantane : 470.5 L/min
2026-06-27 02:53:36 [INFO   ]  Debit instantane : 459.4 L/min
2026-06-27 02:53:46 [INFO   ]  Debit instantane : 27.7 L/min
2026-06-27 02:53:49 [INFO   ]  PRG4 — arrêt demandé par opérateur
2026-06-27 02:53:49 [INFO   ]  PRG4 — arrêt
2026-06-27 02:53:49 [INFO   ]  PRG4 — Volume total utilisé : 324.91 L
2026-06-27 02:53:49 [INFO   ]  PRG4 — arrêté  durée 00:53  volume 324.91 L
2026-06-27 02:54:37 [INFO   ]  PRG5 sélectionné — DESEMBOUAGE
2026-06-27 02:54:38 [INFO   ]  PRG5 — mise en place vannes + démarrage
2026-06-27 02:54:38 [INFO   ]  PRG5 — démarrage
2026-06-27 02:54:38 [INFO   ]  Vanne EAU_PROPRE → fermée
2026-06-27 02:54:54 [INFO   ]  Vanne CUVE_TRAVAIL → ouverte
2026-06-27 02:55:09 [INFO   ]  VIC mini-homing — ancrage DEPART (106 pas overcourse)
2026-06-27 02:55:19 [INFO   ]  VIC mini-homing — butée DEPART atteinte, compteur recalé à 0
2026-06-27 02:55:24 [INFO   ]  VIC → 50 pas
2026-06-27 02:55:24 [INFO   ]  PRG5 — RUNNING
2026-06-27 02:55:35 [INFO   ]  Debit instantane : 509.2 L/min
2026-06-27 02:55:45 [INFO   ]  Debit instantane : 498.2 L/min
2026-06-27 02:55:57 [INFO   ]  VIC → 0 pas
2026-06-27 02:55:57 [INFO   ]  PRG5 — VIC pos 1 (0 pas)
2026-06-27 02:55:57 [INFO   ]  Debit instantane : 83.0 L/min
2026-06-27 02:56:07 [INFO   ]  Debit instantane : 204.8 L/min
2026-06-27 02:56:17 [INFO   ]  Debit instantane : 199.3 L/min
2026-06-27 02:56:20 [INFO   ]  PRG5 — AIR mode 1
2026-06-27 02:56:20 [INFO   ]  PRG5 — AIR mode 2
2026-06-27 02:56:27 [INFO   ]  Debit instantane : 226.9 L/min
2026-06-27 02:56:37 [INFO   ]  Debit instantane : 72.0 L/min
2026-06-27 02:56:47 [INFO   ]  Debit instantane : 149.4 L/min
2026-06-27 02:56:57 [INFO   ]  Debit instantane : 193.7 L/min
2026-06-27 02:57:00 [INFO   ]  PRG5 — AIR mode 1
2026-06-27 02:57:01 [INFO   ]  PRG5 — AIR mode 0
2026-06-27 02:57:10 [INFO   ]  VIC → 50 pas
2026-06-27 02:57:10 [INFO   ]  PRG5 — VIC pos 0 (50 pas)
2026-06-27 02:57:10 [INFO   ]  Debit instantane : 0.0 L/min
2026-06-27 02:57:17 [INFO   ]  VIC → 100 pas
2026-06-27 02:57:17 [INFO   ]  PRG5 — VIC pos 2 (100 pas)
2026-06-27 02:57:20 [INFO   ]  Debit instantane : 60.9 L/min
2026-06-27 02:57:27 [INFO   ]  PRG5 — AIR mode 1
2026-06-27 02:57:28 [INFO   ]  PRG5 — AIR mode 2
2026-06-27 02:57:30 [INFO   ]  Debit instantane : 204.8 L/min
2026-06-27 02:57:40 [INFO   ]  Debit instantane : 304.4 L/min
2026-06-27 02:57:50 [INFO   ]  Debit instantane : 166.1 L/min
2026-06-27 02:57:54 [INFO   ]  PRG5 — AIR mode 3
2026-06-27 02:58:00 [INFO   ]  Debit instantane : 110.7 L/min
2026-06-27 02:58:05 [INFO   ]  PRG5 — AIR mode 0
2026-06-27 02:58:05 [INFO   ]  PRG5 — AIR mode 2
2026-06-27 02:58:06 [INFO   ]  PRG5 — AIR mode 1
2026-06-27 02:58:06 [INFO   ]  PRG5 — AIR mode 0
2026-06-27 02:58:11 [INFO   ]  Debit instantane : 188.2 L/min
2026-06-27 02:58:21 [INFO   ]  Debit instantane : 177.1 L/min
2026-06-27 02:58:31 [INFO   ]  Debit instantane : 177.1 L/min
2026-06-27 02:58:36 [INFO   ]  PRG5 — arrêt demandé par opérateur
2026-06-27 02:58:36 [INFO   ]  PRG5 — arrêt
2026-06-27 02:58:41 [INFO   ]  VIC → 50 pas
2026-06-27 02:58:41 [INFO   ]  PRG5 — Volume total utilisé : 591.79 L
2026-06-27 02:58:41 [INFO   ]  PRG5 — arrêté  durée 03:11  volume 591.79 L
2026-06-27 02:59:09 [INFO   ]  PRG2 sélectionné — VIDANGE CUVE
2026-06-27 02:59:09 [INFO   ]  PRG2 — mise en place vannes + démarrage
2026-06-27 02:59:09 [INFO   ]  PRG2 — démarrage
2026-06-27 02:59:09 [INFO   ]  Vanne POT_A_BOUE → fermée
2026-06-27 02:59:25 [INFO   ]  Vanne EGOUTS → ouverte
2026-06-27 02:59:40 [INFO   ]  VIC mini-homing — ancrage DEPART (106 pas overcourse)
2026-06-27 02:59:51 [INFO   ]  VIC mini-homing — butée DEPART atteinte, compteur recalé à 0
2026-06-27 02:59:56 [INFO   ]  VIC → 50 pas
2026-06-27 02:59:56 [INFO   ]  PRG2 — RUNNING
2026-06-27 03:00:06 [INFO   ]  Debit instantane : 498.2 L/min
2026-06-27 03:00:16 [INFO   ]  Debit instantane : 503.7 L/min
2026-06-27 03:00:26 [INFO   ]  Debit instantane : 149.4 L/min
2026-06-27 03:00:26 [INFO   ]  PRG2 — arrêt demandé par opérateur
2026-06-27 03:00:26 [INFO   ]  PRG2 — arrêt
2026-06-27 03:00:26 [INFO   ]  PRG2 — Volume total utilisé : 213.10 L
2026-06-27 03:00:26 [INFO   ]  PRG2 — arrêté  durée 00:30  volume 213.28 L
2026-06-27 03:00:49 [INFO   ]  PRG4 sélectionné — REMPLISSAGE
2026-06-27 03:00:49 [INFO   ]  PRG4 — mise en place vannes + démarrage
2026-06-27 03:00:49 [INFO   ]  PRG4 — démarrage
2026-06-27 03:00:49 [INFO   ]  Vanne EGOUTS → fermée
2026-06-27 03:01:05 [INFO   ]  Vanne CUVE_TRAVAIL → fermée
2026-06-27 03:01:21 [INFO   ]  Vanne POT_A_BOUE → ouverte
2026-06-27 03:01:36 [INFO   ]  Vanne EAU_PROPRE → ouverte
2026-06-27 03:01:51 [INFO   ]  VIC mini-homing — ancrage DEPART (106 pas overcourse)
2026-06-27 03:02:02 [INFO   ]  VIC mini-homing — butée DEPART atteinte, compteur recalé à 0
2026-06-27 03:02:07 [INFO   ]  VIC → 50 pas
2026-06-27 03:02:07 [INFO   ]  PRG4 — RUNNING
2026-06-27 03:02:17 [INFO   ]  Debit instantane : 470.5 L/min
2026-06-27 03:02:27 [INFO   ]  Debit instantane : 464.9 L/min
2026-06-27 03:02:37 [INFO   ]  Debit instantane : 226.9 L/min
2026-06-27 03:02:40 [INFO   ]  PRG4 — arrêt demandé par opérateur
2026-06-27 03:02:40 [INFO   ]  PRG4 — arrêt
2026-06-27 03:02:40 [INFO   ]  PRG4 — Volume total utilisé : 208.30 L
2026-06-27 03:02:40 [INFO   ]  PRG4 — arrêté  durée 00:33  volume 208.39 L
2026-06-27 03:03:12 [INFO   ]  PRG5 sélectionné — DESEMBOUAGE
2026-06-27 03:03:12 [INFO   ]  PRG5 — mise en place vannes + démarrage
2026-06-27 03:03:12 [INFO   ]  PRG5 — démarrage
2026-06-27 03:03:12 [INFO   ]  Vanne EAU_PROPRE → fermée
2026-06-27 03:03:28 [INFO   ]  Vanne CUVE_TRAVAIL → ouverte
2026-06-27 03:03:43 [INFO   ]  VIC mini-homing — ancrage DEPART (106 pas overcourse)
2026-06-27 03:03:54 [INFO   ]  VIC mini-homing — butée DEPART atteinte, compteur recalé à 0
2026-06-27 03:04:04 [INFO   ]  VIC → 100 pas
2026-06-27 03:04:04 [INFO   ]  PRG5 — RUNNING
2026-06-27 03:04:14 [INFO   ]  Debit instantane : 260.1 L/min
2026-06-27 03:04:24 [INFO   ]  Debit instantane : 215.9 L/min
2026-06-27 03:04:35 [INFO   ]  Debit instantane : 182.7 L/min
2026-06-27 03:04:37 [INFO   ]  PRG5 — AIR mode 1
2026-06-27 03:04:45 [INFO   ]  Debit instantane : 166.1 L/min
2026-06-27 03:04:55 [INFO   ]  Debit instantane : 155.0 L/min
2026-06-27 03:05:05 [INFO   ]  Debit instantane : 99.6 L/min
2026-06-27 03:05:15 [INFO   ]  Debit instantane : 171.6 L/min
2026-06-27 03:05:25 [INFO   ]  Debit instantane : 155.0 L/min
2026-06-27 03:05:35 [INFO   ]  Debit instantane : 105.2 L/min
2026-06-27 03:05:45 [INFO   ]  Debit instantane : 171.6 L/min
2026-06-27 03:05:56 [INFO   ]  Debit instantane : 149.4 L/min
2026-06-27 03:06:06 [INFO   ]  Debit instantane : 88.6 L/min
2026-06-27 03:06:16 [INFO   ]  Debit instantane : 166.1 L/min
2026-06-27 03:06:26 [INFO   ]  Debit instantane : 149.4 L/min
2026-06-27 03:06:36 [INFO   ]  Debit instantane : 88.6 L/min
2026-06-27 03:06:46 [INFO   ]  Debit instantane : 171.6 L/min
2026-06-27 03:06:56 [INFO   ]  Debit instantane : 149.4 L/min
2026-06-27 03:07:02 [INFO   ]  PRG5 — AIR mode 0
2026-06-27 03:07:03 [INFO   ]  PRG5 — arrêt demandé par opérateur
2026-06-27 03:07:03 [INFO   ]  PRG5 — arrêt
2026-06-27 03:07:08 [INFO   ]  VIC → 50 pas
2026-06-27 03:07:08 [INFO   ]  PRG5 — Volume total utilisé : 436.72 L
2026-06-27 03:07:09 [INFO   ]  PRG5 — arrêté  durée 02:59  volume 436.72 L
2026-06-27 03:09:29 [INFO   ]  PRG5 sélectionné — DESEMBOUAGE
2026-06-27 03:09:29 [INFO   ]  PRG5 — mise en place vannes + démarrage
2026-06-27 03:09:29 [INFO   ]  PRG5 — démarrage
2026-06-27 03:09:29 [INFO   ]  VIC mini-homing — ancrage DEPART (106 pas overcourse)
2026-06-27 03:09:39 [INFO   ]  VIC mini-homing — butée DEPART atteinte, compteur recalé à 0
2026-06-27 03:09:49 [INFO   ]  VIC → 100 pas
2026-06-27 03:09:49 [INFO   ]  PRG5 — RUNNING
2026-06-27 03:10:00 [INFO   ]  Debit instantane : 243.5 L/min
2026-06-27 03:10:10 [INFO   ]  Debit instantane : 204.8 L/min
2026-06-27 03:10:20 [INFO   ]  Debit instantane : 177.1 L/min
2026-06-27 03:10:30 [INFO   ]  Debit instantane : 177.1 L/min
2026-06-27 03:10:40 [INFO   ]  Debit instantane : 171.6 L/min
2026-06-27 03:10:50 [INFO   ]  Debit instantane : 177.1 L/min
2026-06-27 03:11:01 [INFO   ]  Debit instantane : 177.1 L/min
2026-06-27 03:11:11 [INFO   ]  Debit instantane : 177.1 L/min
2026-06-27 03:11:21 [INFO   ]  Debit instantane : 177.1 L/min
2026-06-27 03:11:31 [INFO   ]  Debit instantane : 177.1 L/min
2026-06-27 03:11:41 [INFO   ]  Debit instantane : 177.1 L/min
2026-06-27 03:11:51 [INFO   ]  Debit instantane : 177.1 L/min
2026-06-27 03:12:02 [INFO   ]  Debit instantane : 177.1 L/min
2026-06-27 03:12:12 [INFO   ]  Debit instantane : 177.1 L/min
2026-06-27 03:12:22 [INFO   ]  Debit instantane : 171.6 L/min
2026-06-27 03:12:32 [INFO   ]  Debit instantane : 177.1 L/min
2026-06-27 03:12:42 [INFO   ]  Debit instantane : 171.6 L/min
2026-06-27 03:12:52 [INFO   ]  Debit instantane : 177.1 L/min
2026-06-27 03:13:03 [INFO   ]  Debit instantane : 177.1 L/min
2026-06-27 03:13:13 [INFO   ]  Debit instantane : 177.1 L/min
2026-06-27 03:13:23 [INFO   ]  Debit instantane : 171.6 L/min
2026-06-27 03:13:33 [INFO   ]  Debit instantane : 177.1 L/min
2026-06-27 03:13:43 [INFO   ]  Debit instantane : 177.1 L/min
2026-06-27 03:13:53 [INFO   ]  Debit instantane : 177.1 L/min
2026-06-27 03:14:04 [INFO   ]  Debit instantane : 177.1 L/min
2026-06-27 03:14:14 [INFO   ]  Debit instantane : 177.1 L/min
2026-06-27 03:14:24 [INFO   ]  Debit instantane : 177.1 L/min
2026-06-27 03:14:34 [INFO   ]  Debit instantane : 177.1 L/min
2026-06-27 03:14:45 [INFO   ]  VIC → 50 pas
2026-06-27 03:14:45 [INFO   ]  PRG5 — VIC pos 0 (50 pas)
2026-06-27 03:14:45 [INFO   ]  Debit instantane : 94.1 L/min
2026-06-27 03:14:52 [INFO   ]  VIC → 0 pas
2026-06-27 03:14:52 [INFO   ]  PRG5 — VIC pos 1 (0 pas)
2026-06-27 03:14:54 [INFO   ]  PRG5 — AIR mode 1
2026-06-27 03:14:55 [INFO   ]  Debit instantane : 49.8 L/min
2026-06-27 03:15:05 [INFO   ]  Debit instantane : 138.4 L/min
2026-06-27 03:15:16 [INFO   ]  Debit instantane : 166.1 L/min
2026-06-27 03:15:26 [INFO   ]  Debit instantane : 77.5 L/min
2026-06-27 03:15:36 [INFO   ]  Debit instantane : 160.5 L/min
2026-06-27 03:15:46 [INFO   ]  Debit instantane : 166.1 L/min
2026-06-27 03:15:56 [INFO   ]  Debit instantane : 88.6 L/min
2026-06-27 03:16:06 [INFO   ]  Debit instantane : 160.5 L/min
2026-06-27 03:16:16 [INFO   ]  Debit instantane : 171.6 L/min
2026-06-27 03:16:26 [INFO   ]  Debit instantane : 83.0 L/min
2026-06-27 03:16:36 [INFO   ]  Debit instantane : 160.5 L/min
2026-06-27 03:16:47 [INFO   ]  Debit instantane : 171.6 L/min
2026-06-27 03:16:57 [INFO   ]  Debit instantane : 83.0 L/min
2026-06-27 03:17:07 [INFO   ]  Debit instantane : 160.5 L/min
2026-06-27 03:17:17 [INFO   ]  Debit instantane : 171.6 L/min
2026-06-27 03:17:27 [INFO   ]  Debit instantane : 88.6 L/min
2026-06-27 03:17:37 [INFO   ]  Debit instantane : 166.1 L/min
2026-06-27 03:17:47 [INFO   ]  Debit instantane : 171.6 L/min
2026-06-27 03:17:53 [INFO   ]  PRG5 — AIR mode 0
2026-06-27 03:17:57 [INFO   ]  Debit instantane : 182.7 L/min
2026-06-27 03:18:08 [INFO   ]  Debit instantane : 171.6 L/min
2026-06-27 03:18:18 [INFO   ]  Debit instantane : 171.6 L/min
2026-06-27 03:18:28 [INFO   ]  Debit instantane : 171.6 L/min
2026-06-27 03:18:38 [INFO   ]  Debit instantane : 177.1 L/min
2026-06-27 03:18:48 [INFO   ]  Debit instantane : 177.1 L/min
2026-06-27 03:18:58 [INFO   ]  Debit instantane : 177.1 L/min
2026-06-27 03:19:08 [INFO   ]  Debit instantane : 177.1 L/min
2026-06-27 03:19:19 [INFO   ]  Debit instantane : 177.1 L/min
2026-06-27 03:19:29 [INFO   ]  Debit instantane : 177.1 L/min
2026-06-27 03:19:39 [INFO   ]  Debit instantane : 177.1 L/min
2026-06-27 03:19:49 [INFO   ]  Debit instantane : 177.1 L/min
2026-06-27 03:19:59 [INFO   ]  Debit instantane : 177.1 L/min
2026-06-27 03:20:09 [INFO   ]  Debit instantane : 177.1 L/min
2026-06-27 03:20:19 [INFO   ]  Debit instantane : 177.1 L/min
2026-06-27 03:20:30 [INFO   ]  Debit instantane : 177.1 L/min
2026-06-27 03:20:40 [INFO   ]  Debit instantane : 177.1 L/min
2026-06-27 03:20:50 [INFO   ]  Debit instantane : 177.1 L/min
2026-06-27 03:21:00 [INFO   ]  Debit instantane : 182.7 L/min
2026-06-27 03:21:10 [INFO   ]  Debit instantane : 177.1 L/min
2026-06-27 03:21:20 [INFO   ]  Debit instantane : 177.1 L/min
2026-06-27 03:21:31 [INFO   ]  Debit instantane : 182.7 L/min
2026-06-27 03:21:41 [INFO   ]  Debit instantane : 177.1 L/min
2026-06-27 03:21:51 [INFO   ]  Debit instantane : 177.1 L/min
2026-06-27 03:22:01 [INFO   ]  Debit instantane : 177.1 L/min
2026-06-27 03:22:11 [INFO   ]  Debit instantane : 177.1 L/min
2026-06-27 03:22:21 [INFO   ]  Debit instantane : 182.7 L/min
2026-06-27 03:22:31 [INFO   ]  Debit instantane : 177.1 L/min
2026-06-27 03:22:42 [INFO   ]  Debit instantane : 177.1 L/min
2026-06-27 03:22:52 [INFO   ]  Debit instantane : 177.1 L/min
2026-06-27 03:23:02 [INFO   ]  Debit instantane : 177.1 L/min
2026-06-27 03:23:12 [INFO   ]  Debit instantane : 177.1 L/min
2026-06-27 03:23:22 [INFO   ]  Debit instantane : 177.1 L/min
2026-06-27 03:23:32 [INFO   ]  Debit instantane : 177.1 L/min
2026-06-27 03:23:42 [INFO   ]  Debit instantane : 177.1 L/min
2026-06-27 03:23:53 [INFO   ]  Debit instantane : 177.1 L/min
2026-06-27 03:24:03 [INFO   ]  Debit instantane : 177.1 L/min
2026-06-27 03:24:13 [INFO   ]  Debit instantane : 177.1 L/min
2026-06-27 03:24:23 [INFO   ]  Debit instantane : 177.1 L/min
2026-06-27 03:24:33 [INFO   ]  Debit instantane : 177.1 L/min
2026-06-27 03:24:43 [INFO   ]  Debit instantane : 177.1 L/min
2026-06-27 03:24:53 [INFO   ]  Debit instantane : 177.1 L/min
2026-06-27 03:25:03 [INFO   ]  Debit instantane : 177.1 L/min
2026-06-27 03:25:14 [INFO   ]  Debit instantane : 182.7 L/min
2026-06-27 03:25:24 [INFO   ]  Debit instantane : 177.1 L/min
2026-06-27 03:25:34 [INFO   ]  Debit instantane : 177.1 L/min
2026-06-27 03:25:44 [INFO   ]  Debit instantane : 177.1 L/min
2026-06-27 03:25:54 [INFO   ]  Debit instantane : 177.1 L/min
2026-06-27 03:26:04 [INFO   ]  Debit instantane : 177.1 L/min
2026-06-27 03:26:14 [INFO   ]  Debit instantane : 177.1 L/min
2026-06-27 03:26:25 [INFO   ]  Debit instantane : 177.1 L/min
2026-06-27 03:26:35 [INFO   ]  Debit instantane : 177.1 L/min
2026-06-27 03:26:45 [INFO   ]  Debit instantane : 177.1 L/min
2026-06-27 03:26:55 [INFO   ]  Debit instantane : 177.1 L/min
2026-06-27 03:27:05 [INFO   ]  Debit instantane : 177.1 L/min
2026-06-27 03:27:15 [INFO   ]  Debit instantane : 177.1 L/min
2026-06-27 03:27:25 [INFO   ]  Debit instantane : 177.1 L/min
2026-06-27 03:27:36 [INFO   ]  Debit instantane : 177.1 L/min
2026-06-27 03:27:46 [INFO   ]  Debit instantane : 177.1 L/min
2026-06-27 03:27:56 [INFO   ]  Debit instantane : 182.7 L/min
2026-06-27 03:28:06 [INFO   ]  Debit instantane : 177.1 L/min
2026-06-27 03:28:16 [INFO   ]  Debit instantane : 177.1 L/min
2026-06-27 03:28:26 [INFO   ]  Debit instantane : 177.1 L/min
2026-06-27 03:28:37 [INFO   ]  Debit instantane : 177.1 L/min
2026-06-27 03:28:47 [INFO   ]  Debit instantane : 177.1 L/min
2026-06-27 03:28:57 [INFO   ]  Debit instantane : 177.1 L/min
2026-06-27 03:29:07 [INFO   ]  Debit instantane : 177.1 L/min
2026-06-27 03:29:17 [INFO   ]  Debit instantane : 177.1 L/min
2026-06-27 03:29:27 [INFO   ]  Debit instantane : 177.1 L/min
2026-06-27 03:29:37 [INFO   ]  Debit instantane : 177.1 L/min
2026-06-27 03:29:48 [INFO   ]  Debit instantane : 177.1 L/min
2026-06-27 03:29:58 [INFO   ]  Debit instantane : 177.1 L/min
2026-06-27 03:30:08 [INFO   ]  Debit instantane : 177.1 L/min
2026-06-27 03:30:18 [INFO   ]  Debit instantane : 177.1 L/min
2026-06-27 03:30:28 [INFO   ]  Debit instantane : 177.1 L/min
2026-06-27 03:30:38 [INFO   ]  Debit instantane : 171.6 L/min
2026-06-27 03:30:48 [INFO   ]  Debit instantane : 177.1 L/min
2026-06-27 03:30:59 [INFO   ]  Debit instantane : 177.1 L/min
2026-06-27 03:31:09 [INFO   ]  Debit instantane : 177.1 L/min
2026-06-27 03:31:19 [INFO   ]  Debit instantane : 177.1 L/min
2026-06-27 03:31:29 [INFO   ]  Debit instantane : 177.1 L/min
2026-06-27 03:31:39 [INFO   ]  Debit instantane : 177.1 L/min
2026-06-27 03:31:49 [INFO   ]  Debit instantane : 177.1 L/min
2026-06-27 03:31:59 [INFO   ]  Debit instantane : 177.1 L/min
2026-06-27 03:32:10 [INFO   ]  Debit instantane : 177.1 L/min
2026-06-27 03:32:20 [INFO   ]  Debit instantane : 177.1 L/min
2026-06-27 03:32:30 [INFO   ]  Debit instantane : 177.1 L/min
2026-06-27 03:32:40 [INFO   ]  Debit instantane : 177.1 L/min
2026-06-27 03:32:50 [INFO   ]  Debit instantane : 177.1 L/min
2026-06-27 03:33:00 [INFO   ]  Debit instantane : 177.1 L/min
2026-06-27 03:33:10 [INFO   ]  Debit instantane : 177.1 L/min
2026-06-27 03:33:21 [INFO   ]  Debit instantane : 177.1 L/min
2026-06-27 03:33:31 [INFO   ]  Debit instantane : 88.6 L/min
2026-06-27 03:33:41 [INFO   ]  Debit instantane : 105.2 L/min
2026-06-27 03:33:51 [INFO   ]  Debit instantane : 110.7 L/min
2026-06-27 03:34:01 [INFO   ]  Debit instantane : 110.7 L/min
2026-06-27 03:34:11 [INFO   ]  Debit instantane : 110.7 L/min
2026-06-27 03:34:21 [INFO   ]  Debit instantane : 110.7 L/min
2026-06-27 03:34:32 [INFO   ]  Debit instantane : 110.7 L/min
2026-06-27 03:34:42 [INFO   ]  Debit instantane : 110.7 L/min
2026-06-27 03:34:52 [INFO   ]  Debit instantane : 110.7 L/min
2026-06-27 03:35:02 [INFO   ]  Debit instantane : 110.7 L/min
2026-06-27 03:35:12 [INFO   ]  Debit instantane : 110.7 L/min
2026-06-27 03:35:22 [INFO   ]  Debit instantane : 110.7 L/min
2026-06-27 03:35:32 [INFO   ]  Debit instantane : 116.2 L/min
2026-06-27 03:35:43 [INFO   ]  Debit instantane : 110.7 L/min
2026-06-27 03:35:53 [INFO   ]  Debit instantane : 116.2 L/min
2026-06-27 03:36:03 [INFO   ]  Debit instantane : 110.7 L/min
2026-06-27 03:36:13 [INFO   ]  Debit instantane : 110.7 L/min
2026-06-27 03:36:23 [INFO   ]  Debit instantane : 116.2 L/min
2026-06-27 03:36:33 [INFO   ]  Debit instantane : 110.7 L/min
2026-06-27 03:36:43 [INFO   ]  Debit instantane : 110.7 L/min
2026-06-27 03:36:54 [INFO   ]  Debit instantane : 110.7 L/min
2026-06-27 03:37:04 [INFO   ]  Debit instantane : 116.2 L/min
2026-06-27 03:37:14 [INFO   ]  Debit instantane : 110.7 L/min
2026-06-27 03:37:24 [INFO   ]  Debit instantane : 110.7 L/min
2026-06-27 03:37:34 [INFO   ]  Debit instantane : 116.2 L/min
2026-06-27 03:37:44 [INFO   ]  Debit instantane : 110.7 L/min
2026-06-27 03:37:55 [INFO   ]  Debit instantane : 110.7 L/min
2026-06-27 03:38:05 [INFO   ]  Debit instantane : 110.7 L/min
2026-06-27 03:38:15 [INFO   ]  Debit instantane : 110.7 L/min
2026-06-27 03:38:25 [INFO   ]  Debit instantane : 110.7 L/min
2026-06-27 03:38:35 [INFO   ]  Debit instantane : 116.2 L/min
2026-06-27 03:38:45 [INFO   ]  Debit instantane : 110.7 L/min
2026-06-27 03:38:55 [INFO   ]  Debit instantane : 110.7 L/min
2026-06-27 03:39:06 [INFO   ]  Debit instantane : 116.2 L/min
2026-06-27 03:39:16 [INFO   ]  Debit instantane : 110.7 L/min
2026-06-27 03:39:26 [INFO   ]  Debit instantane : 116.2 L/min
2026-06-27 03:39:36 [INFO   ]  Debit instantane : 110.7 L/min
2026-06-27 03:39:46 [INFO   ]  Debit instantane : 110.7 L/min
2026-06-27 03:39:56 [INFO   ]  Debit instantane : 110.7 L/min
2026-06-27 03:40:06 [INFO   ]  Debit instantane : 116.2 L/min
2026-06-27 03:40:17 [INFO   ]  Debit instantane : 110.7 L/min
2026-06-27 03:40:27 [INFO   ]  Debit instantane : 116.2 L/min
2026-06-27 03:40:37 [INFO   ]  Debit instantane : 116.2 L/min
2026-06-27 03:40:47 [INFO   ]  Debit instantane : 110.7 L/min
2026-06-27 03:40:57 [INFO   ]  Debit instantane : 116.2 L/min
2026-06-27 03:41:07 [INFO   ]  Debit instantane : 110.7 L/min
2026-06-27 03:41:17 [INFO   ]  Debit instantane : 116.2 L/min
2026-06-27 03:41:28 [INFO   ]  Debit instantane : 116.2 L/min
2026-06-27 03:41:38 [INFO   ]  Debit instantane : 116.2 L/min
2026-06-27 03:41:48 [INFO   ]  Debit instantane : 116.2 L/min
2026-06-27 03:41:58 [INFO   ]  Debit instantane : 116.2 L/min
2026-06-27 03:42:08 [INFO   ]  Debit instantane : 110.7 L/min
2026-06-27 03:42:18 [INFO   ]  Debit instantane : 110.7 L/min
2026-06-27 03:42:28 [INFO   ]  Debit instantane : 110.7 L/min
2026-06-27 03:42:39 [INFO   ]  Debit instantane : 116.2 L/min
2026-06-27 03:42:49 [INFO   ]  Debit instantane : 110.7 L/min
2026-06-27 03:42:59 [INFO   ]  Debit instantane : 116.2 L/min
2026-06-27 03:43:09 [INFO   ]  Debit instantane : 116.2 L/min
2026-06-27 03:43:19 [INFO   ]  Debit instantane : 110.7 L/min
2026-06-27 03:43:29 [INFO   ]  Debit instantane : 116.2 L/min
2026-06-27 03:43:39 [INFO   ]  Debit instantane : 110.7 L/min
2026-06-27 03:43:50 [INFO   ]  Debit instantane : 116.2 L/min
2026-06-27 03:44:00 [INFO   ]  Debit instantane : 116.2 L/min
2026-06-27 03:44:10 [INFO   ]  Debit instantane : 110.7 L/min
2026-06-27 03:44:20 [INFO   ]  Debit instantane : 110.7 L/min
2026-06-27 03:44:30 [INFO   ]  Debit instantane : 110.7 L/min
2026-06-27 03:44:40 [INFO   ]  Debit instantane : 110.7 L/min
2026-06-27 03:44:51 [INFO   ]  Debit instantane : 199.3 L/min
2026-06-27 03:45:01 [INFO   ]  Debit instantane : 188.2 L/min
2026-06-27 03:45:11 [INFO   ]  Debit instantane : 188.2 L/min
2026-06-27 03:45:21 [INFO   ]  Debit instantane : 182.7 L/min
2026-06-27 03:45:22 [INFO   ]  PRG5 — arrêt demandé par opérateur
2026-06-27 03:45:22 [INFO   ]  PRG5 — arrêt
2026-06-27 03:45:27 [INFO   ]  VIC → 50 pas
2026-06-27 03:45:27 [INFO   ]  PRG5 — Volume total utilisé : 5428.69 L
2026-06-27 03:45:27 [INFO   ]  PRG5 — arrêté  durée 35:32  volume 5428.69 L
2026-06-27 03:54:23 [INFO   ]  PRG5 sélectionné — DESEMBOUAGE
2026-06-27 03:54:24 [INFO   ]  PRG5 — mise en place vannes + démarrage
2026-06-27 03:54:24 [INFO   ]  PRG5 — démarrage
2026-06-27 03:54:24 [INFO   ]  VIC mini-homing — ancrage DEPART (106 pas overcourse)
2026-06-27 03:54:34 [INFO   ]  VIC mini-homing — butée DEPART atteinte, compteur recalé à 0
2026-06-27 03:54:34 [INFO   ]  PRG5 — RUNNING
2026-06-27 03:54:44 [INFO   ]  Debit instantane : 204.8 L/min
2026-06-27 03:54:55 [INFO   ]  Debit instantane : 193.7 L/min
2026-06-27 03:55:05 [INFO   ]  Debit instantane : 188.2 L/min
2026-06-27 03:55:15 [INFO   ]  Debit instantane : 182.7 L/min
2026-06-27 03:55:25 [INFO   ]  Debit instantane : 182.7 L/min
2026-06-27 03:55:35 [INFO   ]  Debit instantane : 177.1 L/min
2026-06-27 03:55:45 [INFO   ]  Debit instantane : 182.7 L/min
2026-06-27 03:55:55 [INFO   ]  Debit instantane : 177.1 L/min
2026-06-27 03:56:06 [INFO   ]  Debit instantane : 177.1 L/min
2026-06-27 03:56:16 [INFO   ]  Debit instantane : 182.7 L/min
2026-06-27 03:56:26 [INFO   ]  Debit instantane : 177.1 L/min
2026-06-27 03:56:36 [INFO   ]  Debit instantane : 177.1 L/min
2026-06-27 03:56:46 [INFO   ]  Debit instantane : 177.1 L/min
2026-06-27 03:56:56 [INFO   ]  Debit instantane : 177.1 L/min
2026-06-27 03:57:06 [INFO   ]  Debit instantane : 177.1 L/min
2026-06-27 03:57:17 [INFO   ]  Debit instantane : 171.6 L/min
2026-06-27 03:57:27 [INFO   ]  Debit instantane : 177.1 L/min
2026-06-27 03:57:37 [INFO   ]  Debit instantane : 182.7 L/min
2026-06-27 03:57:47 [INFO   ]  Debit instantane : 182.7 L/min
2026-06-27 03:57:57 [INFO   ]  Debit instantane : 177.1 L/min
2026-06-27 03:58:07 [INFO   ]  Debit instantane : 171.6 L/min
2026-06-27 03:58:18 [INFO   ]  Debit instantane : 171.6 L/min
2026-06-27 03:58:28 [INFO   ]  Debit instantane : 177.1 L/min
2026-06-27 03:58:38 [INFO   ]  Debit instantane : 177.1 L/min
2026-06-27 03:58:48 [INFO   ]  Debit instantane : 177.1 L/min
2026-06-27 03:58:58 [INFO   ]  Debit instantane : 177.1 L/min
2026-06-27 03:59:08 [INFO   ]  Debit instantane : 177.1 L/min
2026-06-27 03:59:18 [INFO   ]  Debit instantane : 177.1 L/min
2026-06-27 03:59:29 [INFO   ]  Debit instantane : 177.1 L/min
2026-06-27 03:59:39 [INFO   ]  Debit instantane : 177.1 L/min
2026-06-27 03:59:49 [INFO   ]  Debit instantane : 177.1 L/min
2026-06-27 03:59:59 [INFO   ]  Debit instantane : 177.1 L/min
2026-06-27 04:00:09 [INFO   ]  Debit instantane : 177.1 L/min
2026-06-27 04:00:19 [INFO   ]  Debit instantane : 177.1 L/min
2026-06-27 04:00:29 [INFO   ]  Debit instantane : 171.6 L/min
2026-06-27 04:00:40 [INFO   ]  Debit instantane : 166.1 L/min
2026-06-27 04:00:50 [INFO   ]  Debit instantane : 5.5 L/min
2026-06-27 04:01:00 [INFO   ]  Debit instantane : 27.7 L/min
2026-06-27 04:01:10 [INFO   ]  Debit instantane : 11.1 L/min
2026-06-27 04:01:20 [INFO   ]  Debit instantane : 5.5 L/min
2026-06-27 04:01:25 [WARNING]  PRG5 — Débit insuffisant depuis 30s (5.5 L/min < 80.0 L/min)
2026-06-27 04:01:25 [WARNING]  Sécurité débit — procédure relance (3 tentatives, pause=5s)
2026-06-27 04:01:26 [WARNING]  Sécurité débit — relance pompe 1/3
2026-06-27 04:01:36 [WARNING]  Sécurité débit — relance pompe 2/3
2026-06-27 04:01:46 [WARNING]  Sécurité débit — relance pompe 3/3
2026-06-27 04:01:56 [ERROR  ]  Sécurité débit — 3 relances sans succès → arrêt forcé
2026-06-27 04:01:57 [ERROR  ]  PRG5 — sécurité débit → arrêt
2026-06-27 04:01:57 [INFO   ]  PRG5 — arrêt
2026-06-27 04:02:02 [INFO   ]  VIC → 50 pas
2026-06-27 04:02:02 [INFO   ]  PRG5 — Volume total utilisé : 1124.08 L
2026-06-27 04:02:02 [INFO   ]  PRG5 — arrêté  durée 07:22  volume 1124.08 L
2026-06-27 04:02:13 [INFO   ]  PRG5 sélectionné — DESEMBOUAGE
2026-06-27 04:02:13 [INFO   ]  PRG5 — mise en place vannes + démarrage
2026-06-27 04:02:13 [INFO   ]  PRG5 — démarrage
2026-06-27 04:02:13 [INFO   ]  VIC mini-homing — ancrage DEPART (106 pas overcourse)
2026-06-27 04:02:24 [INFO   ]  VIC mini-homing — butée DEPART atteinte, compteur recalé à 0
2026-06-27 04:02:24 [INFO   ]  PRG5 — RUNNING
2026-06-27 04:02:34 [INFO   ]  Debit instantane : 33.2 L/min
2026-06-27 04:02:44 [INFO   ]  Debit instantane : 5.5 L/min
2026-06-27 04:02:54 [INFO   ]  Debit instantane : 0.0 L/min
2026-06-27 04:03:01 [WARNING]  PRG5 — Débit insuffisant depuis 30s (22.1 L/min < 80.0 L/min)
2026-06-27 04:03:01 [WARNING]  Sécurité débit — procédure relance (3 tentatives, pause=5s)
2026-06-27 04:03:01 [WARNING]  Sécurité débit — relance pompe 1/3
2026-06-27 04:03:11 [WARNING]  Sécurité débit — relance pompe 2/3
2026-06-27 04:03:21 [WARNING]  Sécurité débit — relance pompe 3/3
2026-06-27 04:03:32 [ERROR  ]  Sécurité débit — 3 relances sans succès → arrêt forcé
2026-06-27 04:03:32 [ERROR  ]  PRG5 — sécurité débit → arrêt
2026-06-27 04:03:32 [INFO   ]  PRG5 — arrêt
2026-06-27 04:03:37 [INFO   ]  VIC → 50 pas
2026-06-27 04:03:37 [INFO   ]  PRG5 — Volume total utilisé : 13.65 L
2026-06-27 04:03:37 [INFO   ]  PRG5 — arrêté  durée 01:08  volume 13.65 L
2026-06-27 04:03:59 [INFO   ]  PRG5 sélectionné — DESEMBOUAGE
2026-06-27 04:03:59 [INFO   ]  PRG5 — mise en place vannes + démarrage
2026-06-27 04:03:59 [INFO   ]  PRG5 — démarrage
2026-06-27 04:03:59 [INFO   ]  VIC mini-homing — ancrage DEPART (106 pas overcourse)
2026-06-27 04:04:09 [INFO   ]  VIC mini-homing — butée DEPART atteinte, compteur recalé à 0
2026-06-27 04:04:09 [INFO   ]  PRG5 — RUNNING
2026-06-27 04:04:20 [INFO   ]  Debit instantane : 160.5 L/min
2026-06-27 04:04:30 [INFO   ]  Debit instantane : 110.7 L/min
2026-06-27 04:04:40 [INFO   ]  Debit instantane : 0.0 L/min
2026-06-27 04:04:50 [INFO   ]  Debit instantane : 5.5 L/min
2026-06-27 04:05:00 [INFO   ]  Debit instantane : 0.0 L/min
2026-06-27 04:05:04 [WARNING]  PRG5 — Débit insuffisant depuis 30s (0.0 L/min < 80.0 L/min)
2026-06-27 04:05:04 [WARNING]  Sécurité débit — procédure relance (3 tentatives, pause=5s)
2026-06-27 04:05:04 [WARNING]  Sécurité débit — relance pompe 1/3
2026-06-27 04:05:14 [WARNING]  Sécurité débit — relance pompe 2/3
2026-06-27 04:05:25 [WARNING]  Sécurité débit — relance pompe 3/3
2026-06-27 04:05:35 [ERROR  ]  Sécurité débit — 3 relances sans succès → arrêt forcé
2026-06-27 04:05:35 [ERROR  ]  PRG5 — sécurité débit → arrêt
2026-06-27 04:05:35 [INFO   ]  PRG5 — arrêt
2026-06-27 04:05:40 [INFO   ]  VIC → 50 pas
2026-06-27 04:05:40 [INFO   ]  PRG5 — Volume total utilisé : 64.94 L
2026-06-27 04:05:40 [INFO   ]  PRG5 — arrêté  durée 01:25  volume 64.94 L
2026-06-27 04:05:46 [INFO   ]  PRG5 sélectionné — DESEMBOUAGE
2026-06-27 04:05:47 [INFO   ]  PRG5 — mise en place vannes + démarrage
2026-06-27 04:05:47 [INFO   ]  PRG5 — démarrage
2026-06-27 04:05:47 [INFO   ]  VIC mini-homing — ancrage DEPART (106 pas overcourse)
2026-06-27 04:05:57 [INFO   ]  VIC mini-homing — butée DEPART atteinte, compteur recalé à 0
2026-06-27 04:05:57 [INFO   ]  PRG5 — RUNNING
2026-06-27 04:06:08 [INFO   ]  Debit instantane : 49.8 L/min
2026-06-27 04:06:18 [INFO   ]  Debit instantane : 5.5 L/min
2026-06-27 04:06:28 [INFO   ]  Debit instantane : 5.5 L/min
2026-06-27 04:06:35 [WARNING]  PRG5 — Débit insuffisant depuis 30s (0.0 L/min < 80.0 L/min)
2026-06-27 04:06:35 [WARNING]  Sécurité débit — procédure relance (3 tentatives, pause=5s)
2026-06-27 04:06:36 [WARNING]  Sécurité débit — relance pompe 1/3
2026-06-27 04:06:46 [WARNING]  Sécurité débit — relance pompe 2/3
2026-06-27 04:06:56 [WARNING]  Sécurité débit — relance pompe 3/3
2026-06-27 04:07:06 [ERROR  ]  Sécurité débit — 3 relances sans succès → arrêt forcé
2026-06-27 04:07:07 [ERROR  ]  PRG5 — sécurité débit → arrêt
2026-06-27 04:07:07 [INFO   ]  PRG5 — arrêt
2026-06-27 04:07:12 [INFO   ]  VIC → 50 pas
2026-06-27 04:07:12 [INFO   ]  PRG5 — Volume total utilisé : 14.76 L
2026-06-27 04:07:12 [INFO   ]  PRG5 — arrêté  durée 01:09  volume 14.76 L
2026-06-27 04:07:18 [INFO   ]  PRG5 sélectionné — DESEMBOUAGE
2026-06-27 04:07:19 [INFO   ]  PRG5 — mise en place vannes + démarrage
2026-06-27 04:07:19 [INFO   ]  PRG5 — démarrage
2026-06-27 04:07:19 [INFO   ]  VIC mini-homing — ancrage DEPART (106 pas overcourse)
2026-06-27 04:07:29 [INFO   ]  VIC mini-homing — butée DEPART atteinte, compteur recalé à 0
2026-06-27 04:07:29 [INFO   ]  PRG5 — RUNNING
2026-06-27 04:07:40 [INFO   ]  Debit instantane : 5.5 L/min
2026-06-27 04:07:50 [INFO   ]  Debit instantane : 11.1 L/min
2026-06-27 04:08:00 [INFO   ]  Debit instantane : 11.1 L/min
2026-06-27 04:08:00 [WARNING]  PRG5 — Débit insuffisant depuis 30s (11.1 L/min < 80.0 L/min)
2026-06-27 04:08:00 [WARNING]  Sécurité débit — procédure relance (3 tentatives, pause=5s)
2026-06-27 04:08:00 [WARNING]  Sécurité débit — relance pompe 1/3
2026-06-27 04:08:11 [WARNING]  Sécurité débit — relance pompe 2/3
2026-06-27 04:08:21 [WARNING]  Sécurité débit — relance pompe 3/3
2026-06-27 04:08:31 [ERROR  ]  Sécurité débit — 3 relances sans succès → arrêt forcé
2026-06-27 04:08:31 [ERROR  ]  PRG5 — sécurité débit → arrêt
2026-06-27 04:08:31 [INFO   ]  PRG5 — arrêt
2026-06-27 04:08:36 [INFO   ]  VIC → 50 pas
2026-06-27 04:08:36 [INFO   ]  PRG5 — Volume total utilisé : 7.38 L
2026-06-27 04:08:37 [INFO   ]  PRG5 — arrêté  durée 01:01  volume 7.38 L
